{"/Users/je10617/Desktop/express-authenticate/server.js":{"path":"/Users/je10617/Desktop/express-authenticate/server.js","statementMap":{"0":{"start":{"line":7,"column":0},"end":{"line":7,"column":51}},"1":{"start":{"line":10,"column":16},"end":{"line":10,"column":34}},"2":{"start":{"line":11,"column":20},"end":{"line":11,"column":42}},"3":{"start":{"line":12,"column":10},"end":{"line":12,"column":19}},"4":{"start":{"line":13,"column":20},"end":{"line":13,"column":51}},"5":{"start":{"line":14,"column":13},"end":{"line":14,"column":51}},"6":{"start":{"line":16,"column":18},"end":{"line":16,"column":40}},"7":{"start":{"line":21,"column":21},"end":{"line":21,"column":54}},"8":{"start":{"line":26,"column":11},"end":{"line":26,"column":35}},"9":{"start":{"line":30,"column":31},"end":{"line":30,"column":69}},"10":{"start":{"line":33,"column":20},"end":{"line":33,"column":52}},"11":{"start":{"line":40,"column":0},"end":{"line":40,"column":23}},"12":{"start":{"line":42,"column":0},"end":{"line":48,"column":3}},"13":{"start":{"line":43,"column":2},"end":{"line":43,"column":48}},"14":{"start":{"line":44,"column":2},"end":{"line":44,"column":110}},"15":{"start":{"line":45,"column":2},"end":{"line":45,"column":87}},"16":{"start":{"line":47,"column":2},"end":{"line":47,"column":9}},"17":{"start":{"line":51,"column":0},"end":{"line":55,"column":2}},"18":{"start":{"line":58,"column":0},"end":{"line":58,"column":44}},"19":{"start":{"line":64,"column":19},"end":{"line":64,"column":20}},"20":{"start":{"line":66,"column":0},"end":{"line":70,"column":1}},"21":{"start":{"line":67,"column":2},"end":{"line":69,"column":6}},"22":{"start":{"line":74,"column":0},"end":{"line":74,"column":70}},"23":{"start":{"line":75,"column":0},"end":{"line":75,"column":71}},"24":{"start":{"line":80,"column":0},"end":{"line":82,"column":3}},"25":{"start":{"line":81,"column":2},"end":{"line":81,"column":25}},"26":{"start":{"line":87,"column":0},"end":{"line":90,"column":1}},"27":{"start":{"line":88,"column":2},"end":{"line":88,"column":19}},"28":{"start":{"line":92,"column":0},"end":{"line":96,"column":1}},"29":{"start":{"line":93,"column":2},"end":{"line":93,"column":21}},"30":{"start":{"line":95,"column":2},"end":{"line":95,"column":33}}},"fnMap":{"0":{"name":"(anonymous_0)","decl":{"start":{"line":42,"column":8},"end":{"line":42,"column":9}},"loc":{"start":{"line":42,"column":33},"end":{"line":48,"column":1}},"line":42},"1":{"name":"(anonymous_1)","decl":{"start":{"line":80,"column":8},"end":{"line":80,"column":9}},"loc":{"start":{"line":80,"column":27},"end":{"line":82,"column":1}},"line":80}},"branchMap":{"0":{"loc":{"start":{"line":7,"column":21},"end":{"line":7,"column":50}},"type":"binary-expr","locations":[{"start":{"line":7,"column":21},"end":{"line":7,"column":41}},{"start":{"line":7,"column":45},"end":{"line":7,"column":50}}],"line":7},"1":{"loc":{"start":{"line":14,"column":13},"end":{"line":14,"column":51}},"type":"binary-expr","locations":[{"start":{"line":14,"column":13},"end":{"line":14,"column":29}},{"start":{"line":14,"column":33},"end":{"line":14,"column":51}}],"line":14},"2":{"loc":{"start":{"line":87,"column":0},"end":{"line":90,"column":1}},"type":"if","locations":[{"start":{"line":87,"column":0},"end":{"line":90,"column":1}},{"start":{"line":87,"column":0},"end":{"line":90,"column":1}}],"line":87},"3":{"loc":{"start":{"line":92,"column":0},"end":{"line":96,"column":1}},"type":"if","locations":[{"start":{"line":92,"column":0},"end":{"line":96,"column":1}},{"start":{"line":92,"column":0},"end":{"line":96,"column":1}}],"line":92}},"s":{"0":1,"1":1,"2":1,"3":1,"4":1,"5":1,"6":1,"7":1,"8":1,"9":1,"10":1,"11":1,"12":1,"13":0,"14":0,"15":0,"16":0,"17":1,"18":1,"19":1,"20":1,"21":10,"22":1,"23":1,"24":1,"25":0,"26":1,"27":0,"28":1,"29":1,"30":0},"f":{"0":0,"1":0},"b":{"0":[1,0],"1":[1,1],"2":[0,1],"3":[1,0]},"_coverageSchema":"332fd63041d2c1bcb487cc26dd0d5f7d97098a6c","hash":"58d429e182e6697d37486adba2dc95d0b1cf082d","contentHash":"e12f4b3abb2b4c928b1bdabbd2cfd858_10.2.0"},"/Users/je10617/Desktop/express-authenticate/authentication/index.js":{"path":"/Users/je10617/Desktop/express-authenticate/authentication/index.js","statementMap":{"0":{"start":{"line":4,"column":14},"end":{"line":4,"column":32}},"1":{"start":{"line":6,"column":24},"end":{"line":6,"column":50}},"2":{"start":{"line":11,"column":28},"end":{"line":11,"column":44}},"3":{"start":{"line":20,"column":0},"end":{"line":20,"column":65}},"4":{"start":{"line":22,"column":0},"end":{"line":22,"column":35}}},"fnMap":{},"branchMap":{},"s":{"0":1,"1":1,"2":1,"3":1,"4":1},"f":{},"b":{},"_coverageSchema":"332fd63041d2c1bcb487cc26dd0d5f7d97098a6c","hash":"3f3402f45aca0c70306f3b9da4952643c966c43f","contentHash":"906a9b86ab4b283e61d715a751862308_10.2.0"},"/Users/je10617/Desktop/express-authenticate/authentication/coreFunctions.js":{"path":"/Users/je10617/Desktop/express-authenticate/authentication/coreFunctions.js","statementMap":{"0":{"start":{"line":6,"column":25},"end":{"line":6,"column":59}},"1":{"start":{"line":9,"column":0},"end":{"line":18,"column":2}},"2":{"start":{"line":10,"column":13},"end":{"line":10,"column":37}},"3":{"start":{"line":11,"column":2},"end":{"line":16,"column":5}},"4":{"start":{"line":12,"column":4},"end":{"line":12,"column":16}},"5":{"start":{"line":13,"column":4},"end":{"line":13,"column":19}},"6":{"start":{"line":15,"column":4},"end":{"line":15,"column":20}}},"fnMap":{"0":{"name":"(anonymous_0)","decl":{"start":{"line":9,"column":19},"end":{"line":9,"column":20}},"loc":{"start":{"line":9,"column":36},"end":{"line":18,"column":1}},"line":9},"1":{"name":"(anonymous_1)","decl":{"start":{"line":11,"column":30},"end":{"line":11,"column":31}},"loc":{"start":{"line":11,"column":38},"end":{"line":14,"column":3}},"line":11},"2":{"name":"(anonymous_2)","decl":{"start":{"line":14,"column":11},"end":{"line":14,"column":12}},"loc":{"start":{"line":14,"column":20},"end":{"line":16,"column":3}},"line":14}},"branchMap":{},"s":{"0":1,"1":1,"2":0,"3":0,"4":0,"5":0,"6":0},"f":{"0":0,"1":0,"2":0},"b":{},"_coverageSchema":"332fd63041d2c1bcb487cc26dd0d5f7d97098a6c","hash":"11df25006b0d6bc93a4cc28d848896f361069928","contentHash":"2df9e1f04db5264e35b1ca338d4dd4cc_10.2.0"},"/Users/je10617/Desktop/express-authenticate/microservices/client.js":{"path":"/Users/je10617/Desktop/express-authenticate/microservices/client.js","statementMap":{"0":{"start":{"line":1,"column":13},"end":{"line":1,"column":30}},"1":{"start":{"line":2,"column":19},"end":{"line":2,"column":43}},"2":{"start":{"line":7,"column":4},"end":{"line":7,"column":72}},"3":{"start":{"line":8,"column":4},"end":{"line":8,"column":77}},"4":{"start":{"line":9,"column":4},"end":{"line":9,"column":66}},"5":{"start":{"line":10,"column":4},"end":{"line":10,"column":72}},"6":{"start":{"line":15,"column":16},"end":{"line":15,"column":20}},"7":{"start":{"line":16,"column":4},"end":{"line":21,"column":7}},"8":{"start":{"line":17,"column":6},"end":{"line":20,"column":9}},"9":{"start":{"line":18,"column":8},"end":{"line":18,"column":32}},"10":{"start":{"line":18,"column":18},"end":{"line":18,"column":32}},"11":{"start":{"line":19,"column":8},"end":{"line":19,"column":31}},"12":{"start":{"line":25,"column":16},"end":{"line":25,"column":20}},"13":{"start":{"line":26,"column":4},"end":{"line":31,"column":7}},"14":{"start":{"line":27,"column":6},"end":{"line":30,"column":9}},"15":{"start":{"line":28,"column":8},"end":{"line":28,"column":32}},"16":{"start":{"line":28,"column":18},"end":{"line":28,"column":32}},"17":{"start":{"line":29,"column":8},"end":{"line":29,"column":31}},"18":{"start":{"line":36,"column":16},"end":{"line":36,"column":20}},"19":{"start":{"line":37,"column":4},"end":{"line":42,"column":7}},"20":{"start":{"line":38,"column":6},"end":{"line":41,"column":9}},"21":{"start":{"line":39,"column":8},"end":{"line":39,"column":32}},"22":{"start":{"line":39,"column":18},"end":{"line":39,"column":32}},"23":{"start":{"line":40,"column":8},"end":{"line":40,"column":31}},"24":{"start":{"line":47,"column":16},"end":{"line":47,"column":20}},"25":{"start":{"line":48,"column":4},"end":{"line":54,"column":7}},"26":{"start":{"line":49,"column":6},"end":{"line":53,"column":9}},"27":{"start":{"line":51,"column":8},"end":{"line":51,"column":32}},"28":{"start":{"line":51,"column":18},"end":{"line":51,"column":32}},"29":{"start":{"line":52,"column":8},"end":{"line":52,"column":31}},"30":{"start":{"line":59,"column":16},"end":{"line":59,"column":20}},"31":{"start":{"line":60,"column":4},"end":{"line":65,"column":7}},"32":{"start":{"line":61,"column":6},"end":{"line":64,"column":9}},"33":{"start":{"line":62,"column":8},"end":{"line":62,"column":32}},"34":{"start":{"line":62,"column":18},"end":{"line":62,"column":32}},"35":{"start":{"line":63,"column":8},"end":{"line":63,"column":31}},"36":{"start":{"line":71,"column":0},"end":{"line":71,"column":34}}},"fnMap":{"0":{"name":"(anonymous_0)","decl":{"start":{"line":6,"column":2},"end":{"line":6,"column":3}},"loc":{"start":{"line":6,"column":15},"end":{"line":11,"column":3}},"line":6},"1":{"name":"(anonymous_1)","decl":{"start":{"line":14,"column":2},"end":{"line":14,"column":3}},"loc":{"start":{"line":14,"column":18},"end":{"line":22,"column":3}},"line":14},"2":{"name":"(anonymous_2)","decl":{"start":{"line":16,"column":23},"end":{"line":16,"column":24}},"loc":{"start":{"line":16,"column":43},"end":{"line":21,"column":5}},"line":16},"3":{"name":"(anonymous_3)","decl":{"start":{"line":17,"column":71},"end":{"line":17,"column":72}},"loc":{"start":{"line":17,"column":87},"end":{"line":20,"column":7}},"line":17},"4":{"name":"(anonymous_4)","decl":{"start":{"line":24,"column":2},"end":{"line":24,"column":3}},"loc":{"start":{"line":24,"column":29},"end":{"line":32,"column":3}},"line":24},"5":{"name":"(anonymous_5)","decl":{"start":{"line":26,"column":23},"end":{"line":26,"column":24}},"loc":{"start":{"line":26,"column":43},"end":{"line":31,"column":5}},"line":26},"6":{"name":"(anonymous_6)","decl":{"start":{"line":27,"column":81},"end":{"line":27,"column":82}},"loc":{"start":{"line":27,"column":97},"end":{"line":30,"column":7}},"line":27},"7":{"name":"(anonymous_7)","decl":{"start":{"line":35,"column":2},"end":{"line":35,"column":3}},"loc":{"start":{"line":35,"column":20},"end":{"line":43,"column":3}},"line":35},"8":{"name":"(anonymous_8)","decl":{"start":{"line":37,"column":23},"end":{"line":37,"column":24}},"loc":{"start":{"line":37,"column":43},"end":{"line":42,"column":5}},"line":37},"9":{"name":"(anonymous_9)","decl":{"start":{"line":38,"column":81},"end":{"line":38,"column":82}},"loc":{"start":{"line":38,"column":97},"end":{"line":41,"column":7}},"line":38},"10":{"name":"(anonymous_10)","decl":{"start":{"line":46,"column":2},"end":{"line":46,"column":3}},"loc":{"start":{"line":46,"column":34},"end":{"line":55,"column":3}},"line":46},"11":{"name":"(anonymous_11)","decl":{"start":{"line":48,"column":23},"end":{"line":48,"column":24}},"loc":{"start":{"line":48,"column":43},"end":{"line":54,"column":5}},"line":48},"12":{"name":"(anonymous_12)","decl":{"start":{"line":50,"column":43},"end":{"line":50,"column":44}},"loc":{"start":{"line":50,"column":59},"end":{"line":53,"column":7}},"line":50},"13":{"name":"(anonymous_13)","decl":{"start":{"line":58,"column":2},"end":{"line":58,"column":3}},"loc":{"start":{"line":58,"column":19},"end":{"line":66,"column":3}},"line":58},"14":{"name":"(anonymous_14)","decl":{"start":{"line":60,"column":23},"end":{"line":60,"column":24}},"loc":{"start":{"line":60,"column":43},"end":{"line":65,"column":5}},"line":60},"15":{"name":"(anonymous_15)","decl":{"start":{"line":61,"column":70},"end":{"line":61,"column":71}},"loc":{"start":{"line":61,"column":86},"end":{"line":64,"column":7}},"line":61}},"branchMap":{"0":{"loc":{"start":{"line":18,"column":8},"end":{"line":18,"column":32}},"type":"if","locations":[{"start":{"line":18,"column":8},"end":{"line":18,"column":32}},{"start":{"line":18,"column":8},"end":{"line":18,"column":32}}],"line":18},"1":{"loc":{"start":{"line":24,"column":13},"end":{"line":24,"column":21}},"type":"default-arg","locations":[{"start":{"line":24,"column":19},"end":{"line":24,"column":21}}],"line":24},"2":{"loc":{"start":{"line":24,"column":22},"end":{"line":24,"column":28}},"type":"default-arg","locations":[{"start":{"line":24,"column":26},"end":{"line":24,"column":28}}],"line":24},"3":{"loc":{"start":{"line":28,"column":8},"end":{"line":28,"column":32}},"type":"if","locations":[{"start":{"line":28,"column":8},"end":{"line":28,"column":32}},{"start":{"line":28,"column":8},"end":{"line":28,"column":32}}],"line":28},"4":{"loc":{"start":{"line":39,"column":8},"end":{"line":39,"column":32}},"type":"if","locations":[{"start":{"line":39,"column":8},"end":{"line":39,"column":32}},{"start":{"line":39,"column":8},"end":{"line":39,"column":32}}],"line":39},"5":{"loc":{"start":{"line":51,"column":8},"end":{"line":51,"column":32}},"type":"if","locations":[{"start":{"line":51,"column":8},"end":{"line":51,"column":32}},{"start":{"line":51,"column":8},"end":{"line":51,"column":32}}],"line":51},"6":{"loc":{"start":{"line":62,"column":8},"end":{"line":62,"column":32}},"type":"if","locations":[{"start":{"line":62,"column":8},"end":{"line":62,"column":32}},{"start":{"line":62,"column":8},"end":{"line":62,"column":32}}],"line":62}},"s":{"0":1,"1":1,"2":0,"3":0,"4":0,"5":0,"6":0,"7":0,"8":0,"9":0,"10":0,"11":0,"12":0,"13":0,"14":0,"15":0,"16":0,"17":0,"18":0,"19":0,"20":0,"21":0,"22":0,"23":0,"24":0,"25":0,"26":0,"27":0,"28":0,"29":0,"30":0,"31":0,"32":0,"33":0,"34":0,"35":0,"36":1},"f":{"0":0,"1":0,"2":0,"3":0,"4":0,"5":0,"6":0,"7":0,"8":0,"9":0,"10":0,"11":0,"12":0,"13":0,"14":0,"15":0},"b":{"0":[0,0],"1":[0],"2":[0],"3":[0,0],"4":[0,0],"5":[0,0],"6":[0,0]},"_coverageSchema":"332fd63041d2c1bcb487cc26dd0d5f7d97098a6c","hash":"a28e759bc1178673d33a4b421504f5c7bf2e7024","contentHash":"3a5a0be3b037434b2e119a01eb9d4c37_10.2.0"},"/Users/je10617/Desktop/express-authenticate/users/index.js":{"path":"/Users/je10617/Desktop/express-authenticate/users/index.js","statementMap":{"0":{"start":{"line":1,"column":14},"end":{"line":1,"column":32}},"1":{"start":{"line":2,"column":13},"end":{"line":2,"column":29}},"2":{"start":{"line":3,"column":18},"end":{"line":3,"column":40}},"3":{"start":{"line":5,"column":13},"end":{"line":5,"column":40}},"4":{"start":{"line":6,"column":13},"end":{"line":6,"column":40}},"5":{"start":{"line":7,"column":10},"end":{"line":7,"column":34}},"6":{"start":{"line":10,"column":0},"end":{"line":10,"column":63}},"7":{"start":{"line":11,"column":0},"end":{"line":11,"column":29}},"8":{"start":{"line":12,"column":0},"end":{"line":12,"column":57}},"9":{"start":{"line":15,"column":0},"end":{"line":15,"column":22}}},"fnMap":{},"branchMap":{},"s":{"0":1,"1":1,"2":1,"3":1,"4":1,"5":1,"6":1,"7":1,"8":1,"9":1},"f":{},"b":{},"_coverageSchema":"332fd63041d2c1bcb487cc26dd0d5f7d97098a6c","hash":"7eef820b0dad8db69d738b6b202bafe9b7c88627","contentHash":"bd2b4c829bb7c2ae63470b7719a46de5_10.2.0"},"/Users/je10617/Desktop/express-authenticate/users/_common/modify.js":{"path":"/Users/je10617/Desktop/express-authenticate/users/_common/modify.js","statementMap":{"0":{"start":{"line":2,"column":14},"end":{"line":2,"column":32}},"1":{"start":{"line":3,"column":13},"end":{"line":3,"column":29}},"2":{"start":{"line":5,"column":11},"end":{"line":5,"column":39}},"3":{"start":{"line":6,"column":15},"end":{"line":6,"column":47}},"4":{"start":{"line":10,"column":0},"end":{"line":35,"column":3}},"5":{"start":{"line":12,"column":17},"end":{"line":33,"column":4}},"6":{"start":{"line":13,"column":20},"end":{"line":13,"column":66}},"7":{"start":{"line":14,"column":4},"end":{"line":30,"column":7}},"8":{"start":{"line":15,"column":15},"end":{"line":15,"column":22}},"9":{"start":{"line":16,"column":6},"end":{"line":26,"column":9}},"10":{"start":{"line":17,"column":8},"end":{"line":17,"column":24}},"11":{"start":{"line":18,"column":8},"end":{"line":18,"column":25}},"12":{"start":{"line":19,"column":8},"end":{"line":19,"column":32}},"13":{"start":{"line":22,"column":8},"end":{"line":22,"column":24}},"14":{"start":{"line":23,"column":8},"end":{"line":23,"column":25}},"15":{"start":{"line":24,"column":8},"end":{"line":24,"column":18}},"16":{"start":{"line":25,"column":8},"end":{"line":25,"column":30}},"17":{"start":{"line":29,"column":6},"end":{"line":29,"column":28}},"18":{"start":{"line":32,"column":4},"end":{"line":32,"column":26}},"19":{"start":{"line":38,"column":0},"end":{"line":59,"column":3}},"20":{"start":{"line":41,"column":18},"end":{"line":41,"column":51}},"21":{"start":{"line":42,"column":2},"end":{"line":57,"column":5}},"22":{"start":{"line":43,"column":13},"end":{"line":43,"column":20}},"23":{"start":{"line":44,"column":4},"end":{"line":53,"column":7}},"24":{"start":{"line":45,"column":6},"end":{"line":45,"column":23}},"25":{"start":{"line":46,"column":6},"end":{"line":46,"column":46}},"26":{"start":{"line":47,"column":6},"end":{"line":47,"column":30}},"27":{"start":{"line":50,"column":6},"end":{"line":50,"column":23}},"28":{"start":{"line":51,"column":6},"end":{"line":51,"column":16}},"29":{"start":{"line":52,"column":6},"end":{"line":52,"column":28}},"30":{"start":{"line":56,"column":4},"end":{"line":56,"column":26}},"31":{"start":{"line":63,"column":0},"end":{"line":83,"column":3}},"32":{"start":{"line":65,"column":18},"end":{"line":65,"column":51}},"33":{"start":{"line":66,"column":2},"end":{"line":81,"column":5}},"34":{"start":{"line":67,"column":13},"end":{"line":67,"column":20}},"35":{"start":{"line":68,"column":4},"end":{"line":77,"column":7}},"36":{"start":{"line":69,"column":6},"end":{"line":69,"column":23}},"37":{"start":{"line":70,"column":6},"end":{"line":70,"column":46}},"38":{"start":{"line":71,"column":6},"end":{"line":71,"column":30}},"39":{"start":{"line":74,"column":6},"end":{"line":74,"column":23}},"40":{"start":{"line":75,"column":6},"end":{"line":75,"column":46}},"41":{"start":{"line":76,"column":6},"end":{"line":76,"column":28}},"42":{"start":{"line":80,"column":4},"end":{"line":80,"column":26}},"43":{"start":{"line":86,"column":0},"end":{"line":100,"column":3}},"44":{"start":{"line":87,"column":18},"end":{"line":87,"column":54}},"45":{"start":{"line":88,"column":2},"end":{"line":98,"column":5}},"46":{"start":{"line":89,"column":13},"end":{"line":89,"column":20}},"47":{"start":{"line":90,"column":4},"end":{"line":93,"column":7}},"48":{"start":{"line":91,"column":6},"end":{"line":91,"column":23}},"49":{"start":{"line":92,"column":6},"end":{"line":92,"column":30}},"50":{"start":{"line":96,"column":4},"end":{"line":96,"column":21}},"51":{"start":{"line":97,"column":4},"end":{"line":97,"column":26}},"52":{"start":{"line":106,"column":0},"end":{"line":106,"column":22}}},"fnMap":{"0":{"name":"(anonymous_0)","decl":{"start":{"line":10,"column":22},"end":{"line":10,"column":23}},"loc":{"start":{"line":10,"column":33},"end":{"line":35,"column":1}},"line":10},"1":{"name":"(anonymous_1)","decl":{"start":{"line":12,"column":30},"end":{"line":12,"column":31}},"loc":{"start":{"line":12,"column":34},"end":{"line":31,"column":3}},"line":12},"2":{"name":"(anonymous_2)","decl":{"start":{"line":14,"column":35},"end":{"line":14,"column":36}},"loc":{"start":{"line":14,"column":46},"end":{"line":27,"column":5}},"line":14},"3":{"name":"(anonymous_3)","decl":{"start":{"line":16,"column":50},"end":{"line":16,"column":51}},"loc":{"start":{"line":16,"column":54},"end":{"line":20,"column":7}},"line":16},"4":{"name":"(anonymous_4)","decl":{"start":{"line":21,"column":13},"end":{"line":21,"column":14}},"loc":{"start":{"line":21,"column":20},"end":{"line":26,"column":7}},"line":21},"5":{"name":"(anonymous_5)","decl":{"start":{"line":28,"column":11},"end":{"line":28,"column":12}},"loc":{"start":{"line":28,"column":18},"end":{"line":30,"column":5}},"line":28},"6":{"name":"(anonymous_6)","decl":{"start":{"line":31,"column":4},"end":{"line":31,"column":5}},"loc":{"start":{"line":31,"column":17},"end":{"line":33,"column":3}},"line":31},"7":{"name":"(anonymous_7)","decl":{"start":{"line":38,"column":29},"end":{"line":38,"column":30}},"loc":{"start":{"line":38,"column":40},"end":{"line":59,"column":1}},"line":38},"8":{"name":"(anonymous_8)","decl":{"start":{"line":42,"column":33},"end":{"line":42,"column":34}},"loc":{"start":{"line":42,"column":44},"end":{"line":54,"column":3}},"line":42},"9":{"name":"(anonymous_9)","decl":{"start":{"line":44,"column":45},"end":{"line":44,"column":46}},"loc":{"start":{"line":44,"column":49},"end":{"line":48,"column":5}},"line":44},"10":{"name":"(anonymous_10)","decl":{"start":{"line":49,"column":11},"end":{"line":49,"column":12}},"loc":{"start":{"line":49,"column":18},"end":{"line":53,"column":5}},"line":49},"11":{"name":"(anonymous_11)","decl":{"start":{"line":55,"column":9},"end":{"line":55,"column":10}},"loc":{"start":{"line":55,"column":16},"end":{"line":57,"column":3}},"line":55},"12":{"name":"(anonymous_12)","decl":{"start":{"line":63,"column":31},"end":{"line":63,"column":32}},"loc":{"start":{"line":63,"column":42},"end":{"line":83,"column":1}},"line":63},"13":{"name":"(anonymous_13)","decl":{"start":{"line":66,"column":33},"end":{"line":66,"column":34}},"loc":{"start":{"line":66,"column":44},"end":{"line":78,"column":3}},"line":66},"14":{"name":"(anonymous_14)","decl":{"start":{"line":68,"column":40},"end":{"line":68,"column":41}},"loc":{"start":{"line":68,"column":44},"end":{"line":72,"column":5}},"line":68},"15":{"name":"(anonymous_15)","decl":{"start":{"line":73,"column":11},"end":{"line":73,"column":12}},"loc":{"start":{"line":73,"column":18},"end":{"line":77,"column":5}},"line":73},"16":{"name":"(anonymous_16)","decl":{"start":{"line":79,"column":9},"end":{"line":79,"column":10}},"loc":{"start":{"line":79,"column":16},"end":{"line":81,"column":3}},"line":79},"17":{"name":"(anonymous_17)","decl":{"start":{"line":86,"column":22},"end":{"line":86,"column":23}},"loc":{"start":{"line":86,"column":33},"end":{"line":100,"column":1}},"line":86},"18":{"name":"(anonymous_18)","decl":{"start":{"line":88,"column":33},"end":{"line":88,"column":34}},"loc":{"start":{"line":88,"column":44},"end":{"line":94,"column":3}},"line":88},"19":{"name":"(anonymous_19)","decl":{"start":{"line":90,"column":60},"end":{"line":90,"column":61}},"loc":{"start":{"line":90,"column":64},"end":{"line":93,"column":5}},"line":90},"20":{"name":"(anonymous_20)","decl":{"start":{"line":95,"column":9},"end":{"line":95,"column":10}},"loc":{"start":{"line":95,"column":16},"end":{"line":98,"column":3}},"line":95}},"branchMap":{},"s":{"0":1,"1":1,"2":1,"3":1,"4":1,"5":0,"6":0,"7":0,"8":0,"9":0,"10":0,"11":0,"12":0,"13":0,"14":0,"15":0,"16":0,"17":0,"18":0,"19":1,"20":0,"21":0,"22":0,"23":0,"24":0,"25":0,"26":0,"27":0,"28":0,"29":0,"30":0,"31":1,"32":0,"33":0,"34":0,"35":0,"36":0,"37":0,"38":0,"39":0,"40":0,"41":0,"42":0,"43":1,"44":0,"45":0,"46":0,"47":0,"48":0,"49":0,"50":0,"51":0,"52":1},"f":{"0":0,"1":0,"2":0,"3":0,"4":0,"5":0,"6":0,"7":0,"8":0,"9":0,"10":0,"11":0,"12":0,"13":0,"14":0,"15":0,"16":0,"17":0,"18":0,"19":0,"20":0},"b":{},"_coverageSchema":"332fd63041d2c1bcb487cc26dd0d5f7d97098a6c","hash":"efabd8848ca4b518dc161c7acfa514a13288b2ec","contentHash":"fe34a5f4e2a915573973c66ea3f62eff_10.2.0"},"/Users/je10617/Desktop/express-authenticate/files/_form.js":{"path":"/Users/je10617/Desktop/express-authenticate/files/_form.js","statementMap":{"0":{"start":{"line":1,"column":17},"end":{"line":1,"column":38}},"1":{"start":{"line":6,"column":4},"end":{"line":6,"column":45}},"2":{"start":{"line":7,"column":4},"end":{"line":7,"column":20}},"3":{"start":{"line":12,"column":4},"end":{"line":16,"column":7}},"4":{"start":{"line":13,"column":8},"end":{"line":15,"column":9}},"5":{"start":{"line":14,"column":10},"end":{"line":14,"column":34}},"6":{"start":{"line":19,"column":4},"end":{"line":22,"column":7}},"7":{"start":{"line":20,"column":6},"end":{"line":20,"column":40}},"8":{"start":{"line":21,"column":6},"end":{"line":21,"column":24}},"9":{"start":{"line":27,"column":4},"end":{"line":31,"column":7}},"10":{"start":{"line":28,"column":6},"end":{"line":28,"column":48}},"11":{"start":{"line":29,"column":6},"end":{"line":29,"column":19}},"12":{"start":{"line":30,"column":6},"end":{"line":30,"column":27}},"13":{"start":{"line":35,"column":4},"end":{"line":37,"column":7}},"14":{"start":{"line":36,"column":6},"end":{"line":36,"column":31}},"15":{"start":{"line":41,"column":4},"end":{"line":41,"column":36}},"16":{"start":{"line":47,"column":4},"end":{"line":47,"column":42}},"17":{"start":{"line":48,"column":4},"end":{"line":48,"column":26}},"18":{"start":{"line":49,"column":4},"end":{"line":49,"column":20}},"19":{"start":{"line":55,"column":0},"end":{"line":55,"column":20}}},"fnMap":{"0":{"name":"(anonymous_0)","decl":{"start":{"line":4,"column":2},"end":{"line":4,"column":3}},"loc":{"start":{"line":4,"column":54},"end":{"line":43,"column":3}},"line":4},"1":{"name":"(anonymous_1)","decl":{"start":{"line":12,"column":31},"end":{"line":12,"column":32}},"loc":{"start":{"line":12,"column":44},"end":{"line":16,"column":5}},"line":12},"2":{"name":"(anonymous_2)","decl":{"start":{"line":19,"column":34},"end":{"line":19,"column":35}},"loc":{"start":{"line":19,"column":38},"end":{"line":22,"column":5}},"line":19},"3":{"name":"(anonymous_3)","decl":{"start":{"line":27,"column":34},"end":{"line":27,"column":35}},"loc":{"start":{"line":27,"column":41},"end":{"line":31,"column":5}},"line":27},"4":{"name":"(anonymous_4)","decl":{"start":{"line":35,"column":32},"end":{"line":35,"column":33}},"loc":{"start":{"line":35,"column":46},"end":{"line":37,"column":5}},"line":35},"5":{"name":"(anonymous_5)","decl":{"start":{"line":46,"column":2},"end":{"line":46,"column":3}},"loc":{"start":{"line":46,"column":9},"end":{"line":50,"column":3}},"line":46}},"branchMap":{"0":{"loc":{"start":{"line":13,"column":8},"end":{"line":15,"column":9}},"type":"if","locations":[{"start":{"line":13,"column":8},"end":{"line":15,"column":9}},{"start":{"line":13,"column":8},"end":{"line":15,"column":9}}],"line":13}},"s":{"0":1,"1":0,"2":0,"3":0,"4":0,"5":0,"6":0,"7":0,"8":0,"9":0,"10":0,"11":0,"12":0,"13":0,"14":0,"15":0,"16":0,"17":0,"18":0,"19":1},"f":{"0":0,"1":0,"2":0,"3":0,"4":0,"5":0},"b":{"0":[0,0]},"_coverageSchema":"332fd63041d2c1bcb487cc26dd0d5f7d97098a6c","hash":"ec068b52dcce022f47f00b31c114826ea30e5f46","contentHash":"6c59a6a1bf44c9d28c807c2106002aae_10.2.0"},"/Users/je10617/Desktop/express-authenticate/users/profiles/_selector.js":{"path":"/Users/je10617/Desktop/express-authenticate/users/profiles/_selector.js","statementMap":{"0":{"start":{"line":1,"column":13},"end":{"line":1,"column":32}},"1":{"start":{"line":2,"column":13},"end":{"line":2,"column":32}},"2":{"start":{"line":3,"column":12},"end":{"line":3,"column":38}},"3":{"start":{"line":4,"column":13},"end":{"line":4,"column":32}},"4":{"start":{"line":5,"column":14},"end":{"line":5,"column":36}},"5":{"start":{"line":6,"column":11},"end":{"line":6,"column":37}},"6":{"start":{"line":12,"column":4},"end":{"line":12,"column":22}},"7":{"start":{"line":17,"column":16},"end":{"line":17,"column":20}},"8":{"start":{"line":19,"column":4},"end":{"line":31,"column":5}},"9":{"start":{"line":21,"column":8},"end":{"line":21,"column":45}},"10":{"start":{"line":23,"column":8},"end":{"line":23,"column":46}},"11":{"start":{"line":25,"column":8},"end":{"line":25,"column":46}},"12":{"start":{"line":27,"column":8},"end":{"line":27,"column":46}},"13":{"start":{"line":29,"column":8},"end":{"line":29,"column":47}},"14":{"start":{"line":35,"column":16},"end":{"line":35,"column":20}},"15":{"start":{"line":37,"column":4},"end":{"line":51,"column":7}},"16":{"start":{"line":39,"column":8},"end":{"line":41,"column":9}},"17":{"start":{"line":40,"column":10},"end":{"line":40,"column":48}},"18":{"start":{"line":42,"column":8},"end":{"line":48,"column":11}},"19":{"start":{"line":44,"column":10},"end":{"line":44,"column":50}},"20":{"start":{"line":47,"column":10},"end":{"line":47,"column":22}},"21":{"start":{"line":56,"column":0},"end":{"line":56,"column":24}}},"fnMap":{"0":{"name":"(anonymous_0)","decl":{"start":{"line":11,"column":2},"end":{"line":11,"column":3}},"loc":{"start":{"line":11,"column":25},"end":{"line":13,"column":3}},"line":11},"1":{"name":"(anonymous_1)","decl":{"start":{"line":15,"column":2},"end":{"line":15,"column":3}},"loc":{"start":{"line":15,"column":26},"end":{"line":32,"column":3}},"line":15},"2":{"name":"(anonymous_2)","decl":{"start":{"line":34,"column":2},"end":{"line":34,"column":3}},"loc":{"start":{"line":34,"column":15},"end":{"line":53,"column":3}},"line":34},"3":{"name":"(anonymous_3)","decl":{"start":{"line":37,"column":23},"end":{"line":37,"column":24}},"loc":{"start":{"line":37,"column":41},"end":{"line":51,"column":5}},"line":37},"4":{"name":"(anonymous_4)","decl":{"start":{"line":42,"column":38},"end":{"line":42,"column":39}},"loc":{"start":{"line":42,"column":46},"end":{"line":45,"column":9}},"line":42},"5":{"name":"(anonymous_5)","decl":{"start":{"line":46,"column":15},"end":{"line":46,"column":16}},"loc":{"start":{"line":46,"column":22},"end":{"line":48,"column":9}},"line":46}},"branchMap":{"0":{"loc":{"start":{"line":19,"column":4},"end":{"line":31,"column":5}},"type":"switch","locations":[{"start":{"line":20,"column":6},"end":{"line":21,"column":45}},{"start":{"line":22,"column":6},"end":{"line":23,"column":46}},{"start":{"line":24,"column":6},"end":{"line":25,"column":46}},{"start":{"line":26,"column":6},"end":{"line":27,"column":46}},{"start":{"line":28,"column":6},"end":{"line":29,"column":47}}],"line":19},"1":{"loc":{"start":{"line":39,"column":8},"end":{"line":41,"column":9}},"type":"if","locations":[{"start":{"line":39,"column":8},"end":{"line":41,"column":9}},{"start":{"line":39,"column":8},"end":{"line":41,"column":9}}],"line":39}},"s":{"0":1,"1":1,"2":1,"3":1,"4":1,"5":1,"6":0,"7":0,"8":0,"9":0,"10":0,"11":0,"12":0,"13":0,"14":0,"15":0,"16":0,"17":0,"18":0,"19":0,"20":0,"21":1},"f":{"0":0,"1":0,"2":0,"3":0,"4":0,"5":0},"b":{"0":[0,0,0,0,0],"1":[0,0]},"_coverageSchema":"332fd63041d2c1bcb487cc26dd0d5f7d97098a6c","hash":"71d74d6ba8deed3de4264530bdf519a416dd1d9c","contentHash":"966f310bee9d0152da590f6b79044156_10.2.0"},"/Users/je10617/Desktop/express-authenticate/users/profiles/intern.js":{"path":"/Users/je10617/Desktop/express-authenticate/users/profiles/intern.js","statementMap":{"0":{"start":{"line":4,"column":16},"end":{"line":4,"column":60}},"1":{"start":{"line":5,"column":11},"end":{"line":5,"column":37}},"2":{"start":{"line":9,"column":4},"end":{"line":9,"column":32}},"3":{"start":{"line":17,"column":0},"end":{"line":17,"column":29}}},"fnMap":{"0":{"name":"(anonymous_0)","decl":{"start":{"line":8,"column":2},"end":{"line":8,"column":3}},"loc":{"start":{"line":8,"column":28},"end":{"line":10,"column":3}},"line":8}},"branchMap":{"0":{"loc":{"start":{"line":8,"column":14},"end":{"line":8,"column":27}},"type":"default-arg","locations":[{"start":{"line":8,"column":25},"end":{"line":8,"column":27}}],"line":8}},"s":{"0":1,"1":1,"2":0,"3":1},"f":{"0":0},"b":{"0":[0]},"_coverageSchema":"332fd63041d2c1bcb487cc26dd0d5f7d97098a6c","hash":"bcf45e7e000cecdf7690c1bd43480bef5477f164","contentHash":"4722e1d20216ef952602855a984470c4_10.2.0"},"/Users/je10617/Desktop/express-authenticate/users/_common/user.js":{"path":"/Users/je10617/Desktop/express-authenticate/users/_common/user.js","statementMap":{"0":{"start":{"line":3,"column":15},"end":{"line":3,"column":43}},"1":{"start":{"line":4,"column":11},"end":{"line":4,"column":44}},"2":{"start":{"line":5,"column":22},"end":{"line":5,"column":67}},"3":{"start":{"line":6,"column":25},"end":{"line":6,"column":62}},"4":{"start":{"line":8,"column":0},"end":{"line":8,"column":36}},"5":{"start":{"line":21,"column":4},"end":{"line":21,"column":42}},"6":{"start":{"line":22,"column":4},"end":{"line":22,"column":55}},"7":{"start":{"line":23,"column":4},"end":{"line":23,"column":39}},"8":{"start":{"line":24,"column":4},"end":{"line":24,"column":26}},"9":{"start":{"line":25,"column":4},"end":{"line":25,"column":34}},"10":{"start":{"line":26,"column":4},"end":{"line":26,"column":41}},"11":{"start":{"line":40,"column":16},"end":{"line":40,"column":20}},"12":{"start":{"line":41,"column":4},"end":{"line":41,"column":45}},"13":{"start":{"line":42,"column":4},"end":{"line":42,"column":36}},"14":{"start":{"line":52,"column":16},"end":{"line":52,"column":20}},"15":{"start":{"line":54,"column":4},"end":{"line":54,"column":54}},"16":{"start":{"line":54,"column":31},"end":{"line":54,"column":54}},"17":{"start":{"line":56,"column":4},"end":{"line":75,"column":7}},"18":{"start":{"line":58,"column":8},"end":{"line":70,"column":11}},"19":{"start":{"line":59,"column":10},"end":{"line":66,"column":13}},"20":{"start":{"line":62,"column":12},"end":{"line":62,"column":41}},"21":{"start":{"line":65,"column":12},"end":{"line":65,"column":24}},"22":{"start":{"line":69,"column":10},"end":{"line":69,"column":22}},"23":{"start":{"line":84,"column":16},"end":{"line":84,"column":20}},"24":{"start":{"line":85,"column":4},"end":{"line":85,"column":48}},"25":{"start":{"line":95,"column":16},"end":{"line":95,"column":20}},"26":{"start":{"line":96,"column":4},"end":{"line":104,"column":7}},"27":{"start":{"line":97,"column":8},"end":{"line":102,"column":11}},"28":{"start":{"line":98,"column":10},"end":{"line":98,"column":27}},"29":{"start":{"line":101,"column":10},"end":{"line":101,"column":22}},"30":{"start":{"line":113,"column":14},"end":{"line":113,"column":18}},"31":{"start":{"line":114,"column":4},"end":{"line":128,"column":7}},"32":{"start":{"line":116,"column":6},"end":{"line":127,"column":9}},"33":{"start":{"line":117,"column":8},"end":{"line":126,"column":9}},"34":{"start":{"line":120,"column":10},"end":{"line":120,"column":31}},"35":{"start":{"line":122,"column":10},"end":{"line":122,"column":46}},"36":{"start":{"line":123,"column":10},"end":{"line":123,"column":38}},"37":{"start":{"line":124,"column":10},"end":{"line":124,"column":38}},"38":{"start":{"line":137,"column":16},"end":{"line":137,"column":20}},"39":{"start":{"line":138,"column":4},"end":{"line":164,"column":7}},"40":{"start":{"line":139,"column":24},"end":{"line":139,"column":26}},"41":{"start":{"line":140,"column":6},"end":{"line":140,"column":130}},"42":{"start":{"line":141,"column":6},"end":{"line":141,"column":142}},"43":{"start":{"line":142,"column":6},"end":{"line":142,"column":137}},"44":{"start":{"line":143,"column":6},"end":{"line":143,"column":135}},"45":{"start":{"line":144,"column":6},"end":{"line":144,"column":136}},"46":{"start":{"line":145,"column":6},"end":{"line":145,"column":152}},"47":{"start":{"line":146,"column":6},"end":{"line":146,"column":137}},"48":{"start":{"line":149,"column":6},"end":{"line":162,"column":9}},"49":{"start":{"line":150,"column":22},"end":{"line":150,"column":34}},"50":{"start":{"line":151,"column":8},"end":{"line":151,"column":48}},"51":{"start":{"line":152,"column":8},"end":{"line":152,"column":36}},"52":{"start":{"line":153,"column":8},"end":{"line":153,"column":48}},"53":{"start":{"line":154,"column":8},"end":{"line":154,"column":35}},"54":{"start":{"line":155,"column":8},"end":{"line":155,"column":37}},"55":{"start":{"line":156,"column":8},"end":{"line":156,"column":44}},"56":{"start":{"line":157,"column":8},"end":{"line":157,"column":25}},"57":{"start":{"line":161,"column":8},"end":{"line":161,"column":22}},"58":{"start":{"line":172,"column":16},"end":{"line":172,"column":20}},"59":{"start":{"line":173,"column":4},"end":{"line":191,"column":7}},"60":{"start":{"line":175,"column":6},"end":{"line":190,"column":9}},"61":{"start":{"line":176,"column":8},"end":{"line":185,"column":9}},"62":{"start":{"line":177,"column":10},"end":{"line":182,"column":13}},"63":{"start":{"line":179,"column":12},"end":{"line":179,"column":63}},"64":{"start":{"line":181,"column":12},"end":{"line":181,"column":26}},"65":{"start":{"line":184,"column":10},"end":{"line":184,"column":65}},"66":{"start":{"line":189,"column":8},"end":{"line":189,"column":20}},"67":{"start":{"line":203,"column":16},"end":{"line":203,"column":20}},"68":{"start":{"line":204,"column":4},"end":{"line":218,"column":7}},"69":{"start":{"line":205,"column":6},"end":{"line":217,"column":9}},"70":{"start":{"line":207,"column":8},"end":{"line":213,"column":9}},"71":{"start":{"line":210,"column":10},"end":{"line":212,"column":13}},"72":{"start":{"line":211,"column":12},"end":{"line":211,"column":26}},"73":{"start":{"line":216,"column":8},"end":{"line":216,"column":22}},"74":{"start":{"line":227,"column":16},"end":{"line":227,"column":20}},"75":{"start":{"line":228,"column":4},"end":{"line":235,"column":7}},"76":{"start":{"line":229,"column":6},"end":{"line":234,"column":9}},"77":{"start":{"line":230,"column":8},"end":{"line":230,"column":22}},"78":{"start":{"line":233,"column":8},"end":{"line":233,"column":22}},"79":{"start":{"line":244,"column":16},"end":{"line":244,"column":20}},"80":{"start":{"line":245,"column":4},"end":{"line":288,"column":7}},"81":{"start":{"line":246,"column":6},"end":{"line":287,"column":9}},"82":{"start":{"line":248,"column":25},"end":{"line":268,"column":9}},"83":{"start":{"line":269,"column":39},"end":{"line":269,"column":41}},"84":{"start":{"line":270,"column":8},"end":{"line":272,"column":9}},"85":{"start":{"line":271,"column":10},"end":{"line":271,"column":146}},"86":{"start":{"line":273,"column":8},"end":{"line":282,"column":11}},"87":{"start":{"line":274,"column":10},"end":{"line":276,"column":11}},"88":{"start":{"line":275,"column":12},"end":{"line":275,"column":63}},"89":{"start":{"line":277,"column":10},"end":{"line":277,"column":37}},"90":{"start":{"line":278,"column":10},"end":{"line":278,"column":32}},"91":{"start":{"line":281,"column":10},"end":{"line":281,"column":22}},"92":{"start":{"line":286,"column":8},"end":{"line":286,"column":20}},"93":{"start":{"line":298,"column":16},"end":{"line":298,"column":20}},"94":{"start":{"line":299,"column":4},"end":{"line":306,"column":7}},"95":{"start":{"line":300,"column":6},"end":{"line":305,"column":9}},"96":{"start":{"line":301,"column":8},"end":{"line":301,"column":22}},"97":{"start":{"line":304,"column":8},"end":{"line":304,"column":20}},"98":{"start":{"line":318,"column":16},"end":{"line":318,"column":20}},"99":{"start":{"line":320,"column":4},"end":{"line":330,"column":7}},"100":{"start":{"line":321,"column":6},"end":{"line":328,"column":8}},"101":{"start":{"line":322,"column":8},"end":{"line":322,"column":42}},"102":{"start":{"line":323,"column":8},"end":{"line":323,"column":45}},"103":{"start":{"line":324,"column":8},"end":{"line":324,"column":22}},"104":{"start":{"line":327,"column":8},"end":{"line":327,"column":22}},"105":{"start":{"line":340,"column":16},"end":{"line":340,"column":20}},"106":{"start":{"line":342,"column":4},"end":{"line":351,"column":7}},"107":{"start":{"line":343,"column":6},"end":{"line":350,"column":9}},"108":{"start":{"line":345,"column":8},"end":{"line":345,"column":43}},"109":{"start":{"line":346,"column":8},"end":{"line":346,"column":22}},"110":{"start":{"line":349,"column":8},"end":{"line":349,"column":20}},"111":{"start":{"line":361,"column":16},"end":{"line":361,"column":20}},"112":{"start":{"line":363,"column":4},"end":{"line":372,"column":7}},"113":{"start":{"line":364,"column":6},"end":{"line":371,"column":9}},"114":{"start":{"line":366,"column":8},"end":{"line":366,"column":47}},"115":{"start":{"line":367,"column":8},"end":{"line":367,"column":22}},"116":{"start":{"line":370,"column":8},"end":{"line":370,"column":20}},"117":{"start":{"line":382,"column":16},"end":{"line":382,"column":20}},"118":{"start":{"line":383,"column":4},"end":{"line":441,"column":7}},"119":{"start":{"line":385,"column":6},"end":{"line":385,"column":75}},"120":{"start":{"line":386,"column":6},"end":{"line":386,"column":66}},"121":{"start":{"line":387,"column":6},"end":{"line":387,"column":105}},"122":{"start":{"line":388,"column":6},"end":{"line":388,"column":59}},"123":{"start":{"line":389,"column":6},"end":{"line":389,"column":50}},"124":{"start":{"line":391,"column":6},"end":{"line":393,"column":7}},"125":{"start":{"line":392,"column":8},"end":{"line":392,"column":35}},"126":{"start":{"line":395,"column":6},"end":{"line":438,"column":9}},"127":{"start":{"line":398,"column":8},"end":{"line":398,"column":60}},"128":{"start":{"line":399,"column":8},"end":{"line":437,"column":11}},"129":{"start":{"line":400,"column":10},"end":{"line":436,"column":13}},"130":{"start":{"line":403,"column":12},"end":{"line":403,"column":69}},"131":{"start":{"line":405,"column":12},"end":{"line":431,"column":15}},"132":{"start":{"line":408,"column":14},"end":{"line":430,"column":15}},"133":{"start":{"line":409,"column":16},"end":{"line":409,"column":43}},"134":{"start":{"line":412,"column":16},"end":{"line":428,"column":19}},"135":{"start":{"line":419,"column":18},"end":{"line":426,"column":21}},"136":{"start":{"line":422,"column":20},"end":{"line":424,"column":23}},"137":{"start":{"line":423,"column":22},"end":{"line":423,"column":49}},"138":{"start":{"line":432,"column":12},"end":{"line":432,"column":26}},"139":{"start":{"line":434,"column":12},"end":{"line":434,"column":33}},"140":{"start":{"line":435,"column":12},"end":{"line":435,"column":26}},"141":{"start":{"line":448,"column":16},"end":{"line":448,"column":20}},"142":{"start":{"line":450,"column":4},"end":{"line":525,"column":7}},"143":{"start":{"line":453,"column":6},"end":{"line":453,"column":57}},"144":{"start":{"line":454,"column":6},"end":{"line":454,"column":75}},"145":{"start":{"line":455,"column":6},"end":{"line":455,"column":66}},"146":{"start":{"line":456,"column":6},"end":{"line":456,"column":105}},"147":{"start":{"line":458,"column":6},"end":{"line":458,"column":59}},"148":{"start":{"line":459,"column":6},"end":{"line":459,"column":50}},"149":{"start":{"line":461,"column":6},"end":{"line":463,"column":7}},"150":{"start":{"line":462,"column":8},"end":{"line":462,"column":35}},"151":{"start":{"line":465,"column":6},"end":{"line":522,"column":9}},"152":{"start":{"line":466,"column":8},"end":{"line":466,"column":60}},"153":{"start":{"line":468,"column":8},"end":{"line":517,"column":11}},"154":{"start":{"line":470,"column":10},"end":{"line":470,"column":67}},"155":{"start":{"line":472,"column":10},"end":{"line":513,"column":11}},"156":{"start":{"line":473,"column":12},"end":{"line":503,"column":15}},"157":{"start":{"line":474,"column":16},"end":{"line":498,"column":19}},"158":{"start":{"line":478,"column":18},"end":{"line":496,"column":21}},"159":{"start":{"line":479,"column":20},"end":{"line":494,"column":21}},"160":{"start":{"line":480,"column":22},"end":{"line":480,"column":49}},"161":{"start":{"line":481,"column":22},"end":{"line":493,"column":25}},"162":{"start":{"line":487,"column":24},"end":{"line":487,"column":79}},"163":{"start":{"line":488,"column":24},"end":{"line":488,"column":65}},"164":{"start":{"line":492,"column":24},"end":{"line":492,"column":41}},"165":{"start":{"line":497,"column":18},"end":{"line":497,"column":32}},"166":{"start":{"line":502,"column":14},"end":{"line":502,"column":26}},"167":{"start":{"line":506,"column":12},"end":{"line":512,"column":15}},"168":{"start":{"line":508,"column":14},"end":{"line":508,"column":28}},"169":{"start":{"line":511,"column":14},"end":{"line":511,"column":26}},"170":{"start":{"line":516,"column":10},"end":{"line":516,"column":24}},"171":{"start":{"line":521,"column":8},"end":{"line":521,"column":20}},"172":{"start":{"line":532,"column":0},"end":{"line":532,"column":20}}},"fnMap":{"0":{"name":"(anonymous_0)","decl":{"start":{"line":19,"column":2},"end":{"line":19,"column":3}},"loc":{"start":{"line":19,"column":36},"end":{"line":28,"column":3}},"line":19},"1":{"name":"(anonymous_1)","decl":{"start":{"line":31,"column":2},"end":{"line":31,"column":3}},"loc":{"start":{"line":31,"column":12},"end":{"line":33,"column":3}},"line":31},"2":{"name":"(anonymous_2)","decl":{"start":{"line":39,"column":2},"end":{"line":39,"column":3}},"loc":{"start":{"line":39,"column":22},"end":{"line":44,"column":3}},"line":39},"3":{"name":"(anonymous_3)","decl":{"start":{"line":50,"column":2},"end":{"line":50,"column":3}},"loc":{"start":{"line":50,"column":21},"end":{"line":76,"column":3}},"line":50},"4":{"name":"(anonymous_4)","decl":{"start":{"line":56,"column":23},"end":{"line":56,"column":24}},"loc":{"start":{"line":56,"column":41},"end":{"line":75,"column":5}},"line":56},"5":{"name":"(anonymous_5)","decl":{"start":{"line":58,"column":35},"end":{"line":58,"column":36}},"loc":{"start":{"line":58,"column":45},"end":{"line":67,"column":9}},"line":58},"6":{"name":"(anonymous_6)","decl":{"start":{"line":61,"column":17},"end":{"line":61,"column":18}},"loc":{"start":{"line":61,"column":25},"end":{"line":63,"column":11}},"line":61},"7":{"name":"(anonymous_7)","decl":{"start":{"line":64,"column":17},"end":{"line":64,"column":18}},"loc":{"start":{"line":64,"column":24},"end":{"line":66,"column":11}},"line":64},"8":{"name":"(anonymous_8)","decl":{"start":{"line":68,"column":15},"end":{"line":68,"column":16}},"loc":{"start":{"line":68,"column":22},"end":{"line":70,"column":9}},"line":68},"9":{"name":"(anonymous_9)","decl":{"start":{"line":83,"column":2},"end":{"line":83,"column":3}},"loc":{"start":{"line":83,"column":33},"end":{"line":86,"column":3}},"line":83},"10":{"name":"(anonymous_10)","decl":{"start":{"line":93,"column":2},"end":{"line":93,"column":3}},"loc":{"start":{"line":93,"column":17},"end":{"line":105,"column":3}},"line":93},"11":{"name":"(anonymous_11)","decl":{"start":{"line":96,"column":23},"end":{"line":96,"column":24}},"loc":{"start":{"line":96,"column":41},"end":{"line":104,"column":5}},"line":96},"12":{"name":"(anonymous_12)","decl":{"start":{"line":97,"column":119},"end":{"line":97,"column":120}},"loc":{"start":{"line":97,"column":127},"end":{"line":99,"column":9}},"line":97},"13":{"name":"(anonymous_13)","decl":{"start":{"line":100,"column":15},"end":{"line":100,"column":16}},"loc":{"start":{"line":100,"column":22},"end":{"line":102,"column":9}},"line":100},"14":{"name":"(anonymous_14)","decl":{"start":{"line":112,"column":2},"end":{"line":112,"column":3}},"loc":{"start":{"line":112,"column":24},"end":{"line":130,"column":3}},"line":112},"15":{"name":"(anonymous_15)","decl":{"start":{"line":114,"column":23},"end":{"line":114,"column":24}},"loc":{"start":{"line":114,"column":49},"end":{"line":128,"column":5}},"line":114},"16":{"name":"(anonymous_16)","decl":{"start":{"line":116,"column":94},"end":{"line":116,"column":95}},"loc":{"start":{"line":116,"column":102},"end":{"line":127,"column":7}},"line":116},"17":{"name":"(anonymous_17)","decl":{"start":{"line":136,"column":2},"end":{"line":136,"column":3}},"loc":{"start":{"line":136,"column":33},"end":{"line":165,"column":3}},"line":136},"18":{"name":"(anonymous_18)","decl":{"start":{"line":138,"column":23},"end":{"line":138,"column":24}},"loc":{"start":{"line":138,"column":41},"end":{"line":164,"column":5}},"line":138},"19":{"name":"(anonymous_19)","decl":{"start":{"line":149,"column":38},"end":{"line":149,"column":39}},"loc":{"start":{"line":149,"column":48},"end":{"line":160,"column":7}},"line":149},"20":{"name":"(anonymous_20)","decl":{"start":{"line":160,"column":15},"end":{"line":160,"column":16}},"loc":{"start":{"line":160,"column":24},"end":{"line":162,"column":7}},"line":160},"21":{"name":"(anonymous_21)","decl":{"start":{"line":171,"column":2},"end":{"line":171,"column":3}},"loc":{"start":{"line":171,"column":16},"end":{"line":194,"column":3}},"line":171},"22":{"name":"(anonymous_22)","decl":{"start":{"line":173,"column":23},"end":{"line":173,"column":24}},"loc":{"start":{"line":173,"column":41},"end":{"line":191,"column":5}},"line":173},"23":{"name":"(anonymous_23)","decl":{"start":{"line":175,"column":33},"end":{"line":175,"column":34}},"loc":{"start":{"line":175,"column":43},"end":{"line":187,"column":7}},"line":175},"24":{"name":"(anonymous_24)","decl":{"start":{"line":177,"column":107},"end":{"line":177,"column":108}},"loc":{"start":{"line":177,"column":115},"end":{"line":182,"column":11}},"line":177},"25":{"name":"(anonymous_25)","decl":{"start":{"line":188,"column":13},"end":{"line":188,"column":14}},"loc":{"start":{"line":188,"column":20},"end":{"line":190,"column":7}},"line":188},"26":{"name":"(anonymous_26)","decl":{"start":{"line":202,"column":2},"end":{"line":202,"column":3}},"loc":{"start":{"line":202,"column":31},"end":{"line":220,"column":3}},"line":202},"27":{"name":"(anonymous_27)","decl":{"start":{"line":204,"column":23},"end":{"line":204,"column":24}},"loc":{"start":{"line":204,"column":49},"end":{"line":218,"column":5}},"line":204},"28":{"name":"(anonymous_28)","decl":{"start":{"line":205,"column":126},"end":{"line":205,"column":127}},"loc":{"start":{"line":205,"column":134},"end":{"line":214,"column":7}},"line":205},"29":{"name":"(anonymous_29)","decl":{"start":{"line":210,"column":97},"end":{"line":210,"column":98}},"loc":{"start":{"line":210,"column":101},"end":{"line":212,"column":11}},"line":210},"30":{"name":"(anonymous_30)","decl":{"start":{"line":215,"column":13},"end":{"line":215,"column":14}},"loc":{"start":{"line":215,"column":22},"end":{"line":217,"column":7}},"line":215},"31":{"name":"(anonymous_31)","decl":{"start":{"line":226,"column":2},"end":{"line":226,"column":3}},"loc":{"start":{"line":226,"column":16},"end":{"line":236,"column":3}},"line":226},"32":{"name":"(anonymous_32)","decl":{"start":{"line":228,"column":23},"end":{"line":228,"column":24}},"loc":{"start":{"line":228,"column":49},"end":{"line":235,"column":5}},"line":228},"33":{"name":"(anonymous_33)","decl":{"start":{"line":229,"column":93},"end":{"line":229,"column":94}},"loc":{"start":{"line":229,"column":101},"end":{"line":231,"column":7}},"line":229},"34":{"name":"(anonymous_34)","decl":{"start":{"line":232,"column":13},"end":{"line":232,"column":14}},"loc":{"start":{"line":232,"column":22},"end":{"line":234,"column":7}},"line":232},"35":{"name":"(anonymous_35)","decl":{"start":{"line":243,"column":2},"end":{"line":243,"column":3}},"loc":{"start":{"line":243,"column":29},"end":{"line":289,"column":3}},"line":243},"36":{"name":"(anonymous_36)","decl":{"start":{"line":245,"column":23},"end":{"line":245,"column":24}},"loc":{"start":{"line":245,"column":41},"end":{"line":288,"column":5}},"line":245},"37":{"name":"(anonymous_37)","decl":{"start":{"line":246,"column":102},"end":{"line":246,"column":103}},"loc":{"start":{"line":246,"column":110},"end":{"line":284,"column":7}},"line":246},"38":{"name":"(anonymous_38)","decl":{"start":{"line":273,"column":53},"end":{"line":273,"column":54}},"loc":{"start":{"line":273,"column":63},"end":{"line":279,"column":9}},"line":273},"39":{"name":"(anonymous_39)","decl":{"start":{"line":280,"column":15},"end":{"line":280,"column":16}},"loc":{"start":{"line":280,"column":22},"end":{"line":282,"column":9}},"line":280},"40":{"name":"(anonymous_40)","decl":{"start":{"line":285,"column":13},"end":{"line":285,"column":14}},"loc":{"start":{"line":285,"column":20},"end":{"line":287,"column":7}},"line":285},"41":{"name":"(anonymous_41)","decl":{"start":{"line":297,"column":2},"end":{"line":297,"column":3}},"loc":{"start":{"line":297,"column":22},"end":{"line":308,"column":3}},"line":297},"42":{"name":"(anonymous_42)","decl":{"start":{"line":299,"column":23},"end":{"line":299,"column":24}},"loc":{"start":{"line":299,"column":41},"end":{"line":306,"column":5}},"line":299},"43":{"name":"(anonymous_43)","decl":{"start":{"line":300,"column":55},"end":{"line":300,"column":56}},"loc":{"start":{"line":300,"column":63},"end":{"line":302,"column":7}},"line":300},"44":{"name":"(anonymous_44)","decl":{"start":{"line":303,"column":13},"end":{"line":303,"column":14}},"loc":{"start":{"line":303,"column":20},"end":{"line":305,"column":7}},"line":303},"45":{"name":"(anonymous_45)","decl":{"start":{"line":316,"column":2},"end":{"line":316,"column":3}},"loc":{"start":{"line":316,"column":21},"end":{"line":331,"column":3}},"line":316},"46":{"name":"(anonymous_46)","decl":{"start":{"line":320,"column":23},"end":{"line":320,"column":24}},"loc":{"start":{"line":320,"column":41},"end":{"line":330,"column":5}},"line":320},"47":{"name":"(anonymous_47)","decl":{"start":{"line":321,"column":91},"end":{"line":321,"column":92}},"loc":{"start":{"line":321,"column":99},"end":{"line":325,"column":7}},"line":321},"48":{"name":"(anonymous_48)","decl":{"start":{"line":326,"column":13},"end":{"line":326,"column":14}},"loc":{"start":{"line":326,"column":22},"end":{"line":328,"column":7}},"line":326},"49":{"name":"(anonymous_49)","decl":{"start":{"line":339,"column":2},"end":{"line":339,"column":3}},"loc":{"start":{"line":339,"column":28},"end":{"line":352,"column":3}},"line":339},"50":{"name":"(anonymous_50)","decl":{"start":{"line":342,"column":23},"end":{"line":342,"column":24}},"loc":{"start":{"line":342,"column":41},"end":{"line":351,"column":5}},"line":342},"51":{"name":"(anonymous_51)","decl":{"start":{"line":343,"column":97},"end":{"line":343,"column":98}},"loc":{"start":{"line":343,"column":101},"end":{"line":347,"column":7}},"line":343},"52":{"name":"(anonymous_52)","decl":{"start":{"line":348,"column":13},"end":{"line":348,"column":14}},"loc":{"start":{"line":348,"column":20},"end":{"line":350,"column":7}},"line":348},"53":{"name":"(anonymous_53)","decl":{"start":{"line":359,"column":2},"end":{"line":359,"column":3}},"loc":{"start":{"line":359,"column":25},"end":{"line":373,"column":3}},"line":359},"54":{"name":"(anonymous_54)","decl":{"start":{"line":363,"column":23},"end":{"line":363,"column":24}},"loc":{"start":{"line":363,"column":41},"end":{"line":372,"column":5}},"line":363},"55":{"name":"(anonymous_55)","decl":{"start":{"line":364,"column":95},"end":{"line":364,"column":96}},"loc":{"start":{"line":364,"column":99},"end":{"line":368,"column":7}},"line":364},"56":{"name":"(anonymous_56)","decl":{"start":{"line":369,"column":13},"end":{"line":369,"column":14}},"loc":{"start":{"line":369,"column":20},"end":{"line":371,"column":7}},"line":369},"57":{"name":"(anonymous_57)","decl":{"start":{"line":380,"column":2},"end":{"line":380,"column":3}},"loc":{"start":{"line":380,"column":21},"end":{"line":442,"column":3}},"line":380},"58":{"name":"(anonymous_58)","decl":{"start":{"line":383,"column":23},"end":{"line":383,"column":24}},"loc":{"start":{"line":383,"column":41},"end":{"line":441,"column":5}},"line":383},"59":{"name":"(anonymous_59)","decl":{"start":{"line":395,"column":96},"end":{"line":395,"column":97}},"loc":{"start":{"line":395,"column":104},"end":{"line":438,"column":7}},"line":395},"60":{"name":"(anonymous_60)","decl":{"start":{"line":399,"column":162},"end":{"line":399,"column":163}},"loc":{"start":{"line":399,"column":166},"end":{"line":437,"column":9}},"line":399},"61":{"name":"(anonymous_61)","decl":{"start":{"line":400,"column":84},"end":{"line":400,"column":85}},"loc":{"start":{"line":400,"column":88},"end":{"line":433,"column":11}},"line":400},"62":{"name":"(anonymous_62)","decl":{"start":{"line":405,"column":86},"end":{"line":405,"column":87}},"loc":{"start":{"line":405,"column":94},"end":{"line":431,"column":13}},"line":405},"63":{"name":"(anonymous_63)","decl":{"start":{"line":415,"column":24},"end":{"line":415,"column":25}},"loc":{"start":{"line":415,"column":28},"end":{"line":428,"column":17}},"line":415},"64":{"name":"(anonymous_64)","decl":{"start":{"line":419,"column":99},"end":{"line":419,"column":100}},"loc":{"start":{"line":419,"column":103},"end":{"line":426,"column":19}},"line":419},"65":{"name":"(anonymous_65)","decl":{"start":{"line":422,"column":61},"end":{"line":422,"column":62}},"loc":{"start":{"line":422,"column":65},"end":{"line":424,"column":21}},"line":422},"66":{"name":"(anonymous_66)","decl":{"start":{"line":433,"column":19},"end":{"line":433,"column":20}},"loc":{"start":{"line":433,"column":28},"end":{"line":436,"column":11}},"line":433},"67":{"name":"(anonymous_67)","decl":{"start":{"line":446,"column":2},"end":{"line":446,"column":3}},"loc":{"start":{"line":446,"column":21},"end":{"line":527,"column":3}},"line":446},"68":{"name":"(anonymous_68)","decl":{"start":{"line":450,"column":23},"end":{"line":450,"column":24}},"loc":{"start":{"line":450,"column":41},"end":{"line":525,"column":5}},"line":450},"69":{"name":"(anonymous_69)","decl":{"start":{"line":465,"column":96},"end":{"line":465,"column":97}},"loc":{"start":{"line":465,"column":104},"end":{"line":519,"column":7}},"line":465},"70":{"name":"(anonymous_70)","decl":{"start":{"line":468,"column":59},"end":{"line":468,"column":60}},"loc":{"start":{"line":468,"column":70},"end":{"line":514,"column":9}},"line":468},"71":{"name":"(anonymous_71)","decl":{"start":{"line":473,"column":166},"end":{"line":473,"column":167}},"loc":{"start":{"line":473,"column":170},"end":{"line":500,"column":13}},"line":473},"72":{"name":"(anonymous_72)","decl":{"start":{"line":474,"column":99},"end":{"line":474,"column":100}},"loc":{"start":{"line":474,"column":103},"end":{"line":498,"column":17}},"line":474},"73":{"name":"(anonymous_73)","decl":{"start":{"line":478,"column":92},"end":{"line":478,"column":93}},"loc":{"start":{"line":478,"column":100},"end":{"line":496,"column":19}},"line":478},"74":{"name":"(anonymous_74)","decl":{"start":{"line":484,"column":30},"end":{"line":484,"column":31}},"loc":{"start":{"line":484,"column":34},"end":{"line":490,"column":23}},"line":484},"75":{"name":"(anonymous_75)","decl":{"start":{"line":491,"column":29},"end":{"line":491,"column":30}},"loc":{"start":{"line":491,"column":36},"end":{"line":493,"column":23}},"line":491},"76":{"name":"(anonymous_76)","decl":{"start":{"line":501,"column":19},"end":{"line":501,"column":20}},"loc":{"start":{"line":501,"column":26},"end":{"line":503,"column":13}},"line":501},"77":{"name":"(anonymous_77)","decl":{"start":{"line":506,"column":90},"end":{"line":506,"column":91}},"loc":{"start":{"line":506,"column":94},"end":{"line":509,"column":13}},"line":506},"78":{"name":"(anonymous_78)","decl":{"start":{"line":510,"column":19},"end":{"line":510,"column":20}},"loc":{"start":{"line":510,"column":26},"end":{"line":512,"column":13}},"line":510},"79":{"name":"(anonymous_79)","decl":{"start":{"line":515,"column":15},"end":{"line":515,"column":16}},"loc":{"start":{"line":515,"column":24},"end":{"line":517,"column":9}},"line":515},"80":{"name":"(anonymous_80)","decl":{"start":{"line":520,"column":13},"end":{"line":520,"column":14}},"loc":{"start":{"line":520,"column":20},"end":{"line":522,"column":7}},"line":520}},"branchMap":{"0":{"loc":{"start":{"line":19,"column":14},"end":{"line":19,"column":27}},"type":"default-arg","locations":[{"start":{"line":19,"column":25},"end":{"line":19,"column":27}}],"line":19},"1":{"loc":{"start":{"line":54,"column":4},"end":{"line":54,"column":54}},"type":"if","locations":[{"start":{"line":54,"column":4},"end":{"line":54,"column":54}},{"start":{"line":54,"column":4},"end":{"line":54,"column":54}}],"line":54},"2":{"loc":{"start":{"line":117,"column":8},"end":{"line":126,"column":9}},"type":"if","locations":[{"start":{"line":117,"column":8},"end":{"line":126,"column":9}},{"start":{"line":117,"column":8},"end":{"line":126,"column":9}}],"line":117},"3":{"loc":{"start":{"line":176,"column":8},"end":{"line":185,"column":9}},"type":"if","locations":[{"start":{"line":176,"column":8},"end":{"line":185,"column":9}},{"start":{"line":176,"column":8},"end":{"line":185,"column":9}}],"line":176},"4":{"loc":{"start":{"line":207,"column":8},"end":{"line":213,"column":9}},"type":"if","locations":[{"start":{"line":207,"column":8},"end":{"line":213,"column":9}},{"start":{"line":207,"column":8},"end":{"line":213,"column":9}}],"line":207},"5":{"loc":{"start":{"line":207,"column":11},"end":{"line":208,"column":51}},"type":"binary-expr","locations":[{"start":{"line":207,"column":11},"end":{"line":207,"column":32}},{"start":{"line":207,"column":36},"end":{"line":207,"column":57}},{"start":{"line":208,"column":8},"end":{"line":208,"column":51}}],"line":207},"6":{"loc":{"start":{"line":387,"column":36},"end":{"line":387,"column":104}},"type":"cond-expr","locations":[{"start":{"line":387,"column":58},"end":{"line":387,"column":93}},{"start":{"line":387,"column":94},"end":{"line":387,"column":104}}],"line":387},"7":{"loc":{"start":{"line":391,"column":6},"end":{"line":393,"column":7}},"type":"if","locations":[{"start":{"line":391,"column":6},"end":{"line":393,"column":7}},{"start":{"line":391,"column":6},"end":{"line":393,"column":7}}],"line":391},"8":{"loc":{"start":{"line":408,"column":14},"end":{"line":430,"column":15}},"type":"if","locations":[{"start":{"line":408,"column":14},"end":{"line":430,"column":15}},{"start":{"line":408,"column":14},"end":{"line":430,"column":15}}],"line":408},"9":{"loc":{"start":{"line":456,"column":36},"end":{"line":456,"column":104}},"type":"cond-expr","locations":[{"start":{"line":456,"column":58},"end":{"line":456,"column":93}},{"start":{"line":456,"column":94},"end":{"line":456,"column":104}}],"line":456},"10":{"loc":{"start":{"line":461,"column":6},"end":{"line":463,"column":7}},"type":"if","locations":[{"start":{"line":461,"column":6},"end":{"line":463,"column":7}},{"start":{"line":461,"column":6},"end":{"line":463,"column":7}}],"line":461},"11":{"loc":{"start":{"line":472,"column":10},"end":{"line":513,"column":11}},"type":"if","locations":[{"start":{"line":472,"column":10},"end":{"line":513,"column":11}},{"start":{"line":472,"column":10},"end":{"line":513,"column":11}}],"line":472},"12":{"loc":{"start":{"line":479,"column":20},"end":{"line":494,"column":21}},"type":"if","locations":[{"start":{"line":479,"column":20},"end":{"line":494,"column":21}},{"start":{"line":479,"column":20},"end":{"line":494,"column":21}}],"line":479}},"s":{"0":1,"1":1,"2":1,"3":1,"4":1,"5":0,"6":0,"7":0,"8":0,"9":0,"10":0,"11":0,"12":0,"13":0,"14":0,"15":0,"16":0,"17":0,"18":0,"19":0,"20":0,"21":0,"22":0,"23":0,"24":0,"25":0,"26":0,"27":0,"28":0,"29":0,"30":0,"31":0,"32":0,"33":0,"34":0,"35":0,"36":0,"37":0,"38":0,"39":0,"40":0,"41":0,"42":0,"43":0,"44":0,"45":0,"46":0,"47":0,"48":0,"49":0,"50":0,"51":0,"52":0,"53":0,"54":0,"55":0,"56":0,"57":0,"58":0,"59":0,"60":0,"61":0,"62":0,"63":0,"64":0,"65":0,"66":0,"67":0,"68":0,"69":0,"70":0,"71":0,"72":0,"73":0,"74":0,"75":0,"76":0,"77":0,"78":0,"79":0,"80":0,"81":0,"82":0,"83":0,"84":0,"85":0,"86":0,"87":0,"88":0,"89":0,"90":0,"91":0,"92":0,"93":0,"94":0,"95":0,"96":0,"97":0,"98":0,"99":0,"100":0,"101":0,"102":0,"103":0,"104":0,"105":0,"106":0,"107":0,"108":0,"109":0,"110":0,"111":0,"112":0,"113":0,"114":0,"115":0,"116":0,"117":0,"118":0,"119":0,"120":0,"121":0,"122":0,"123":0,"124":0,"125":0,"126":0,"127":0,"128":0,"129":0,"130":0,"131":0,"132":0,"133":0,"134":0,"135":0,"136":0,"137":0,"138":0,"139":0,"140":0,"141":0,"142":0,"143":0,"144":0,"145":0,"146":0,"147":0,"148":0,"149":0,"150":0,"151":0,"152":0,"153":0,"154":0,"155":0,"156":0,"157":0,"158":0,"159":0,"160":0,"161":0,"162":0,"163":0,"164":0,"165":0,"166":0,"167":0,"168":0,"169":0,"170":0,"171":0,"172":1},"f":{"0":0,"1":0,"2":0,"3":0,"4":0,"5":0,"6":0,"7":0,"8":0,"9":0,"10":0,"11":0,"12":0,"13":0,"14":0,"15":0,"16":0,"17":0,"18":0,"19":0,"20":0,"21":0,"22":0,"23":0,"24":0,"25":0,"26":0,"27":0,"28":0,"29":0,"30":0,"31":0,"32":0,"33":0,"34":0,"35":0,"36":0,"37":0,"38":0,"39":0,"40":0,"41":0,"42":0,"43":0,"44":0,"45":0,"46":0,"47":0,"48":0,"49":0,"50":0,"51":0,"52":0,"53":0,"54":0,"55":0,"56":0,"57":0,"58":0,"59":0,"60":0,"61":0,"62":0,"63":0,"64":0,"65":0,"66":0,"67":0,"68":0,"69":0,"70":0,"71":0,"72":0,"73":0,"74":0,"75":0,"76":0,"77":0,"78":0,"79":0,"80":0},"b":{"0":[0],"1":[0,0],"2":[0,0],"3":[0,0],"4":[0,0],"5":[0,0,0],"6":[0,0],"7":[0,0],"8":[0,0],"9":[0,0],"10":[0,0],"11":[0,0],"12":[0,0]},"_coverageSchema":"332fd63041d2c1bcb487cc26dd0d5f7d97098a6c","hash":"186305edc3dd71b3394741957bcfdb708c9e29e8","contentHash":"c26a3264ac8439d07943053f440a095b_10.2.0"},"/Users/je10617/Desktop/express-authenticate/db/database.js":{"path":"/Users/je10617/Desktop/express-authenticate/db/database.js","statementMap":{"0":{"start":{"line":1,"column":14},"end":{"line":1,"column":30}},"1":{"start":{"line":2,"column":26},"end":{"line":2,"column":50}},"2":{"start":{"line":3,"column":18},"end":{"line":3,"column":47}},"3":{"start":{"line":11,"column":4},"end":{"line":11,"column":41}},"4":{"start":{"line":12,"column":4},"end":{"line":12,"column":67}},"5":{"start":{"line":13,"column":4},"end":{"line":13,"column":34}},"6":{"start":{"line":16,"column":4},"end":{"line":18,"column":7}},"7":{"start":{"line":17,"column":6},"end":{"line":17,"column":27}},"8":{"start":{"line":23,"column":16},"end":{"line":23,"column":20}},"9":{"start":{"line":24,"column":4},"end":{"line":24,"column":32}},"10":{"start":{"line":44,"column":4},"end":{"line":46,"column":5}},"11":{"start":{"line":45,"column":6},"end":{"line":45,"column":20}},"12":{"start":{"line":47,"column":18},"end":{"line":47,"column":40}},"13":{"start":{"line":48,"column":4},"end":{"line":48,"column":48}},"14":{"start":{"line":54,"column":16},"end":{"line":54,"column":20}},"15":{"start":{"line":55,"column":21},"end":{"line":55,"column":23}},"16":{"start":{"line":56,"column":4},"end":{"line":56,"column":42}},"17":{"start":{"line":57,"column":4},"end":{"line":65,"column":5}},"18":{"start":{"line":58,"column":16},"end":{"line":58,"column":26}},"19":{"start":{"line":59,"column":6},"end":{"line":63,"column":7}},"20":{"start":{"line":60,"column":8},"end":{"line":62,"column":9}},"21":{"start":{"line":61,"column":10},"end":{"line":61,"column":184}},"22":{"start":{"line":64,"column":6},"end":{"line":64,"column":31}},"23":{"start":{"line":66,"column":4},"end":{"line":66,"column":34}},"24":{"start":{"line":71,"column":19},"end":{"line":71,"column":21}},"25":{"start":{"line":72,"column":4},"end":{"line":77,"column":5}},"26":{"start":{"line":74,"column":6},"end":{"line":74,"column":31}},"27":{"start":{"line":74,"column":14},"end":{"line":74,"column":31}},"28":{"start":{"line":76,"column":6},"end":{"line":76,"column":154}},"29":{"start":{"line":78,"column":4},"end":{"line":78,"column":46}},"30":{"start":{"line":82,"column":19},"end":{"line":82,"column":21}},"31":{"start":{"line":83,"column":4},"end":{"line":90,"column":5}},"32":{"start":{"line":85,"column":6},"end":{"line":85,"column":31}},"33":{"start":{"line":85,"column":14},"end":{"line":85,"column":31}},"34":{"start":{"line":89,"column":6},"end":{"line":89,"column":68}},"35":{"start":{"line":91,"column":4},"end":{"line":91,"column":46}},"36":{"start":{"line":95,"column":19},"end":{"line":95,"column":21}},"37":{"start":{"line":96,"column":4},"end":{"line":100,"column":5}},"38":{"start":{"line":97,"column":6},"end":{"line":97,"column":31}},"39":{"start":{"line":97,"column":14},"end":{"line":97,"column":31}},"40":{"start":{"line":99,"column":6},"end":{"line":99,"column":107}},"41":{"start":{"line":101,"column":4},"end":{"line":101,"column":46}},"42":{"start":{"line":106,"column":19},"end":{"line":106,"column":21}},"43":{"start":{"line":107,"column":4},"end":{"line":110,"column":5}},"44":{"start":{"line":108,"column":6},"end":{"line":108,"column":31}},"45":{"start":{"line":108,"column":14},"end":{"line":108,"column":31}},"46":{"start":{"line":109,"column":6},"end":{"line":109,"column":68}},"47":{"start":{"line":111,"column":4},"end":{"line":111,"column":46}},"48":{"start":{"line":115,"column":19},"end":{"line":115,"column":21}},"49":{"start":{"line":116,"column":4},"end":{"line":119,"column":5}},"50":{"start":{"line":117,"column":6},"end":{"line":117,"column":31}},"51":{"start":{"line":117,"column":14},"end":{"line":117,"column":31}},"52":{"start":{"line":118,"column":6},"end":{"line":118,"column":68}},"53":{"start":{"line":120,"column":4},"end":{"line":120,"column":46}},"54":{"start":{"line":127,"column":16},"end":{"line":127,"column":20}},"55":{"start":{"line":129,"column":4},"end":{"line":148,"column":7}},"56":{"start":{"line":132,"column":6},"end":{"line":134,"column":7}},"57":{"start":{"line":133,"column":8},"end":{"line":133,"column":22}},"58":{"start":{"line":136,"column":6},"end":{"line":136,"column":60}},"59":{"start":{"line":139,"column":6},"end":{"line":147,"column":9}},"60":{"start":{"line":141,"column":8},"end":{"line":143,"column":9}},"61":{"start":{"line":142,"column":10},"end":{"line":142,"column":22}},"62":{"start":{"line":146,"column":8},"end":{"line":146,"column":22}},"63":{"start":{"line":154,"column":4},"end":{"line":159,"column":9}},"64":{"start":{"line":165,"column":18},"end":{"line":165,"column":22}},"65":{"start":{"line":167,"column":6},"end":{"line":275,"column":9}},"66":{"start":{"line":171,"column":8},"end":{"line":171,"column":102}},"67":{"start":{"line":172,"column":8},"end":{"line":172,"column":138}},"68":{"start":{"line":173,"column":8},"end":{"line":173,"column":135}},"69":{"start":{"line":174,"column":8},"end":{"line":174,"column":126}},"70":{"start":{"line":175,"column":8},"end":{"line":175,"column":135}},"71":{"start":{"line":177,"column":8},"end":{"line":274,"column":11}},"72":{"start":{"line":180,"column":10},"end":{"line":180,"column":56}},"73":{"start":{"line":183,"column":33},"end":{"line":183,"column":35}},"74":{"start":{"line":185,"column":10},"end":{"line":188,"column":11}},"75":{"start":{"line":186,"column":12},"end":{"line":187,"column":149}},"76":{"start":{"line":190,"column":10},"end":{"line":195,"column":14}},"77":{"start":{"line":198,"column":10},"end":{"line":204,"column":11}},"78":{"start":{"line":199,"column":12},"end":{"line":203,"column":16}},"79":{"start":{"line":207,"column":10},"end":{"line":211,"column":11}},"80":{"start":{"line":208,"column":12},"end":{"line":208,"column":127}},"81":{"start":{"line":209,"column":12},"end":{"line":209,"column":133}},"82":{"start":{"line":210,"column":12},"end":{"line":210,"column":126}},"83":{"start":{"line":213,"column":10},"end":{"line":219,"column":11}},"84":{"start":{"line":214,"column":12},"end":{"line":218,"column":16}},"85":{"start":{"line":224,"column":10},"end":{"line":228,"column":14}},"86":{"start":{"line":230,"column":10},"end":{"line":236,"column":11}},"87":{"start":{"line":231,"column":12},"end":{"line":235,"column":16}},"88":{"start":{"line":239,"column":10},"end":{"line":245,"column":11}},"89":{"start":{"line":240,"column":12},"end":{"line":244,"column":16}},"90":{"start":{"line":248,"column":10},"end":{"line":251,"column":11}},"91":{"start":{"line":249,"column":12},"end":{"line":250,"column":137}},"92":{"start":{"line":253,"column":10},"end":{"line":255,"column":11}},"93":{"start":{"line":254,"column":12},"end":{"line":254,"column":125}},"94":{"start":{"line":256,"column":10},"end":{"line":258,"column":11}},"95":{"start":{"line":257,"column":12},"end":{"line":257,"column":120}},"96":{"start":{"line":260,"column":10},"end":{"line":262,"column":11}},"97":{"start":{"line":261,"column":12},"end":{"line":261,"column":39}},"98":{"start":{"line":264,"column":10},"end":{"line":264,"column":58}},"99":{"start":{"line":266,"column":10},"end":{"line":271,"column":13}},"100":{"start":{"line":267,"column":12},"end":{"line":267,"column":26}},"101":{"start":{"line":270,"column":12},"end":{"line":270,"column":26}},"102":{"start":{"line":273,"column":10},"end":{"line":273,"column":22}},"103":{"start":{"line":280,"column":16},"end":{"line":280,"column":20}},"104":{"start":{"line":282,"column":4},"end":{"line":439,"column":9}},"105":{"start":{"line":283,"column":6},"end":{"line":283,"column":36}},"106":{"start":{"line":285,"column":29},"end":{"line":285,"column":31}},"107":{"start":{"line":286,"column":6},"end":{"line":286,"column":100}},"108":{"start":{"line":287,"column":6},"end":{"line":287,"column":136}},"109":{"start":{"line":288,"column":6},"end":{"line":288,"column":133}},"110":{"start":{"line":289,"column":6},"end":{"line":289,"column":124}},"111":{"start":{"line":290,"column":6},"end":{"line":290,"column":133}},"112":{"start":{"line":291,"column":6},"end":{"line":291,"column":106}},"113":{"start":{"line":293,"column":6},"end":{"line":293,"column":159}},"114":{"start":{"line":295,"column":6},"end":{"line":301,"column":7}},"115":{"start":{"line":296,"column":8},"end":{"line":298,"column":9}},"116":{"start":{"line":297,"column":10},"end":{"line":297,"column":168}},"117":{"start":{"line":299,"column":8},"end":{"line":300,"column":145}},"118":{"start":{"line":303,"column":6},"end":{"line":314,"column":7}},"119":{"start":{"line":304,"column":8},"end":{"line":307,"column":9}},"120":{"start":{"line":305,"column":10},"end":{"line":306,"column":57}},"121":{"start":{"line":308,"column":8},"end":{"line":312,"column":12}},"122":{"start":{"line":317,"column":6},"end":{"line":328,"column":7}},"123":{"start":{"line":320,"column":8},"end":{"line":320,"column":129}},"124":{"start":{"line":321,"column":8},"end":{"line":321,"column":188}},"125":{"start":{"line":324,"column":8},"end":{"line":326,"column":9}},"126":{"start":{"line":325,"column":10},"end":{"line":325,"column":152}},"127":{"start":{"line":327,"column":8},"end":{"line":327,"column":122}},"128":{"start":{"line":330,"column":6},"end":{"line":347,"column":7}},"129":{"start":{"line":333,"column":8},"end":{"line":345,"column":9}},"130":{"start":{"line":334,"column":10},"end":{"line":338,"column":14}},"131":{"start":{"line":340,"column":10},"end":{"line":344,"column":14}},"132":{"start":{"line":350,"column":6},"end":{"line":354,"column":10}},"133":{"start":{"line":358,"column":6},"end":{"line":374,"column":7}},"134":{"start":{"line":360,"column":8},"end":{"line":372,"column":9}},"135":{"start":{"line":361,"column":10},"end":{"line":365,"column":14}},"136":{"start":{"line":367,"column":10},"end":{"line":371,"column":14}},"137":{"start":{"line":376,"column":6},"end":{"line":388,"column":7}},"138":{"start":{"line":377,"column":8},"end":{"line":381,"column":12}},"139":{"start":{"line":382,"column":12},"end":{"line":388,"column":7}},"140":{"start":{"line":383,"column":8},"end":{"line":387,"column":12}},"141":{"start":{"line":390,"column":6},"end":{"line":402,"column":7}},"142":{"start":{"line":391,"column":8},"end":{"line":395,"column":12}},"143":{"start":{"line":396,"column":12},"end":{"line":402,"column":7}},"144":{"start":{"line":397,"column":8},"end":{"line":401,"column":12}},"145":{"start":{"line":405,"column":6},"end":{"line":407,"column":7}},"146":{"start":{"line":406,"column":8},"end":{"line":406,"column":116}},"147":{"start":{"line":409,"column":6},"end":{"line":417,"column":7}},"148":{"start":{"line":410,"column":8},"end":{"line":416,"column":9}},"149":{"start":{"line":411,"column":10},"end":{"line":412,"column":252}},"150":{"start":{"line":414,"column":10},"end":{"line":415,"column":252}},"151":{"start":{"line":422,"column":6},"end":{"line":428,"column":7}},"152":{"start":{"line":423,"column":8},"end":{"line":427,"column":9}},"153":{"start":{"line":424,"column":10},"end":{"line":424,"column":123}},"154":{"start":{"line":426,"column":10},"end":{"line":426,"column":123}},"155":{"start":{"line":430,"column":6},"end":{"line":430,"column":54}},"156":{"start":{"line":432,"column":6},"end":{"line":437,"column":9}},"157":{"start":{"line":433,"column":8},"end":{"line":433,"column":22}},"158":{"start":{"line":436,"column":8},"end":{"line":436,"column":22}},"159":{"start":{"line":448,"column":0},"end":{"line":448,"column":24}}},"fnMap":{"0":{"name":"(anonymous_0)","decl":{"start":{"line":10,"column":2},"end":{"line":10,"column":3}},"loc":{"start":{"line":10,"column":15},"end":{"line":20,"column":3}},"line":10},"1":{"name":"(anonymous_1)","decl":{"start":{"line":16,"column":34},"end":{"line":16,"column":35}},"loc":{"start":{"line":16,"column":49},"end":{"line":18,"column":5}},"line":16},"2":{"name":"(anonymous_2)","decl":{"start":{"line":22,"column":2},"end":{"line":22,"column":3}},"loc":{"start":{"line":22,"column":21},"end":{"line":25,"column":3}},"line":22},"3":{"name":"(anonymous_3)","decl":{"start":{"line":27,"column":2},"end":{"line":27,"column":3}},"loc":{"start":{"line":27,"column":32},"end":{"line":41,"column":3}},"line":27},"4":{"name":"(anonymous_4)","decl":{"start":{"line":43,"column":2},"end":{"line":43,"column":3}},"loc":{"start":{"line":43,"column":32},"end":{"line":49,"column":3}},"line":43},"5":{"name":"(anonymous_5)","decl":{"start":{"line":53,"column":2},"end":{"line":53,"column":3}},"loc":{"start":{"line":53,"column":42},"end":{"line":67,"column":3}},"line":53},"6":{"name":"(anonymous_6)","decl":{"start":{"line":70,"column":2},"end":{"line":70,"column":3}},"loc":{"start":{"line":70,"column":75},"end":{"line":79,"column":3}},"line":70},"7":{"name":"(anonymous_7)","decl":{"start":{"line":81,"column":2},"end":{"line":81,"column":3}},"loc":{"start":{"line":81,"column":47},"end":{"line":92,"column":3}},"line":81},"8":{"name":"(anonymous_8)","decl":{"start":{"line":94,"column":2},"end":{"line":94,"column":3}},"loc":{"start":{"line":94,"column":42},"end":{"line":102,"column":3}},"line":94},"9":{"name":"(anonymous_9)","decl":{"start":{"line":105,"column":2},"end":{"line":105,"column":3}},"loc":{"start":{"line":105,"column":45},"end":{"line":112,"column":3}},"line":105},"10":{"name":"(anonymous_10)","decl":{"start":{"line":114,"column":2},"end":{"line":114,"column":3}},"loc":{"start":{"line":114,"column":47},"end":{"line":121,"column":3}},"line":114},"11":{"name":"(anonymous_11)","decl":{"start":{"line":125,"column":2},"end":{"line":125,"column":3}},"loc":{"start":{"line":125,"column":28},"end":{"line":150,"column":3}},"line":125},"12":{"name":"(anonymous_12)","decl":{"start":{"line":129,"column":23},"end":{"line":129,"column":24}},"loc":{"start":{"line":129,"column":47},"end":{"line":148,"column":5}},"line":129},"13":{"name":"(anonymous_13)","decl":{"start":{"line":139,"column":37},"end":{"line":139,"column":38}},"loc":{"start":{"line":139,"column":57},"end":{"line":147,"column":7}},"line":139},"14":{"name":"(anonymous_14)","decl":{"start":{"line":152,"column":2},"end":{"line":152,"column":3}},"loc":{"start":{"line":152,"column":25},"end":{"line":160,"column":5}},"line":152},"15":{"name":"(anonymous_15)","decl":{"start":{"line":163,"column":2},"end":{"line":163,"column":3}},"loc":{"start":{"line":163,"column":51},"end":{"line":276,"column":5}},"line":163},"16":{"name":"(anonymous_16)","decl":{"start":{"line":167,"column":25},"end":{"line":167,"column":26}},"loc":{"start":{"line":167,"column":43},"end":{"line":275,"column":7}},"line":167},"17":{"name":"(anonymous_17)","decl":{"start":{"line":177,"column":75},"end":{"line":177,"column":76}},"loc":{"start":{"line":177,"column":82},"end":{"line":272,"column":9}},"line":177},"18":{"name":"(anonymous_18)","decl":{"start":{"line":266,"column":51},"end":{"line":266,"column":52}},"loc":{"start":{"line":266,"column":55},"end":{"line":268,"column":11}},"line":266},"19":{"name":"(anonymous_19)","decl":{"start":{"line":269,"column":17},"end":{"line":269,"column":18}},"loc":{"start":{"line":269,"column":26},"end":{"line":271,"column":11}},"line":269},"20":{"name":"(anonymous_20)","decl":{"start":{"line":272,"column":17},"end":{"line":272,"column":18}},"loc":{"start":{"line":272,"column":24},"end":{"line":274,"column":9}},"line":272},"21":{"name":"(anonymous_21)","decl":{"start":{"line":278,"column":2},"end":{"line":278,"column":3}},"loc":{"start":{"line":278,"column":73},"end":{"line":441,"column":5}},"line":278},"22":{"name":"(anonymous_22)","decl":{"start":{"line":282,"column":23},"end":{"line":282,"column":24}},"loc":{"start":{"line":282,"column":49},"end":{"line":439,"column":7}},"line":282},"23":{"name":"(anonymous_23)","decl":{"start":{"line":432,"column":47},"end":{"line":432,"column":48}},"loc":{"start":{"line":432,"column":51},"end":{"line":434,"column":7}},"line":432},"24":{"name":"(anonymous_24)","decl":{"start":{"line":435,"column":13},"end":{"line":435,"column":14}},"loc":{"start":{"line":435,"column":22},"end":{"line":437,"column":7}},"line":435}},"branchMap":{"0":{"loc":{"start":{"line":27,"column":15},"end":{"line":27,"column":24}},"type":"default-arg",
[...]
n":8},"end":{"line":23,"column":30}},"13":{"start":{"line":27,"column":6},"end":{"line":27,"column":28}},"14":{"start":{"line":30,"column":4},"end":{"line":30,"column":26}},"15":{"start":{"line":41,"column":0},"end":{"line":41,"column":22}}},"fnMap":{"0":{"name":"(anonymous_0)","decl":{"start":{"line":11,"column":22},"end":{"line":11,"column":23}},"loc":{"start":{"line":11,"column":33},"end":{"line":37,"column":1}},"line":11},"1":{"name":"(anonymous_1)","decl":{"start":{"line":14,"column":30},"end":{"line":14,"column":31}},"loc":{"start":{"line":14,"column":34},"end":{"line":29,"column":3}},"line":14},"2":{"name":"(anonymous_2)","decl":{"start":{"line":16,"column":35},"end":{"line":16,"column":36}},"loc":{"start":{"line":16,"column":46},"end":{"line":25,"column":5}},"line":16},"3":{"name":"(anonymous_3)","decl":{"start":{"line":18,"column":50},"end":{"line":18,"column":51}},"loc":{"start":{"line":18,"column":54},"end":{"line":21,"column":7}},"line":18},"4":{"name":"(anonymous_4)","decl":{"start":{"line":22,"column":13},"end":{"line":22,"column":14}},"loc":{"start":{"line":22,"column":20},"end":{"line":24,"column":7}},"line":22},"5":{"name":"(anonymous_5)","decl":{"start":{"line":26,"column":11},"end":{"line":26,"column":12}},"loc":{"start":{"line":26,"column":18},"end":{"line":28,"column":5}},"line":26},"6":{"name":"(anonymous_6)","decl":{"start":{"line":29,"column":4},"end":{"line":29,"column":5}},"loc":{"start":{"line":29,"column":17},"end":{"line":31,"column":3}},"line":29}},"branchMap":{},"s":{"0":1,"1":1,"2":1,"3":1,"4":1,"5":0,"6":0,"7":0,"8":0,"9":0,"10":0,"11":0,"12":0,"13":0,"14":0,"15":1},"f":{"0":0,"1":0,"2":0,"3":0,"4":0,"5":0,"6":0},"b":{},"_coverageSchema":"332fd63041d2c1bcb487cc26dd0d5f7d97098a6c","hash":"65d78f8097a03e59a9de20f4cabe76ef1afe07e7","contentHash":"2a5b53a11b6f1f962b335b65b19a208a_10.2.0"},"/Users/je10617/Desktop/express-authenticate/users/_common/get.js":{"path":"/Users/je10617/Desktop/express-authenticate/users/_common/get.js","statementMap":{"0":{"start":{"line":3,"column":14},"end":{"line":3,"column":32}},"1":{"start":{"line":5,"column":13},"end":{"line":5,"column":29}},"2":{"start":{"line":7,"column":11},"end":{"line":7,"column":28}},"3":{"start":{"line":9,"column":15},"end":{"line":9,"column":47}},"4":{"start":{"line":13,"column":0},"end":{"line":23,"column":3}},"5":{"start":{"line":14,"column":11},"end":{"line":14,"column":21}},"6":{"start":{"line":15,"column":2},"end":{"line":22,"column":5}},"7":{"start":{"line":16,"column":4},"end":{"line":16,"column":30}},"8":{"start":{"line":17,"column":4},"end":{"line":17,"column":14}},"9":{"start":{"line":18,"column":4},"end":{"line":18,"column":19}},"10":{"start":{"line":21,"column":4},"end":{"line":21,"column":26}},"11":{"start":{"line":25,"column":0},"end":{"line":33,"column":3}},"12":{"start":{"line":26,"column":11},"end":{"line":26,"column":42}},"13":{"start":{"line":27,"column":2},"end":{"line":32,"column":5}},"14":{"start":{"line":28,"column":4},"end":{"line":28,"column":20}},"15":{"start":{"line":31,"column":4},"end":{"line":31,"column":26}},"16":{"start":{"line":36,"column":0},"end":{"line":53,"column":3}},"17":{"start":{"line":37,"column":2},"end":{"line":50,"column":3}},"18":{"start":{"line":38,"column":13},"end":{"line":38,"column":23}},"19":{"start":{"line":39,"column":4},"end":{"line":47,"column":7}},"20":{"start":{"line":40,"column":6},"end":{"line":40,"column":32}},"21":{"start":{"line":41,"column":6},"end":{"line":41,"column":16}},"22":{"start":{"line":42,"column":6},"end":{"line":42,"column":35}},"23":{"start":{"line":43,"column":6},"end":{"line":43,"column":21}},"24":{"start":{"line":46,"column":6},"end":{"line":46,"column":28}},"25":{"start":{"line":49,"column":4},"end":{"line":49,"column":38}},"26":{"start":{"line":56,"column":0},"end":{"line":79,"column":3}},"27":{"start":{"line":57,"column":2},"end":{"line":76,"column":3}},"28":{"start":{"line":58,"column":20},"end":{"line":58,"column":53}},"29":{"start":{"line":59,"column":4},"end":{"line":73,"column":7}},"30":{"start":{"line":60,"column":15},"end":{"line":60,"column":22}},"31":{"start":{"line":61,"column":6},"end":{"line":69,"column":9}},"32":{"start":{"line":62,"column":8},"end":{"line":62,"column":34}},"33":{"start":{"line":63,"column":8},"end":{"line":63,"column":25}},"34":{"start":{"line":64,"column":8},"end":{"line":64,"column":41}},"35":{"start":{"line":65,"column":8},"end":{"line":65,"column":23}},"36":{"start":{"line":68,"column":8},"end":{"line":68,"column":30}},"37":{"start":{"line":72,"column":6},"end":{"line":72,"column":28}},"38":{"start":{"line":75,"column":4},"end":{"line":75,"column":42}},"39":{"start":{"line":83,"column":0},"end":{"line":104,"column":3}},"40":{"start":{"line":84,"column":18},"end":{"line":84,"column":51}},"41":{"start":{"line":85,"column":2},"end":{"line":101,"column":5}},"42":{"start":{"line":86,"column":13},"end":{"line":86,"column":20}},"43":{"start":{"line":87,"column":4},"end":{"line":96,"column":7}},"44":{"start":{"line":88,"column":6},"end":{"line":88,"column":32}},"45":{"start":{"line":89,"column":6},"end":{"line":89,"column":23}},"46":{"start":{"line":90,"column":6},"end":{"line":90,"column":21}},"47":{"start":{"line":93,"column":6},"end":{"line":93,"column":23}},"48":{"start":{"line":94,"column":6},"end":{"line":94,"column":16}},"49":{"start":{"line":95,"column":6},"end":{"line":95,"column":28}},"50":{"start":{"line":99,"column":4},"end":{"line":99,"column":21}},"51":{"start":{"line":100,"column":4},"end":{"line":100,"column":26}},"52":{"start":{"line":107,"column":0},"end":{"line":117,"column":3}},"53":{"start":{"line":108,"column":2},"end":{"line":114,"column":3}},"54":{"start":{"line":109,"column":13},"end":{"line":109,"column":23}},"55":{"start":{"line":110,"column":4},"end":{"line":110,"column":47}},"56":{"start":{"line":111,"column":4},"end":{"line":111,"column":14}},"57":{"start":{"line":113,"column":4},"end":{"line":113,"column":87}},"58":{"start":{"line":120,"column":0},"end":{"line":141,"column":3}},"59":{"start":{"line":121,"column":18},"end":{"line":121,"column":51}},"60":{"start":{"line":122,"column":2},"end":{"line":138,"column":5}},"61":{"start":{"line":123,"column":13},"end":{"line":123,"column":20}},"62":{"start":{"line":124,"column":4},"end":{"line":133,"column":7}},"63":{"start":{"line":125,"column":6},"end":{"line":125,"column":32}},"64":{"start":{"line":126,"column":6},"end":{"line":126,"column":23}},"65":{"start":{"line":127,"column":6},"end":{"line":127,"column":21}},"66":{"start":{"line":130,"column":6},"end":{"line":130,"column":23}},"67":{"start":{"line":131,"column":6},"end":{"line":131,"column":16}},"68":{"start":{"line":132,"column":6},"end":{"line":132,"column":28}},"69":{"start":{"line":136,"column":4},"end":{"line":136,"column":21}},"70":{"start":{"line":137,"column":4},"end":{"line":137,"column":26}},"71":{"start":{"line":146,"column":0},"end":{"line":146,"column":22}}},"fnMap":{"0":{"name":"(anonymous_0)","decl":{"start":{"line":13,"column":36},"end":{"line":13,"column":37}},"loc":{"start":{"line":13,"column":47},"end":{"line":23,"column":1}},"line":13},"1":{"name":"(anonymous_1)","decl":{"start":{"line":15,"column":44},"end":{"line":15,"column":45}},"loc":{"start":{"line":15,"column":52},"end":{"line":19,"column":3}},"line":15},"2":{"name":"(anonymous_2)","decl":{"start":{"line":20,"column":9},"end":{"line":20,"column":10}},"loc":{"start":{"line":20,"column":16},"end":{"line":22,"column":3}},"line":20},"3":{"name":"(anonymous_3)","decl":{"start":{"line":25,"column":47},"end":{"line":25,"column":48}},"loc":{"start":{"line":25,"column":58},"end":{"line":33,"column":1}},"line":25},"4":{"name":"(anonymous_4)","decl":{"start":{"line":27,"column":28},"end":{"line":27,"column":29}},"loc":{"start":{"line":27,"column":37},"end":{"line":29,"column":3}},"line":27},"5":{"name":"(anonymous_5)","decl":{"start":{"line":30,"column":9},"end":{"line":30,"column":10}},"loc":{"start":{"line":30,"column":16},"end":{"line":32,"column":3}},"line":30},"6":{"name":"(anonymous_6)","decl":{"start":{"line":36,"column":23},"end":{"line":36,"column":24}},"loc":{"start":{"line":36,"column":34},"end":{"line":53,"column":1}},"line":36},"7":{"name":"(anonymous_7)","decl":{"start":{"line":39,"column":29},"end":{"line":39,"column":30}},"loc":{"start":{"line":39,"column":37},"end":{"line":44,"column":5}},"line":39},"8":{"name":"(anonymous_8)","decl":{"start":{"line":45,"column":11},"end":{"line":45,"column":12}},"loc":{"start":{"line":45,"column":18},"end":{"line":47,"column":5}},"line":45},"9":{"name":"(anonymous_9)","decl":{"start":{"line":56,"column":27},"end":{"line":56,"column":28}},"loc":{"start":{"line":56,"column":38},"end":{"line":79,"column":1}},"line":56},"10":{"name":"(anonymous_10)","decl":{"start":{"line":59,"column":35},"end":{"line":59,"column":36}},"loc":{"start":{"line":59,"column":46},"end":{"line":70,"column":5}},"line":59},"11":{"name":"(anonymous_11)","decl":{"start":{"line":61,"column":44},"end":{"line":61,"column":45}},"loc":{"start":{"line":61,"column":52},"end":{"line":66,"column":7}},"line":61},"12":{"name":"(anonymous_12)","decl":{"start":{"line":67,"column":13},"end":{"line":67,"column":14}},"loc":{"start":{"line":67,"column":20},"end":{"line":69,"column":7}},"line":67},"13":{"name":"(anonymous_13)","decl":{"start":{"line":71,"column":11},"end":{"line":71,"column":12}},"loc":{"start":{"line":71,"column":18},"end":{"line":73,"column":5}},"line":71},"14":{"name":"(anonymous_14)","decl":{"start":{"line":83,"column":24},"end":{"line":83,"column":25}},"loc":{"start":{"line":83,"column":35},"end":{"line":104,"column":1}},"line":83},"15":{"name":"(anonymous_15)","decl":{"start":{"line":85,"column":33},"end":{"line":85,"column":34}},"loc":{"start":{"line":85,"column":44},"end":{"line":97,"column":3}},"line":85},"16":{"name":"(anonymous_16)","decl":{"start":{"line":87,"column":29},"end":{"line":87,"column":30}},"loc":{"start":{"line":87,"column":37},"end":{"line":91,"column":5}},"line":87},"17":{"name":"(anonymous_17)","decl":{"start":{"line":92,"column":11},"end":{"line":92,"column":12}},"loc":{"start":{"line":92,"column":18},"end":{"line":96,"column":5}},"line":92},"18":{"name":"(anonymous_18)","decl":{"start":{"line":98,"column":9},"end":{"line":98,"column":10}},"loc":{"start":{"line":98,"column":16},"end":{"line":101,"column":3}},"line":98},"19":{"name":"(anonymous_19)","decl":{"start":{"line":107,"column":42},"end":{"line":107,"column":43}},"loc":{"start":{"line":107,"column":53},"end":{"line":117,"column":1}},"line":107},"20":{"name":"(anonymous_20)","decl":{"start":{"line":120,"column":45},"end":{"line":120,"column":46}},"loc":{"start":{"line":120,"column":56},"end":{"line":141,"column":1}},"line":120},"21":{"name":"(anonymous_21)","decl":{"start":{"line":122,"column":33},"end":{"line":122,"column":34}},"loc":{"start":{"line":122,"column":44},"end":{"line":134,"column":3}},"line":122},"22":{"name":"(anonymous_22)","decl":{"start":{"line":124,"column":55},"end":{"line":124,"column":56}},"loc":{"start":{"line":124,"column":63},"end":{"line":128,"column":5}},"line":124},"23":{"name":"(anonymous_23)","decl":{"start":{"line":129,"column":11},"end":{"line":129,"column":12}},"loc":{"start":{"line":129,"column":18},"end":{"line":133,"column":5}},"line":129},"24":{"name":"(anonymous_24)","decl":{"start":{"line":135,"column":9},"end":{"line":135,"column":10}},"loc":{"start":{"line":135,"column":16},"end":{"line":138,"column":3}},"line":135}},"branchMap":{"0":{"loc":{"start":{"line":37,"column":2},"end":{"line":50,"column":3}},"type":"if","locations":[{"start":{"line":37,"column":2},"end":{"line":50,"column":3}},{"start":{"line":37,"column":2},"end":{"line":50,"column":3}}],"line":37},"1":{"loc":{"start":{"line":57,"column":2},"end":{"line":76,"column":3}},"type":"if","locations":[{"start":{"line":57,"column":2},"end":{"line":76,"column":3}},{"start":{"line":57,"column":2},"end":{"line":76,"column":3}}],"line":57},"2":{"loc":{"start":{"line":108,"column":2},"end":{"line":114,"column":3}},"type":"if","locations":[{"start":{"line":108,"column":2},"end":{"line":114,"column":3}},{"start":{"line":108,"column":2},"end":{"line":114,"column":3}}],"line":108},"3":{"loc":{"start":{"line":108,"column":5},"end":{"line":108,"column":94}},"type":"binary-expr","locations":[{"start":{"line":108,"column":5},"end":{"line":108,"column":16}},{"start":{"line":108,"column":20},"end":{"line":108,"column":39}},{"start":{"line":108,"column":43},"end":{"line":108,"column":94}}],"line":108}},"s":{"0":1,"1":1,"2":1,"3":1,"4":1,"5":0,"6":0,"7":0,"8":0,"9":0,"10":0,"11":1,"12":0,"13":0,"14":0,"15":0,"16":1,"17":0,"18":0,"19":0,"20":0,"21":0,"22":0,"23":0,"24":0,"25":0,"26":1,"27":0,"28":0,"29":0,"30":0,"31":0,"32":0,"33":0,"34":0,"35":0,"36":0,"37":0,"38":0,"39":1,"40":0,"41":0,"42":0,"43":0,"44":0,"45":0,"46":0,"47":0,"48":0,"49":0,"50":0,"51":0,"52":1,"53":0,"54":0,"55":0,"56":0,"57":0,"58":1,"59":0,"60":0,"61":0,"62":0,"63":0,"64":0,"65":0,"66":0,"67":0,"68":0,"69":0,"70":0,"71":1},"f":{"0":0,"1":0,"2":0,"3":0,"4":0,"5":0,"6":0,"7":0,"8":0,"9":0,"10":0,"11":0,"12":0,"13":0,"14":0,"15":0,"16":0,"17":0,"18":0,"19":0,"20":0,"21":0,"22":0,"23":0,"24":0},"b":{"0":[0,0],"1":[0,0],"2":[0,0],"3":[0,0,0]},"_coverageSchema":"332fd63041d2c1bcb487cc26dd0d5f7d97098a6c","hash":"305881903f1076f732c9ad80f5cc972b9a6148a5","contentHash":"9360829e34bfb1b3d1bdb0e3948a7f15_10.2.0"},"/Users/je10617/Desktop/express-authenticate/authentication/middleware.js":{"path":"/Users/je10617/Desktop/express-authenticate/authentication/middleware.js","statementMap":{"0":{"start":{"line":7,"column":10},"end":{"line":7,"column":31}},"1":{"start":{"line":8,"column":13},"end":{"line":8,"column":30}},"2":{"start":{"line":9,"column":13},"end":{"line":9,"column":32}},"3":{"start":{"line":19,"column":0},"end":{"line":52,"column":2}},"4":{"start":{"line":20,"column":4},"end":{"line":30,"column":5}},"5":{"start":{"line":22,"column":6},"end":{"line":29,"column":10}},"6":{"start":{"line":32,"column":18},"end":{"line":32,"column":57}},"7":{"start":{"line":33,"column":18},"end":{"line":33,"column":81}},"8":{"start":{"line":35,"column":4},"end":{"line":44,"column":5}},"9":{"start":{"line":36,"column":6},"end":{"line":43,"column":10}},"10":{"start":{"line":46,"column":4},"end":{"line":46,"column":25}},"11":{"start":{"line":51,"column":2},"end":{"line":51,"column":9}}},"fnMap":{"0":{"name":"(anonymous_0)","decl":{"start":{"line":19,"column":28},"end":{"line":19,"column":29}},"loc":{"start":{"line":19,"column":50},"end":{"line":52,"column":1}},"line":19}},"branchMap":{"0":{"loc":{"start":{"line":20,"column":4},"end":{"line":30,"column":5}},"type":"if","locations":[{"start":{"line":20,"column":4},"end":{"line":30,"column":5}},{"start":{"line":20,"column":4},"end":{"line":30,"column":5}}],"line":20},"1":{"loc":{"start":{"line":35,"column":4},"end":{"line":44,"column":5}},"type":"if","locations":[{"start":{"line":35,"column":4},"end":{"line":44,"column":5}},{"start":{"line":35,"column":4},"end":{"line":44,"column":5}}],"line":35},"2":{"loc":{"start":{"line":35,"column":7},"end":{"line":35,"column":47}},"type":"binary-expr","locations":[{"start":{"line":35,"column":7},"end":{"line":35,"column":15}},{"start":{"line":35,"column":19},"end":{"line":35,"column":47}}],"line":35}},"s":{"0":1,"1":1,"2":1,"3":1,"4":0,"5":0,"6":0,"7":0,"8":0,"9":0,"10":0,"11":0},"f":{"0":0},"b":{"0":[0,0],"1":[0,0],"2":[0,0]},"_coverageSchema":"332fd63041d2c1bcb487cc26dd0d5f7d97098a6c","hash":"380ffda5c83f76b0c7a9ad5980502922d0113d1e","contentHash":"ef94b5d82e372d06498cee1f02f88851_10.2.0"},"/Users/je10617/Desktop/express-authenticate/authentication/config.js":{"path":"/Users/je10617/Desktop/express-authenticate/authentication/config.js","statementMap":{"0":{"start":{"line":8,"column":0},"end":{"line":11,"column":2}}},"fnMap":{},"branchMap":{"0":{"loc":{"start":{"line":9,"column":16},"end":{"line":9,"column":90}},"type":"binary-expr","locations":[{"start":{"line":9,"column":16},"end":{"line":9,"column":40}},{"start":{"line":9,"column":44},"end":{"line":9,"column":90}}],"line":9}},"s":{"0":1},"f":{},"b":{"0":[1,1]},"_coverageSchema":"332fd63041d2c1bcb487cc26dd0d5f7d97098a6c","hash":"29608566ba3a5a297d709e9377ed768bd772d6bf","contentHash":"1d9c7592013b5d63f8e1c6700b26a95d_10.2.0"},"/Users/je10617/Desktop/express-authenticate/microservices/index.js":{"path":"/Users/je10617/Desktop/express-authenticate/microservices/index.js","statementMap":{"0":{"start":{"line":1,"column":14},"end":{"line":1,"column":44}},"1":{"start":{"line":2,"column":9},"end":{"line":2,"column":22}},"2":{"start":{"line":3,"column":13},"end":{"line":3,"column":37}},"3":{"start":{"line":12,"column":16},"end":{"line":12,"column":20}},"4":{"start":{"line":13,"column":29},"end":{"line":13,"column":53}},"5":{"start":{"line":14,"column":28},"end":{"line":14,"column":30}},"6":{"start":{"line":16,"column":4},"end":{"line":24,"column":7}},"7":{"start":{"line":17,"column":6},"end":{"line":19,"column":9}},"8":{"start":{"line":18,"column":8},"end":{"line":18,"column":45}},"9":{"start":{"line":21,"column":6},"end":{"line":23,"column":7}},"10":{"start":{"line":22,"column":8},"end":{"line":22,"column":77}},"11":{"start":{"line":30,"column":14},"end":{"line":30,"column":34}},"12":{"start":{"line":32,"column":16},"end":{"line":32,"column":20}},"13":{"start":{"line":33,"column":4},"end":{"line":35,"column":7}},"14":{"start":{"line":34,"column":6},"end":{"line":34,"column":35}},"15":{"start":{"line":37,"column":4},"end":{"line":40,"column":7}},"16":{"start":{"line":42,"column":4},"end":{"line":48,"column":7}},"17":{"start":{"line":43,"column":6},"end":{"line":47,"column":7}},"18":{"start":{"line":44,"column":8},"end":{"line":44,"column":33}},"19":{"start":{"line":45,"column":8},"end":{"line":45,"column":17}},"20":{"start":{"line":46,"column":8},"end":{"line":46,"column":34}},"21":{"start":{"line":52,"column":0},"end":{"line":52,"column":35}}},"fnMap":{"0":{"name":"(anonymous_0)","decl":{"start":{"line":7,"column":2},"end":{"line":7,"column":3}},"loc":{"start":{"line":7,"column":16},"end":{"line":8,"column":3}},"line":7},"1":{"name":"(anonymous_1)","decl":{"start":{"line":11,"column":2},"end":{"line":11,"column":3}},"loc":{"start":{"line":11,"column":18},"end":{"line":25,"column":3}},"line":11},"2":{"name":"(anonymous_2)","decl":{"start":{"line":16,"column":36},"end":{"line":16,"column":37}},"loc":{"start":{"line":16,"column":49},"end":{"line":24,"column":5}},"line":16},"3":{"name":"(anonymous_3)","decl":{"start":{"line":17,"column":39},"end":{"line":17,"column":40}},"loc":{"start":{"line":17,"column":53},"end":{"line":19,"column":7}},"line":17},"4":{"name":"(anonymous_4)","decl":{"start":{"line":29,"column":2},"end":{"line":29,"column":3}},"loc":{"start":{"line":29,"column":21},"end":{"line":49,"column":3}},"line":29},"5":{"name":"(anonymous_5)","decl":{"start":{"line":33,"column":26},"end":{"line":33,"column":27}},"loc":{"start":{"line":33,"column":36},"end":{"line":35,"column":5}},"line":33},"6":{"name":"(anonymous_6)","decl":{"start":{"line":37,"column":26},"end":{"line":37,"column":27}},"loc":{"start":{"line":37,"column":36},"end":{"line":40,"column":5}},"line":37},"7":{"name":"(anonymous_7)","decl":{"start":{"line":42,"column":21},"end":{"line":42,"column":22}},"loc":{"start":{"line":42,"column":31},"end":{"line":48,"column":5}},"line":42}},"branchMap":{"0":{"loc":{"start":{"line":43,"column":6},"end":{"line":47,"column":7}},"type":"if","locations":[{"start":{"line":43,"column":6},"end":{"line":47,"column":7}},{"start":{"line":43,"column":6},"end":{"line":47,"column":7}}],"line":43}},"s":{"0":1,"1":1,"2":1,"3":0,"4":0,"5":0,"6":0,"7":0,"8":0,"9":0,"10":0,"11":0,"12":0,"13":0,"14":0,"15":0,"16":0,"17":0,"18":0,"19":0,"20":0,"21":1},"f":{"0":1,"1":0,"2":0,"3":0,"4":0,"5":0,"6":0,"7":0},"b":{"0":[0,0]},"_coverageSchema":"332fd63041d2c1bcb487cc26dd0d5f7d97098a6c","hash":"63b7170fc22159b7e430d4bd1302f5096918179c","contentHash":"ab4e2681bf739f2689e007fdf70d5ca5_10.2.0"}}