{"/Users/je10617/Desktop/express-authenticate/server.js":{"path":"/Users/je10617/Desktop/express-authenticate/server.js","s":{"1":1,"2":1,"3":1,"4":1,"5":1,"6":1,"7":1,"8":1,"9":1,"10":1,"11":1,"12":12,"13":12,"14":12,"15":1,"16":1,"17":1,"18":7,"19":1,"20":1,"21":1,"22":1,"23":1,"24":1},"b":{"1":[1,0]},"f":{"1":12},"fnMap":{"1":{"name":"(anonymous_1)","line":33,"loc":{"start":{"line":33,"column":8},"end":{"line":33,"column":33}}}},"statementMap":{"1":{"start":{"line":6,"column":0},"end":{"line":6,"column":35}},"2":{"start":{"line":7,"column":0},"end":{"line":7,"column":20}},"3":{"start":{"line":8,"column":0},"end":{"line":8,"column":52}},"4":{"start":{"line":9,"column":0},"end":{"line":9,"column":52}},"5":{"start":{"line":11,"column":0},"end":{"line":11,"column":41}},"6":{"start":{"line":12,"column":0},"end":{"line":12,"column":27}},"7":{"start":{"line":17,"column":0},"end":{"line":17,"column":55}},"8":{"start":{"line":20,"column":0},"end":{"line":20,"column":33}},"9":{"start":{"line":23,"column":0},"end":{"line":23,"column":36}},"10":{"start":{"line":27,"column":0},"end":{"line":27,"column":70}},"11":{"start":{"line":33,"column":0},"end":{"line":37,"column":3}},"12":{"start":{"line":34,"column":2},"end":{"line":34,"column":48}},"13":{"start":{"line":35,"column":2},"end":{"line":35,"column":110}},"14":{"start":{"line":36,"column":2},"end":{"line":36,"column":9}},"15":{"start":{"line":40,"column":0},"end":{"line":44,"column":2}},"16":{"start":{"line":47,"column":0},"end":{"line":47,"column":44}},"17":{"start":{"line":51,"column":0},"end":{"line":53,"column":1}},"18":{"start":{"line":52,"column":2},"end":{"line":52,"column":83}},"19":{"start":{"line":57,"column":0},"end":{"line":57,"column":70}},"20":{"start":{"line":58,"column":0},"end":{"line":58,"column":105}},"21":{"start":{"line":59,"column":0},"end":{"line":59,"column":105}},"22":{"start":{"line":64,"column":0},"end":{"line":66,"column":3}},"23":{"start":{"line":65,"column":2},"end":{"line":65,"column":25}},"24":{"start":{"line":74,"column":0},"end":{"line":74,"column":32}}},"branchMap":{"1":{"line":9,"type":"binary-expr","locations":[{"start":{"line":9,"column":13},"end":{"line":9,"column":29}},{"start":{"line":9,"column":33},"end":{"line":9,"column":51}}]}}},"/Users/je10617/Desktop/express-authenticate/authentication/index.js":{"path":"/Users/je10617/Desktop/express-authenticate/authentication/index.js","s":{"1":1,"2":1,"3":1,"4":1,"5":1},"b":{},"f":{},"fnMap":{},"statementMap":{"1":{"start":{"line":1,"column":0},"end":{"line":1,"column":31}},"2":{"start":{"line":4,"column":0},"end":{"line":4,"column":49}},"3":{"start":{"line":7,"column":0},"end":{"line":7,"column":43}},"4":{"start":{"line":14,"column":0},"end":{"line":14,"column":65}},"5":{"start":{"line":21,"column":0},"end":{"line":21,"column":35}}},"branchMap":{}},"/Users/je10617/Desktop/express-authenticate/authentication/coreFunctions.js":{"path":"/Users/je10617/Desktop/express-authenticate/authentication/coreFunctions.js","s":{"1":1,"2":1,"3":1,"4":1,"5":1,"6":1,"7":1,"8":1,"9":1,"10":1,"11":2,"12":2,"13":2,"14":1,"15":1,"16":1,"17":1,"18":1,"19":0,"20":0,"21":1,"22":2,"23":1,"24":1,"25":1,"26":1},"b":{"1":[1,1],"2":[1,0]},"f":{"1":1,"2":2,"3":2,"4":2},"fnMap":{"1":{"name":"createToken","line":14,"loc":{"start":{"line":14,"column":0},"end":{"line":14,"column":24}}},"2":{"name":"existeUsuario","line":29,"loc":{"start":{"line":29,"column":0},"end":{"line":29,"column":30}}},"3":{"name":"(anonymous_3)","line":30,"loc":{"start":{"line":30,"column":21},"end":{"line":30,"column":45}}},"4":{"name":"(anonymous_4)","line":61,"loc":{"start":{"line":61,"column":19},"end":{"line":61,"column":36}}}},"statementMap":{"1":{"start":{"line":2,"column":0},"end":{"line":2,"column":32}},"2":{"start":{"line":3,"column":0},"end":{"line":3,"column":31}},"3":{"start":{"line":4,"column":0},"end":{"line":4,"column":33}},"4":{"start":{"line":6,"column":0},"end":{"line":6,"column":42}},"5":{"start":{"line":7,"column":0},"end":{"line":7,"column":54}},"6":{"start":{"line":9,"column":0},"end":{"line":9,"column":57}},"7":{"start":{"line":14,"column":0},"end":{"line":22,"column":1}},"8":{"start":{"line":15,"column":2},"end":{"line":19,"column":4}},"9":{"start":{"line":21,"column":2},"end":{"line":21,"column":75}},"10":{"start":{"line":29,"column":0},"end":{"line":59,"column":1}},"11":{"start":{"line":30,"column":2},"end":{"line":56,"column":5}},"12":{"start":{"line":31,"column":4},"end":{"line":55,"column":7}},"13":{"start":{"line":32,"column":6},"end":{"line":54,"column":7}},"14":{"start":{"line":35,"column":8},"end":{"line":35,"column":29}},"15":{"start":{"line":37,"column":8},"end":{"line":50,"column":9}},"16":{"start":{"line":38,"column":10},"end":{"line":45,"column":13}},"17":{"start":{"line":39,"column":12},"end":{"line":39,"column":35}},"18":{"start":{"line":40,"column":12},"end":{"line":40,"column":40}},"19":{"start":{"line":44,"column":12},"end":{"line":44,"column":24}},"20":{"start":{"line":49,"column":10},"end":{"line":49,"column":38}},"21":{"start":{"line":61,"column":0},"end":{"line":90,"column":2}},"22":{"start":{"line":63,"column":2},"end":{"line":88,"column":5}},"23":{"start":{"line":66,"column":4},"end":{"line":66,"column":42}},"24":{"start":{"line":70,"column":4},"end":{"line":75,"column":7}},"25":{"start":{"line":79,"column":4},"end":{"line":81,"column":16}},"26":{"start":{"line":86,"column":4},"end":{"line":87,"column":38}}},"branchMap":{"1":{"line":32,"type":"if","locations":[{"start":{"line":32,"column":6},"end":{"line":32,"column":6}},{"start":{"line":32,"column":6},"end":{"line":32,"column":6}}]},"2":{"line":37,"type":"if","locations":[{"start":{"line":37,"column":8},"end":{"line":37,"column":8}},{"start":{"line":37,"column":8},"end":{"line":37,"column":8}}]}}},"/Users/je10617/Desktop/express-authenticate/authentication/config.js":{"path":"/Users/je10617/Desktop/express-authenticate/authentication/config.js","s":{"1":1},"b":{"1":[1,1]},"f":{},"fnMap":{},"statementMap":{"1":{"start":{"line":2,"column":0},"end":{"line":5,"column":2}}},"branchMap":{"1":{"line":3,"type":"binary-expr","locations":[{"start":{"line":3,"column":16},"end":{"line":3,"column":40}},{"start":{"line":3,"column":44},"end":{"line":3,"column":63}}]}}},"/Users/je10617/Desktop/express-authenticate/db/coreFunctions.js":{"path":"/Users/je10617/Desktop/express-authenticate/db/coreFunctions.js","s":{"1":1,"2":1,"3":1,"4":1,"5":1,"6":0,"7":1,"8":1,"9":1,"10":1,"11":3,"12":3,"13":2,"14":3,"15":1,"16":1,"17":1,"18":1,"19":52,"20":743,"21":743,"22":52,"23":1,"24":3,"25":3,"26":3,"27":3,"28":2,"29":0,"30":1,"31":0,"32":0,"33":0,"34":0,"35":0,"36":0,"37":1,"38":1,"39":1,"40":1,"41":0,"42":1,"43":50,"44":50,"45":49,"46":0,"47":49,"48":1,"49":1,"50":48,"51":49,"52":49,"53":0,"54":49,"55":49,"56":1},"b":{"1":[2,1],"2":[743,0],"3":[210,533],"4":[208,325],"5":[0,0],"6":[1,0],"7":[0,49],"8":[49,49],"9":[0,0],"10":[1,48],"11":[0,49]},"f":{"1":0,"2":1,"3":52,"4":3,"5":0,"6":1,"7":0,"8":50,"9":50,"10":49,"11":49},"fnMap":{"1":{"name":"(anonymous_1)","line":15,"loc":{"start":{"line":15,"column":18},"end":{"line":15,"column":45}}},"2":{"name":"(anonymous_2)","line":25,"loc":{"start":{"line":25,"column":24},"end":{"line":25,"column":43}}},"3":{"name":"(anonymous_3)","line":43,"loc":{"start":{"line":43,"column":30},"end":{"line":43,"column":50}}},"4":{"name":"logActions","line":54,"loc":{"start":{"line":54,"column":0},"end":{"line":54,"column":31}}},"5":{"name":"createCompatibilityTableForInsertCourseQuery","line":67,"loc":{"start":{"line":67,"column":0},"end":{"line":67,"column":64}}},"6":{"name":"startConnection","line":82,"loc":{"start":{"line":82,"column":0},"end":{"line":82,"column":26}}},"7":{"name":"finishConnection","line":93,"loc":{"start":{"line":93,"column":0},"end":{"line":93,"column":27}}},"8":{"name":"sendQuery","line":102,"loc":{"start":{"line":102,"column":0},"end":{"line":102,"column":52}}},"9":{"name":"(anonymous_9)","line":103,"loc":{"start":{"line":103,"column":21},"end":{"line":103,"column":45}}},"10":{"name":"(anonymous_10)","line":106,"loc":{"start":{"line":106,"column":29},"end":{"line":106,"column":57}}},"11":{"name":"(anonymous_11)","line":119,"loc":{"start":{"line":119,"column":32},"end":{"line":119,"column":52}}}},"statementMap":{"1":{"start":{"line":8,"column":0},"end":{"line":8,"column":31}},"2":{"start":{"line":9,"column":0},"end":{"line":9,"column":51}},"3":{"start":{"line":10,"column":0},"end":{"line":10,"column":48}},"4":{"start":{"line":12,"column":0},"end":{"line":12,"column":22}},"5":{"start":{"line":15,"column":0},"end":{"line":23,"column":2}},"6":{"start":{"line":17,"column":2},"end":{"line":22,"column":5}},"7":{"start":{"line":25,"column":0},"end":{"line":40,"column":2}},"8":{"start":{"line":26,"column":2},"end":{"line":26,"column":14}},"9":{"start":{"line":27,"column":2},"end":{"line":27,"column":21}},"10":{"start":{"line":28,"column":2},"end":{"line":34,"column":3}},"11":{"start":{"line":29,"column":4},"end":{"line":29,"column":12}},"12":{"start":{"line":30,"column":4},"end":{"line":32,"column":5}},"13":{"start":{"line":31,"column":8},"end":{"line":31,"column":29}},"14":{"start":{"line":33,"column":4},"end":{"line":33,"column":49}},"15":{"start":{"line":35,"column":2},"end":{"line":35,"column":19}},"16":{"start":{"line":36,"column":2},"end":{"line":36,"column":62}},"17":{"start":{"line":38,"column":2},"end":{"line":38,"column":21}},"18":{"start":{"line":43,"column":0},"end":{"line":51,"column":2}},"19":{"start":{"line":44,"column":2},"end":{"line":49,"column":3}},"20":{"start":{"line":45,"column":4},"end":{"line":47,"column":5}},"21":{"start":{"line":46,"column":6},"end":{"line":46,"column":113}},"22":{"start":{"line":50,"column":2},"end":{"line":50,"column":15}},"23":{"start":{"line":54,"column":0},"end":{"line":64,"column":1}},"24":{"start":{"line":55,"column":2},"end":{"line":55,"column":40}},"25":{"start":{"line":56,"column":2},"end":{"line":56,"column":71}},"26":{"start":{"line":57,"column":2},"end":{"line":57,"column":57}},"27":{"start":{"line":58,"column":2},"end":{"line":63,"column":5}},"28":{"start":{"line":59,"column":4},"end":{"line":59,"column":51}},"29":{"start":{"line":62,"column":4},"end":{"line":62,"column":84}},"30":{"start":{"line":67,"column":0},"end":{"line":76,"column":1}},"31":{"start":{"line":68,"column":2},"end":{"line":68,"column":20}},"32":{"start":{"line":69,"column":2},"end":{"line":74,"column":3}},"33":{"start":{"line":71,"column":4},"end":{"line":71,"column":29}},"34":{"start":{"line":71,"column":12},"end":{"line":71,"column":29}},"35":{"start":{"line":73,"column":6},"end":{"line":73,"column":172}},"36":{"start":{"line":75,"column":2},"end":{"line":75,"column":44}},"37":{"start":{"line":82,"column":0},"end":{"line":86,"column":1}},"38":{"start":{"line":83,"column":2},"end":{"line":85,"column":3}},"39":{"start":{"line":84,"column":4},"end":{"line":84,"column":52}},"40":{"start":{"line":93,"column":0},"end":{"line":95,"column":1}},"41":{"start":{"line":94,"column":2},"end":{"line":94,"column":19}},"42":{"start":{"line":102,"column":0},"end":{"line":135,"column":1}},"43":{"start":{"line":103,"column":2},"end":{"line":133,"column":5}},"44":{"start":{"line":106,"column":4},"end":{"line":132,"column":7}},"45":{"start":{"line":109,"column":6},"end":{"line":111,"column":7}},"46":{"start":{"line":110,"column":8},"end":{"line":110,"column":81}},"47":{"start":{"line":113,"column":6},"end":{"line":118,"column":7}},"48":{"start":{"line":114,"column":8},"end":{"line":114,"column":52}},"49":{"start":{"line":115,"column":8},"end":{"line":115,"column":46}},"50":{"start":{"line":117,"column":8},"end":{"line":117,"column":52}},"51":{"start":{"line":119,"column":6},"end":{"line":131,"column":9}},"52":{"start":{"line":122,"column":8},"end":{"line":124,"column":9}},"53":{"start":{"line":123,"column":10},"end":{"line":123,"column":22}},"54":{"start":{"line":127,"column":8},"end":{"line":127,"column":31}},"55":{"start":{"line":130,"column":8},"end":{"line":130,"column":22}},"56":{"start":{"line":139,"column":0},"end":{"line":146,"column":2}}},"branchMap":{"1":{"line":30,"type":"if","locations":[{"start":{"line":30,"column":4},"end":{"line":30,"column":4}},{"start":{"line":30,"column":4},"end":{"line":30,"column":4}}]},"2":{"line":45,"type":"if","locations":[{"start":{"line":45,"column":4},"end":{"line":45,"column":4}},{"start":{"line":45,"column":4},"end":{"line":45,"column":4}}]},"3":{"line":46,"type":"cond-expr","locations":[{"start":{"line":46,"column":25},"end":{"line":46,"column":30}},{"start":{"line":46,"column":31},"end":{"line":46,"column":112}}]},"4":{"line":46,"type":"cond-expr","locations":[{"start":{"line":46,"column":80},"end":{"line":46,"column":96}},{"start":{"line":46,"column":97},"end":{"line":46,"column":111}}]},"5":{"line":71,"type":"if","locations":[{"start":{"line":71,"column":4},"end":{"line":71,"column":4}},{"start":{"line":71,"column":4},"end":{"line":71,"column":4}}]},"6":{"line":83,"type":"if","locations":[{"start":{"line":83,"column":2},"end":{"line":83,"column":2}},{"start":{"line":83,"column":2},"end":{"line":83,"column":2}}]},"7":{"line":109,"type":"if","locations":[{"start":{"line":109,"column":6},"end":{"line":109,"column":6}},{"start":{"line":109,"column":6},"end":{"line":109,"column":6}}]},"8":{"line":109,"type":"binary-expr","locations":[{"start":{"line":109,"column":9},"end":{"line":109,"column":12}},{"start":{"line":109,"column":16},"end":{"line":109,"column":29}}]},"9":{"line":110,"type":"binary-expr","locations":[{"start":{"line":110,"column":15},"end":{"line":110,"column":18}},{"start":{"line":110,"column":22},"end":{"line":110,"column":79}}]},"10":{"line":113,"type":"if","locations":[{"start":{"line":113,"column":6},"end":{"line":113,"column":6}},{"start":{"line":113,"column":6},"end":{"line":113,"column":6}}]},"11":{"line":122,"type":"if","locations":[{"start":{"line":122,"column":8},"end":{"line":122,"column":8}},{"start":{"line":122,"column":8},"end":{"line":122,"column":8}}]}}},"/Users/je10617/Desktop/express-authenticate/files/fileFunctions.js":{"path":"/Users/je10617/Desktop/express-authenticate/files/fileFunctions.js","s":{"1":1,"2":1,"3":1,"4":1,"5":1,"6":4,"7":1,"8":2,"9":2,"10":2,"11":2,"12":2,"13":2,"14":1,"15":2,"16":2,"17":2,"18":0,"19":1,"20":2,"21":0,"22":2,"23":1,"24":2,"25":2,"26":2,"27":1,"28":2,"29":2,"30":2,"31":2,"32":2,"33":2,"34":2,"35":2,"36":2,"37":2,"38":2,"39":0,"40":0,"41":0,"42":2,"43":2,"44":2,"45":2,"46":0,"47":0,"48":0,"49":0,"50":1,"51":1,"52":1,"53":1,"54":1,"55":1,"56":0,"57":1,"58":0,"59":1,"60":0,"61":0,"62":0,"63":0,"64":0,"65":1},"b":{"1":[2,0],"2":[2,0],"3":[0,2],"4":[2,0],"5":[2,0],"6":[0,2],"7":[2,0],"8":[2,0]},"f":{"1":2},"fnMap":{"1":{"name":"removeVariables","line":56,"loc":{"start":{"line":56,"column":2},"end":{"line":56,"column":28}}}},"statementMap":{"1":{"start":{"line":3,"column":0},"end":{"line":3,"column":27}},"2":{"start":{"line":6,"column":0},"end":{"line":6,"column":27}},"3":{"start":{"line":7,"column":0},"end":{"line":7,"column":23}},"4":{"start":{"line":8,"column":0},"end":{"line":8,"column":49}},"5":{"start":{"line":11,"column":0},"end":{"line":13,"column":2}},"6":{"start":{"line":12,"column":2},"end":{"line":12,"column":65}},"7":{"start":{"line":17,"column":0},"end":{"line":24,"column":2}},"8":{"start":{"line":18,"column":2},"end":{"line":18,"column":25}},"9":{"start":{"line":19,"column":2},"end":{"line":19,"column":82}},"10":{"start":{"line":20,"column":2},"end":{"line":20,"column":77}},"11":{"start":{"line":21,"column":2},"end":{"line":21,"column":82}},"12":{"start":{"line":22,"column":2},"end":{"line":22,"column":88}},"13":{"start":{"line":23,"column":2},"end":{"line":23,"column":70}},"14":{"start":{"line":29,"column":0},"end":{"line":36,"column":2}},"15":{"start":{"line":30,"column":2},"end":{"line":34,"column":3}},"16":{"start":{"line":31,"column":4},"end":{"line":33,"column":5}},"17":{"start":{"line":32,"column":6},"end":{"line":32,"column":18}},"18":{"start":{"line":35,"column":2},"end":{"line":35,"column":15}},"19":{"start":{"line":39,"column":0},"end":{"line":47,"column":2}},"20":{"start":{"line":41,"column":2},"end":{"line":46,"column":3}},"21":{"start":{"line":43,"column":6},"end":{"line":43,"column":81}},"22":{"start":{"line":45,"column":6},"end":{"line":45,"column":121}},"23":{"start":{"line":51,"column":0},"end":{"line":100,"column":2}},"24":{"start":{"line":52,"column":2},"end":{"line":52,"column":18}},"25":{"start":{"line":53,"column":2},"end":{"line":53,"column":19}},"26":{"start":{"line":54,"column":2},"end":{"line":54,"column":21}},"27":{"start":{"line":56,"column":2},"end":{"line":60,"column":3}},"28":{"start":{"line":57,"column":4},"end":{"line":57,"column":21}},"29":{"start":{"line":58,"column":4},"end":{"line":58,"column":19}},"30":{"start":{"line":59,"column":4},"end":{"line":59,"column":24}},"31":{"start":{"line":62,"column":2},"end":{"line":99,"column":5}},"32":{"start":{"line":63,"column":4},"end":{"line":98,"column":5}},"33":{"start":{"line":65,"column":6},"end":{"line":65,"column":52}},"34":{"start":{"line":66,"column":6},"end":{"line":66,"column":67}},"35":{"start":{"line":71,"column":6},"end":{"line":82,"column":7}},"36":{"start":{"line":73,"column":8},"end":{"line":73,"column":52}},"37":{"start":{"line":74,"column":8},"end":{"line":74,"column":87}},"38":{"start":{"line":75,"column":8},"end":{"line":75,"column":41}},"39":{"start":{"line":79,"column":8},"end":{"line":79,"column":17}},"40":{"start":{"line":80,"column":8},"end":{"line":80,"column":91}},"41":{"start":{"line":81,"column":8},"end":{"line":81,"column":42}},"42":{"start":{"line":86,"column":6},"end":{"line":86,"column":54}},"43":{"start":{"line":87,"column":6},"end":{"line":94,"column":9}},"44":{"start":{"line":88,"column":8},"end":{"line":88,"column":26}},"45":{"start":{"line":89,"column":8},"end":{"line":89,"column":22}},"46":{"start":{"line":92,"column":8},"end":{"line":92,"column":26}},"47":{"start":{"line":93,"column":8},"end":{"line":93,"column":20}},"48":{"start":{"line":96,"column":6},"end":{"line":96,"column":24}},"49":{"start":{"line":97,"column":6},"end":{"line":97,"column":50}},"50":{"start":{"line":105,"column":0},"end":{"line":128,"column":2}},"51":{"start":{"line":107,"column":2},"end":{"line":126,"column":5}},"52":{"start":{"line":108,"column":4},"end":{"line":125,"column":7}},"53":{"start":{"line":110,"column":8},"end":{"line":110,"column":80}},"54":{"start":{"line":112,"column":8},"end":{"line":120,"column":11}},"55":{"start":{"line":113,"column":10},"end":{"line":113,"column":25}},"56":{"start":{"line":116,"column":10},"end":{"line":116,"column":22}},"57":{"start":{"line":119,"column":10},"end":{"line":119,"column":29}},"58":{"start":{"line":124,"column":6},"end":{"line":124,"column":18}},"59":{"start":{"line":133,"column":0},"end":{"line":150,"column":2}},"60":{"start":{"line":135,"column":2},"end":{"line":148,"column":5}},"61":{"start":{"line":139,"column":6},"end":{"line":139,"column":82}},"62":{"start":{"line":141,"column":6},"end":{"line":141,"column":36}},"63":{"start":{"line":144,"column":6},"end":{"line":144,"column":26}},"64":{"start":{"line":147,"column":4},"end":{"line":147,"column":31}},"65":{"start":{"line":155,"column":0},"end":{"line":162,"column":2}}},"branchMap":{"1":{"line":19,"type":"cond-expr","locations":[{"start":{"line":19,"column":38},"end":{"line":19,"column":62}},{"start":{"line":19,"column":63},"end":{"line":19,"column":81}}]},"2":{"line":20,"type":"cond-expr","locations":[{"start":{"line":20,"column":35},"end":{"line":20,"column":58}},{"start":{"line":20,"column":59},"end":{"line":20,"column":76}}]},"3":{"line":21,"type":"cond-expr","locations":[{"start":{"line":21,"column":38},"end":{"line":21,"column":62}},{"start":{"line":21,"column":63},"end":{"line":21,"column":81}}]},"4":{"line":22,"type":"cond-expr","locations":[{"start":{"line":22,"column":40},"end":{"line":22,"column":66}},{"start":{"line":22,"column":67},"end":{"line":22,"column":87}}]},"5":{"line":31,"type":"if","locations":[{"start":{"line":31,"column":4},"end":{"line":31,"column":4}},{"start":{"line":31,"column":4},"end":{"line":31,"column":4}}]},"6":{"line":41,"type":"switch","locations":[{"start":{"line":42,"column":4},"end":{"line":43,"column":81}},{"start":{"line":44,"column":4},"end":{"line":45,"column":121}}]},"7":{"line":63,"type":"if","locations":[{"start":{"line":63,"column":4},"end":{"line":63,"column":4}},{"start":{"line":63,"column":4},"end":{"line":63,"column":4}}]},"8":{"line":71,"type":"if","locations":[{"start":{"line":71,"column":6},"end":{"line":71,"column":6}},{"start":{"line":71,"column":6},"end":{"line":71,"column":6}}]}}},"/Users/je10617/Desktop/express-authenticate/files/FTP.js":{"path":"/Users/je10617/Desktop/express-authenticate/files/FTP.js","s":{"1":1,"2":1,"3":1,"4":1,"5":1,"6":1,"7":1,"8":3,"9":6,"10":1,"11":2,"12":1,"13":2,"14":2,"15":2,"16":0,"17":2,"18":1,"19":2,"20":2,"21":2,"22":0,"23":0,"24":2,"25":1,"26":3,"27":3,"28":1,"29":1,"30":1,"31":1,"32":1,"33":1,"34":1,"35":0,"36":0,"37":1,"38":1,"39":1,"40":0,"41":0,"42":1,"43":1,"44":1,"45":1,"46":0,"47":0,"48":1,"49":0,"50":1,"51":2,"52":2,"53":2,"54":2,"55":2,"56":0,"57":2,"58":0,"59":0,"60":0,"61":0,"62":0,"63":2,"64":2,"65":2,"66":2,"67":0,"68":0,"69":0,"70":0,"71":0,"72":2,"73":0},"b":{"1":[1,5],"2":[0,2],"3":[0,2],"4":[0,1],"5":[1,0],"6":[0,1],"7":[0,2],"8":[0,2]},"f":{"1":3,"2":2,"3":2,"4":2,"5":3,"6":1,"7":1,"8":1,"9":2,"10":2,"11":2,"12":2},"fnMap":{"1":{"name":"checkIfDirExists","line":14,"loc":{"start":{"line":14,"column":0},"end":{"line":14,"column":38}}},"2":{"name":"createDir","line":24,"loc":{"start":{"line":24,"column":0},"end":{"line":24,"column":24}}},"3":{"name":"createFile","line":37,"loc":{"start":{"line":37,"column":0},"end":{"line":37,"column":36}}},"4":{"name":"(anonymous_4)","line":40,"loc":{"start":{"line":40,"column":30},"end":{"line":40,"column":44}}},"5":{"name":"FTPDisconnect","line":52,"loc":{"start":{"line":52,"column":0},"end":{"line":52,"column":24}}},"6":{"name":"(anonymous_6)","line":60,"loc":{"start":{"line":60,"column":21},"end":{"line":60,"column":39}}},"7":{"name":"(anonymous_7)","line":70,"loc":{"start":{"line":70,"column":25},"end":{"line":70,"column":36}}},"8":{"name":"(anonymous_8)","line":73,"loc":{"start":{"line":73,"column":38},"end":{"line":73,"column":58}}},"9":{"name":"(anonymous_9)","line":121,"loc":{"start":{"line":121,"column":19},"end":{"line":121,"column":41}}},"10":{"name":"(anonymous_10)","line":126,"loc":{"start":{"line":126,"column":21},"end":{"line":126,"column":45}}},"11":{"name":"(anonymous_11)","line":131,"loc":{"start":{"line":131,"column":22},"end":{"line":131,"column":33}}},"12":{"name":"(anonymous_12)","line":133,"loc":{"start":{"line":133,"column":15},"end":{"line":133,"column":35}}}},"statementMap":{"1":{"start":{"line":6,"column":0},"end":{"line":6,"column":33}},"2":{"start":{"line":7,"column":0},"end":{"line":7,"column":27}},"3":{"start":{"line":8,"column":0},"end":{"line":8,"column":33}},"4":{"start":{"line":9,"column":0},"end":{"line":9,"column":28}},"5":{"start":{"line":10,"column":0},"end":{"line":10,"column":29}},"6":{"start":{"line":11,"column":0},"end":{"line":11,"column":23}},"7":{"start":{"line":14,"column":0},"end":{"line":21,"column":1}},"8":{"start":{"line":15,"column":2},"end":{"line":19,"column":3}},"9":{"start":{"line":16,"column":4},"end":{"line":18,"column":5}},"10":{"start":{"line":17,"column":6},"end":{"line":17,"column":18}},"11":{"start":{"line":20,"column":2},"end":{"line":20,"column":15}},"12":{"start":{"line":24,"column":0},"end":{"line":33,"column":1}},"13":{"start":{"line":25,"column":2},"end":{"line":32,"column":5}},"14":{"start":{"line":26,"column":4},"end":{"line":31,"column":7}},"15":{"start":{"line":27,"column":6},"end":{"line":29,"column":7}},"16":{"start":{"line":28,"column":8},"end":{"line":28,"column":20}},"17":{"start":{"line":30,"column":6},"end":{"line":30,"column":20}},"18":{"start":{"line":37,"column":0},"end":{"line":49,"column":1}},"19":{"start":{"line":38,"column":2},"end":{"line":48,"column":5}},"20":{"start":{"line":40,"column":4},"end":{"line":47,"column":7}},"21":{"start":{"line":41,"column":6},"end":{"line":46,"column":7}},"22":{"start":{"line":42,"column":8},"end":{"line":42,"column":25}},"23":{"start":{"line":43,"column":8},"end":{"line":43,"column":20}},"24":{"start":{"line":45,"column":8},"end":{"line":45,"column":22}},"25":{"start":{"line":52,"column":0},"end":{"line":55,"column":1}},"26":{"start":{"line":53,"column":2},"end":{"line":53,"column":12}},"27":{"start":{"line":54,"column":2},"end":{"line":54,"column":27}},"28":{"start":{"line":60,"column":0},"end":{"line":115,"column":2}},"29":{"start":{"line":62,"column":2},"end":{"line":62,"column":26}},"30":{"start":{"line":65,"column":2},"end":{"line":65,"column":36}},"31":{"start":{"line":67,"column":2},"end":{"line":114,"column":5}},"32":{"start":{"line":70,"column":4},"end":{"line":112,"column":7}},"33":{"start":{"line":73,"column":6},"end":{"line":109,"column":9}},"34":{"start":{"line":76,"column":8},"end":{"line":79,"column":9}},"35":{"start":{"line":77,"column":10},"end":{"line":77,"column":26}},"36":{"start":{"line":78,"column":10},"end":{"line":78,"column":22}},"37":{"start":{"line":82,"column":8},"end":{"line":108,"column":9}},"38":{"start":{"line":85,"column":10},"end":{"line":105,"column":13}},"39":{"start":{"line":86,"column":12},"end":{"line":89,"column":13}},"40":{"start":{"line":87,"column":14},"end":{"line":87,"column":30}},"41":{"start":{"line":88,"column":14},"end":{"line":88,"column":26}},"42":{"start":{"line":92,"column":12},"end":{"line":95,"column":15}},"43":{"start":{"line":93,"column":14},"end":{"line":93,"column":30}},"44":{"start":{"line":94,"column":14},"end":{"line":94,"column":74}},"45":{"start":{"line":97,"column":12},"end":{"line":100,"column":15}},"46":{"start":{"line":98,"column":14},"end":{"line":98,"column":30}},"47":{"start":{"line":99,"column":14},"end":{"line":99,"column":55}},"48":{"start":{"line":103,"column":12},"end":{"line":103,"column":32}},"49":{"start":{"line":107,"column":10},"end":{"line":107,"column":61}},"50":{"start":{"line":121,"column":0},"end":{"line":177,"column":2}},"51":{"start":{"line":124,"column":2},"end":{"line":124,"column":36}},"52":{"start":{"line":126,"column":2},"end":{"line":176,"column":5}},"53":{"start":{"line":131,"column":4},"end":{"line":171,"column":7}},"54":{"start":{"line":133,"column":6},"end":{"line":168,"column":9}},"55":{"start":{"line":135,"column":8},"end":{"line":137,"column":9}},"56":{"start":{"line":136,"column":10},"end":{"line":136,"column":22}},"57":{"start":{"line":139,"column":8},"end":{"line":166,"column":9}},"58":{"start":{"line":141,"column":10},"end":{"line":148,"column":13}},"59":{"start":{"line":142,"column":12},"end":{"line":142,"column":28}},"60":{"start":{"line":143,"column":12},"end":{"line":143,"column":26}},"61":{"start":{"line":146,"column":12},"end":{"line":146,"column":28}},"62":{"start":{"line":147,"column":12},"end":{"line":147,"column":24}},"63":{"start":{"line":151,"column":10},"end":{"line":165,"column":13}},"64":{"start":{"line":152,"column":12},"end":{"line":160,"column":15}},"65":{"start":{"line":153,"column":14},"end":{"line":153,"column":30}},"66":{"start":{"line":154,"column":14},"end":{"line":154,"column":28}},"67":{"start":{"line":157,"column":14},"end":{"line":157,"column":56}},"68":{"start":{"line":158,"column":14},"end":{"line":158,"column":30}},"69":{"start":{"line":159,"column":14},"end":{"line":159,"column":26}},"70":{"start":{"line":163,"column":12},"end":{"line":163,"column":28}},"71":{"start":{"line":164,"column":12},"end":{"line":164,"column":24}},"72":{"start":{"line":172,"column":4},"end":{"line":174,"column":7}},"73":{"start":{"line":173,"column":6},"end":{"line":173,"column":18}}},"branchMap":{"1":{"line":16,"type":"if","locations":[{"start":{"line":16,"column":4},"end":{"line":16,"column":4}},{"start":{"line":16,"column":4},"end":{"line":16,"column":4}}]},"2":{"line":27,"type":"if","locations":[{"start":{"line":27,"column":6},"end":{"line":27,"column":6}},{"start":{"line":27,"column":6},"end":{"line":27,"column":6}}]},"3":{"line":41,"type":"if","locations":[{"start":{"line":41,"column":6},"end":{"line":41,"column":6}},{"start":{"line":41,"column":6},"end":{"line":41,"column":6}}]},"4":{"line":76,"type":"if","locations":[{"start":{"line":76,"column":8},"end":{"line":76,"column":8}},{"start":{"line":76,"column":8},"end":{"line":76,"column":8}}]},"5":{"line":82,"type":"if","locations":[{"start":{"line":82,"column":8},"end":{"line":82,"column":8}},{"start":{"line":82,"column":8},"end":{"line":82,"column":8}}]},"6":{"line":86,"type":"if","locations":[{"start":{"line":86,"column":12},"end":{"line":86,"column":12}},{"start":{"line":86,"column":12},"end":{"line":86,"column":12}}]},"7":{"line":135,"type":"if","locations":[{"start":{"line":135,"column":8},"end":{"line":135,"column":8}},{"start":{"line":135,"column":8},"end":{"line":135,"column":8}}]},"8":{"line":139,"type":"if","locations":[{"start":{"line":139,"column":8},"end":{"line":139,"column":8}},{"start":{"line":139,"column":8},"end":{"line":139,"column":8}}]}}},"/Users/je10617/Desktop/express-authenticate/db/index.js":{"path":"/Users/je10617/Desktop/express-authenticate/db/index.js","s":{"1":1,"2":1,"3":1,"4":1,"5":1,"6":1,"7":1},"b":{},"f":{},"fnMap":{},"statementMap":{"1":{"start":{"line":2,"column":0},"end":{"line":2,"column":42}},"2":{"start":{"line":5,"column":0},"end":{"line":5,"column":33}},"3":{"start":{"line":7,"column":0},"end":{"line":7,"column":32}},"4":{"start":{"line":10,"column":0},"end":{"line":10,"column":52}},"5":{"start":{"line":11,"column":0},"end":{"line":11,"column":26}},"6":{"start":{"line":15,"column":0},"end":{"line":15,"column":37}},"7":{"start":{"line":24,"column":0},"end":{"line":24,"column":24}}},"branchMap":{}},"/Users/je10617/Desktop/express-authenticate/db/routes/courseRouter.js":{"path":"/Users/je10617/Desktop/express-authenticate/db/routes/courseRouter.js","s":{"1":1,"2":1,"3":1,"4":1,"5":1,"6":1,"7":1,"8":1,"9":35,"10":1,"11":1,"12":35,"13":1,"14":0,"15":0,"16":1,"17":1,"18":1,"19":0,"20":1,"21":1,"22":1,"23":1,"24":0,"25":1,"26":1,"27":1,"28":0,"29":1,"30":0,"31":0,"32":0,"33":1},"b":{},"f":{},"fnMap":{},"statementMap":{"1":{"start":{"line":12,"column":0},"end":{"line":12,"column":56}},"2":{"start":{"line":13,"column":0},"end":{"line":13,"column":39}},"3":{"start":{"line":15,"column":0},"end":{"line":15,"column":33}},"4":{"start":{"line":16,"column":0},"end":{"line":16,"column":36}},"5":{"start":{"line":19,"column":0},"end":{"line":41,"column":3}},"6":{"start":{"line":20,"column":2},"end":{"line":40,"column":5}},"7":{"start":{"line":22,"column":4},"end":{"line":22,"column":25}},"8":{"start":{"line":23,"column":4},"end":{"line":25,"column":5}},"9":{"start":{"line":24,"column":6},"end":{"line":24,"column":90}},"10":{"start":{"line":27,"column":4},"end":{"line":36,"column":7}},"11":{"start":{"line":28,"column":6},"end":{"line":30,"column":7}},"12":{"start":{"line":29,"column":8},"end":{"line":29,"column":48}},"13":{"start":{"line":31,"column":6},"end":{"line":31,"column":28}},"14":{"start":{"line":35,"column":6},"end":{"line":35,"column":27}},"15":{"start":{"line":39,"column":4},"end":{"line":39,"column":25}},"16":{"start":{"line":44,"column":0},"end":{"line":51,"column":3}},"17":{"start":{"line":45,"column":2},"end":{"line":50,"column":5}},"18":{"start":{"line":46,"column":4},"end":{"line":46,"column":26}},"19":{"start":{"line":49,"column":4},"end":{"line":49,"column":25}},"20":{"start":{"line":54,"column":0},"end":{"line":77,"column":3}},"21":{"start":{"line":55,"column":2},"end":{"line":76,"column":5}},"22":{"start":{"line":57,"column":4},"end":{"line":70,"column":6}},"23":{"start":{"line":72,"column":4},"end":{"line":72,"column":33}},"24":{"start":{"line":75,"column":4},"end":{"line":75,"column":25}},"25":{"start":{"line":81,"column":0},"end":{"line":88,"column":3}},"26":{"start":{"line":82,"column":2},"end":{"line":87,"column":5}},"27":{"start":{"line":83,"column":4},"end":{"line":83,"column":26}},"28":{"start":{"line":86,"column":4},"end":{"line":86,"column":25}},"29":{"start":{"line":92,"column":0},"end":{"line":103,"column":3}},"30":{"start":{"line":95,"column":2},"end":{"line":102,"column":5}},"31":{"start":{"line":98,"column":4},"end":{"line":98,"column":26}},"32":{"start":{"line":101,"column":4},"end":{"line":101,"column":25}},"33":{"start":{"line":108,"column":0},"end":{"line":108,"column":28}}},"branchMap":{}},"/Users/je10617/Desktop/express-authenticate/files/index.js":{"path":"/Users/je10617/Desktop/express-authenticate/files/index.js","s":{"1":1,"2":1,"3":1,"4":1,"5":1,"6":1,"7":1,"8":1,"9":1,"10":1,"11":1,"12":1,"13":2,"14":2,"15":2,"16":2,"17":2,"18":0,"19":0,"20":1,"21":1,"22":1,"23":1,"24":1,"25":1,"26":1,"27":1,"28":1,"29":1,"30":0,"31":0,"32":0,"33":0,"34":1,"35":0,"36":1,"37":1,"38":1,"39":1,"40":0,"41":0,"42":0,"43":0,"44":1,"45":1,"46":1,"47":1,"48":0,"49":0,"50":1,"51":1,"52":1,"53":9,"54":1,"55":1,"56":2,"57":2,"58":2,"59":0,"60":0,"61":0,"62":0,"63":2,"64":2,"65":2,"66":1,"67":1,"68":1,"69":0,"70":0,"71":1,"72":1,"73":0,"74":2,"75":1,"76":1,"77":2,"78":20,"79":2,"80":1,"81":1,"82":1},"b":{"1":[1,1],"2":[1,1],"3":[1,0]},"f":{"1":2,"2":1,"3":1},"fnMap":{"1":{"name":"removeVariables","line":26,"loc":{"start":{"line":26,"column":2},"end":{"line":26,"column":28}}},"2":{"name":"removeVariables","line":48,"loc":{"start":{"line":48,"column":2},"end":{"line":48,"column":28}}},"3":{"name":"(anonymous_3)","line":52,"loc":{"start":{"line":52,"column":21},"end":{"line":52,"column":47}}}},"statementMap":{"1":{"start":{"line":2,"column":0},"end":{"line":2,"column":39}},"2":{"start":{"line":3,"column":0},"end":{"line":3,"column":40}},"3":{"start":{"line":4,"column":0},"end":{"line":4,"column":59}},"4":{"start":{"line":5,"column":0},"end":{"line":5,"column":38}},"5":{"start":{"line":6,"column":0},"end":{"line":6,"column":38}},"6":{"start":{"line":7,"column":0},"end":{"line":7,"column":48}},"7":{"start":{"line":8,"column":0},"end":{"line":8,"column":42}},"8":{"start":{"line":12,"column":0},"end":{"line":12,"column":18}},"9":{"start":{"line":16,"column":0},"end":{"line":16,"column":33}},"10":{"start":{"line":18,"column":0},"end":{"line":18,"column":30}},"11":{"start":{"line":23,"column":0},"end":{"line":43,"column":2}},"12":{"start":{"line":26,"column":2},"end":{"line":28,"column":3}},"13":{"start":{"line":27,"column":4},"end":{"line":27,"column":26}},"14":{"start":{"line":30,"column":2},"end":{"line":39,"column":5}},"15":{"start":{"line":31,"column":4},"end":{"line":38,"column":7}},"16":{"start":{"line":32,"column":6},"end":{"line":32,"column":24}},"17":{"start":{"line":34,"column":6},"end":{"line":34,"column":20}},"18":{"start":{"line":36,"column":6},"end":{"line":36,"column":24}},"19":{"start":{"line":37,"column":6},"end":{"line":37,"column":18}},"20":{"start":{"line":46,"column":0},"end":{"line":73,"column":2}},"21":{"start":{"line":48,"column":2},"end":{"line":51,"column":3}},"22":{"start":{"line":49,"column":4},"end":{"line":49,"column":14}},"23":{"start":{"line":50,"column":4},"end":{"line":50,"column":26}},"24":{"start":{"line":52,"column":2},"end":{"line":71,"column":5}},"25":{"start":{"line":53,"column":4},"end":{"line":70,"column":7}},"26":{"start":{"line":56,"column":6},"end":{"line":56,"column":52}},"27":{"start":{"line":59,"column":6},"end":{"line":65,"column":9}},"28":{"start":{"line":60,"column":8},"end":{"line":60,"column":26}},"29":{"start":{"line":61,"column":8},"end":{"line":61,"column":31}},"30":{"start":{"line":63,"column":8},"end":{"line":63,"column":26}},"31":{"start":{"line":64,"column":8},"end":{"line":64,"column":28}},"32":{"start":{"line":68,"column":6},"end":{"line":68,"column":24}},"33":{"start":{"line":69,"column":6},"end":{"line":69,"column":26}},"34":{"start":{"line":78,"column":0},"end":{"line":81,"column":3}},"35":{"start":{"line":80,"column":2},"end":{"line":80,"column":45}},"36":{"start":{"line":89,"column":0},"end":{"line":130,"column":3}},"37":{"start":{"line":90,"column":2},"end":{"line":90,"column":35}},"38":{"start":{"line":91,"column":2},"end":{"line":91,"column":16}},"39":{"start":{"line":93,"column":2},"end":{"line":98,"column":5}},"40":{"start":{"line":94,"column":4},"end":{"line":94,"column":42}},"41":{"start":{"line":95,"column":4},"end":{"line":95,"column":14}},"42":{"start":{"line":96,"column":4},"end":{"line":96,"column":20}},"43":{"start":{"line":97,"column":4},"end":{"line":97,"column":48}},"44":{"start":{"line":101,"column":2},"end":{"line":115,"column":5}},"45":{"start":{"line":102,"column":4},"end":{"line":113,"column":7}},"46":{"start":{"line":103,"column":6},"end":{"line":109,"column":9}},"47":{"start":{"line":105,"column":8},"end":{"line":105,"column":39}},"48":{"start":{"line":108,"column":8},"end":{"line":108,"column":37}},"49":{"start":{"line":112,"column":6},"end":{"line":112,"column":47}},"50":{"start":{"line":117,"column":2},"end":{"line":119,"column":5}},"51":{"start":{"line":118,"column":4},"end":{"line":118,"column":38}},"52":{"start":{"line":121,"column":2},"end":{"line":123,"column":5}},"53":{"start":{"line":122,"column":4},"end":{"line":122,"column":27}},"54":{"start":{"line":126,"column":2},"end":{"line":126,"column":18}},"55":{"start":{"line":133,"column":0},"end":{"line":192,"column":3}},"56":{"start":{"line":135,"column":2},"end":{"line":135,"column":35}},"57":{"start":{"line":136,"column":2},"end":{"line":136,"column":16}},"58":{"start":{"line":138,"column":2},"end":{"line":143,"column":5}},"59":{"start":{"line":139,"column":4},"end":{"line":139,"column":42}},"60":{"start":{"line":140,"column":4},"end":{"line":140,"column":14}},"61":{"start":{"line":141,"column":4},"end":{"line":141,"column":20}},"62":{"start":{"line":142,"column":4},"end":{"line":142,"column":48}},"63":{"start":{"line":147,"column":2},"end":{"line":173,"column":5}},"64":{"start":{"line":149,"column":4},"end":{"line":149,"column":53}},"65":{"start":{"line":151,"column":4},"end":{"line":172,"column":5}},"66":{"start":{"line":152,"column":6},"end":{"line":162,"column":9}},"67":{"start":{"line":153,"column":8},"end":{"line":158,"column":11}},"68":{"start":{"line":154,"column":10},"end":{"line":154,"column":53}},"69":{"start":{"line":157,"column":10},"end":{"line":157,"column":51}},"70":{"start":{"line":161,"column":8},"end":{"line":161,"column":49}},"71":{"start":{"line":166,"column":6},"end":{"line":171,"column":9}},"72":{"start":{"line":167,"column":8},"end":{"line":167,"column":51}},"73":{"start":{"line":170,"column":8},"end":{"line":170,"column":49}},"74":{"start":{"line":176,"column":2},"end":{"line":181,"column":5}},"75":{"start":{"line":177,"column":4},"end":{"line":179,"column":5}},"76":{"start":{"line":178,"column":4},"end":{"line":178,"column":38}},"77":{"start":{"line":183,"column":2},"end":{"line":185,"column":5}},"78":{"start":{"line":184,"column":4},"end":{"line":184,"column":27}},"79":{"start":{"line":188,"column":2},"end":{"line":188,"column":18}},"80":{"start":{"line":197,"column":0},"end":{"line":197,"column":37}},"81":{"start":{"line":198,"column":0},"end":{"line":198,"column":31}},"82":{"start":{"line":202,"column":0},"end":{"line":202,"column":22}}},"branchMap":{"1":{"line":31,"type":"cond-expr","locations":[{"start":{"line":31,"column":30},"end":{"line":31,"column":60}},{"start":{"line":31,"column":61},"end":{"line":31,"column":97}}]},"2":{"line":151,"type":"if","locations":[{"start":{"line":151,"column":4},"end":{"line":151,"column":4}},{"start":{"line":151,"column":4},"end":{"line":151,"column":4}}]},"3":{"line":177,"type":"if","locations":[{"start":{"line":177,"column":4},"end":{"line":177,"column":4}},{"start":{"line":177,"column":4},"end":{"line":177,"column":4}}]}}},"/Users/je10617/Desktop/express-authenticate/users/modify.js":{"path":"/Users/je10617/Desktop/express-authenticate/users/modify.js","s":{"1":1,"2":1,"3":1,"4":1,"5":1,"6":1,"7":1,"8":1,"9":2,"10":1,"11":1,"12":1,"13":1,"14":0,"15":1,"16":1,"17":1,"18":1,"19":0,"20":1,"21":0,"22":0,"23":0,"24":1,"25":0,"26":0,"27":0,"28":0,"29":0,"30":0,"31":0,"32":0,"33":0,"34":0,"35":0,"36":0,"37":0,"38":0,"39":0,"40":0,"41":0,"42":0,"43":0,"44":0,"45":0,"46":1},"b":{},"f":{"1":2,"2":0},"fnMap":{"1":{"name":"(anonymous_1)","line":14,"loc":{"start":{"line":14,"column":18},"end":{"line":14,"column":45}}},"2":{"name":"deleteReferences","line":63,"loc":{"start":{"line":63,"column":2},"end":{"line":63,"column":29}}}},"statementMap":{"1":{"start":{"line":2,"column":0},"end":{"line":2,"column":33}},"2":{"start":{"line":4,"column":0},"end":{"line":4,"column":30}},"3":{"start":{"line":5,"column":0},"end":{"line":5,"column":39}},"4":{"start":{"line":8,"column":0},"end":{"line":8,"column":57}},"5":{"start":{"line":10,"column":0},"end":{"line":10,"column":51}},"6":{"start":{"line":11,"column":0},"end":{"line":11,"column":40}},"7":{"start":{"line":12,"column":0},"end":{"line":12,"column":55}},"8":{"start":{"line":14,"column":0},"end":{"line":22,"column":2}},"9":{"start":{"line":16,"column":2},"end":{"line":21,"column":5}},"10":{"start":{"line":24,"column":0},"end":{"line":37,"column":3}},"11":{"start":{"line":28,"column":2},"end":{"line":36,"column":5}},"12":{"start":{"line":30,"column":4},"end":{"line":30,"column":56}},"13":{"start":{"line":32,"column":4},"end":{"line":32,"column":28}},"14":{"start":{"line":35,"column":4},"end":{"line":35,"column":26}},"15":{"start":{"line":41,"column":0},"end":{"line":54,"column":3}},"16":{"start":{"line":45,"column":2},"end":{"line":53,"column":5}},"17":{"start":{"line":47,"column":4},"end":{"line":47,"column":60}},"18":{"start":{"line":49,"column":4},"end":{"line":49,"column":28}},"19":{"start":{"line":52,"column":4},"end":{"line":52,"column":26}},"20":{"start":{"line":57,"column":0},"end":{"line":107,"column":3}},"21":{"start":{"line":58,"column":2},"end":{"line":58,"column":18}},"22":{"start":{"line":59,"column":2},"end":{"line":59,"column":35}},"23":{"start":{"line":60,"column":2},"end":{"line":60,"column":19}},"24":{"start":{"line":63,"column":2},"end":{"line":69,"column":3}},"25":{"start":{"line":64,"column":4},"end":{"line":64,"column":18}},"26":{"start":{"line":65,"column":4},"end":{"line":65,"column":19}},"27":{"start":{"line":66,"column":4},"end":{"line":66,"column":30}},"28":{"start":{"line":67,"column":4},"end":{"line":67,"column":14}},"29":{"start":{"line":75,"column":2},"end":{"line":78,"column":5}},"30":{"start":{"line":76,"column":4},"end":{"line":76,"column":23}},"31":{"start":{"line":77,"column":4},"end":{"line":77,"column":26}},"32":{"start":{"line":82,"column":2},"end":{"line":95,"column":5}},"33":{"start":{"line":83,"column":4},"end":{"line":83,"column":150}},"34":{"start":{"line":84,"column":4},"end":{"line":94,"column":7}},"35":{"start":{"line":85,"column":6},"end":{"line":85,"column":25}},"36":{"start":{"line":87,"column":6},"end":{"line":87,"column":63}},"37":{"start":{"line":89,"column":6},"end":{"line":89,"column":30}},"38":{"start":{"line":92,"column":6},"end":{"line":92,"column":25}},"39":{"start":{"line":93,"column":6},"end":{"line":93,"column":28}},"40":{"start":{"line":97,"column":2},"end":{"line":99,"column":5}},"41":{"start":{"line":98,"column":4},"end":{"line":98,"column":25}},"42":{"start":{"line":101,"column":2},"end":{"line":104,"column":5}},"43":{"start":{"line":102,"column":4},"end":{"line":102,"column":19}},"44":{"start":{"line":103,"column":4},"end":{"line":103,"column":29}},"45":{"start":{"line":106,"column":2},"end":{"line":106,"column":18}},"46":{"start":{"line":113,"column":0},"end":{"line":113,"column":22}}},"branchMap":{}},"/Users/je10617/Desktop/express-authenticate/users/get.js":{"path":"/Users/je10617/Desktop/express-authenticate/users/get.js","s":{"1":1,"2":1,"3":1,"4":1,"5":0,"6":0,"7":0,"8":1},"b":{},"f":{},"fnMap":{},"statementMap":{"1":{"start":{"line":2,"column":0},"end":{"line":2,"column":33}},"2":{"start":{"line":4,"column":0},"end":{"line":4,"column":30}},"3":{"start":{"line":6,"column":0},"end":{"line":6,"column":57}},"4":{"start":{"line":9,"column":0},"end":{"line":16,"column":3}},"5":{"start":{"line":10,"column":2},"end":{"line":15,"column":5}},"6":{"start":{"line":11,"column":4},"end":{"line":11,"column":19}},"7":{"start":{"line":14,"column":4},"end":{"line":14,"column":26}},"8":{"start":{"line":22,"column":0},"end":{"line":22,"column":22}}},"branchMap":{}},"/Users/je10617/Desktop/express-authenticate/authentication/middleware.js":{"path":"/Users/je10617/Desktop/express-authenticate/authentication/middleware.js","s":{"1":1,"2":1,"3":1,"4":1,"5":9,"6":0,"7":9,"8":9,"9":9,"10":0,"11":9,"12":9},"b":{"1":[0,9],"2":[0,9]},"f":{"1":9},"fnMap":{"1":{"name":"(anonymous_1)","line":19,"loc":{"start":{"line":19,"column":28},"end":{"line":19,"column":50}}}},"statementMap":{"1":{"start":{"line":3,"column":0},"end":{"line":3,"column":30}},"2":{"start":{"line":4,"column":0},"end":{"line":4,"column":29}},"3":{"start":{"line":5,"column":0},"end":{"line":5,"column":31}},"4":{"start":{"line":19,"column":0},"end":{"line":53,"column":2}},"5":{"start":{"line":21,"column":2},"end":{"line":31,"column":3}},"6":{"start":{"line":23,"column":4},"end":{"line":30,"column":8}},"7":{"start":{"line":34,"column":2},"end":{"line":34,"column":54}},"8":{"start":{"line":35,"column":2},"end":{"line":35,"column":78}},"9":{"start":{"line":37,"column":2},"end":{"line":46,"column":3}},"10":{"start":{"line":38,"column":4},"end":{"line":45,"column":8}},"11":{"start":{"line":48,"column":2},"end":{"line":48,"column":23}},"12":{"start":{"line":52,"column":2},"end":{"line":52,"column":9}}},"branchMap":{"1":{"line":21,"type":"if","locations":[{"start":{"line":21,"column":2},"end":{"line":21,"column":2}},{"start":{"line":21,"column":2},"end":{"line":21,"column":2}}]},"2":{"line":37,"type":"if","locations":[{"start":{"line":37,"column":2},"end":{"line":37,"column":2}},{"start":{"line":37,"column":2},"end":{"line":37,"column":2}}]}}}}