{"/Users/je10617/Desktop/express-authenticate/server.js":{"path":"/Users/je10617/Desktop/express-authenticate/server.js","s":{"1":1,"2":1,"3":1,"4":1,"5":1,"6":1,"7":1,"8":1,"9":1,"10":1,"11":1,"12":0,"13":0,"14":0,"15":1,"16":1,"17":1,"18":7,"19":1,"20":1,"21":1,"22":1,"23":0,"24":1},"b":{"1":[1,0]},"f":{"1":0},"fnMap":{"1":{"name":"(anonymous_1)","line":33,"loc":{"start":{"line":33,"column":8},"end":{"line":33,"column":33}}}},"statementMap":{"1":{"start":{"line":6,"column":0},"end":{"line":6,"column":35}},"2":{"start":{"line":7,"column":0},"end":{"line":7,"column":20}},"3":{"start":{"line":8,"column":0},"end":{"line":8,"column":52}},"4":{"start":{"line":9,"column":0},"end":{"line":9,"column":52}},"5":{"start":{"line":11,"column":0},"end":{"line":11,"column":41}},"6":{"start":{"line":12,"column":0},"end":{"line":12,"column":27}},"7":{"start":{"line":17,"column":0},"end":{"line":17,"column":55}},"8":{"start":{"line":20,"column":0},"end":{"line":20,"column":33}},"9":{"start":{"line":23,"column":0},"end":{"line":23,"column":36}},"10":{"start":{"line":27,"column":0},"end":{"line":27,"column":70}},"11":{"start":{"line":33,"column":0},"end":{"line":37,"column":3}},"12":{"start":{"line":34,"column":2},"end":{"line":34,"column":48}},"13":{"start":{"line":35,"column":2},"end":{"line":35,"column":110}},"14":{"start":{"line":36,"column":2},"end":{"line":36,"column":9}},"15":{"start":{"line":40,"column":0},"end":{"line":44,"column":2}},"16":{"start":{"line":47,"column":0},"end":{"line":47,"column":44}},"17":{"start":{"line":51,"column":0},"end":{"line":53,"column":1}},"18":{"start":{"line":52,"column":2},"end":{"line":52,"column":83}},"19":{"start":{"line":57,"column":0},"end":{"line":57,"column":70}},"20":{"start":{"line":58,"column":0},"end":{"line":58,"column":105}},"21":{"start":{"line":59,"column":0},"end":{"line":59,"column":105}},"22":{"start":{"line":64,"column":0},"end":{"line":66,"column":3}},"23":{"start":{"line":65,"column":2},"end":{"line":65,"column":25}},"24":{"start":{"line":74,"column":0},"end":{"line":74,"column":32}}},"branchMap":{"1":{"line":9,"type":"binary-expr","locations":[{"start":{"line":9,"column":13},"end":{"line":9,"column":29}},{"start":{"line":9,"column":33},"end":{"line":9,"column":51}}]}}},"/Users/je10617/Desktop/express-authenticate/authentication/index.js":{"path":"/Users/je10617/Desktop/express-authenticate/authentication/index.js","s":{"1":1,"2":1,"3":1,"4":1,"5":1},"b":{},"f":{},"fnMap":{},"statementMap":{"1":{"start":{"line":1,"column":0},"end":{"line":1,"column":31}},"2":{"start":{"line":4,"column":0},"end":{"line":4,"column":49}},"3":{"start":{"line":7,"column":0},"end":{"line":7,"column":43}},"4":{"start":{"line":14,"column":0},"end":{"line":14,"column":65}},"5":{"start":{"line":21,"column":0},"end":{"line":21,"column":35}}},"branchMap":{}},"/Users/je10617/Desktop/express-authenticate/authentication/coreFunctions.js":{"path":"/Users/je10617/Desktop/express-authenticate/authentication/coreFunctions.js","s":{"1":1,"2":1,"3":1,"4":1,"5":1,"6":1,"7":1,"8":0,"9":0,"10":1,"11":0,"12":0,"13":0,"14":0,"15":0,"16":0,"17":0,"18":0,"19":0,"20":0,"21":1,"22":0,"23":0,"24":0,"25":0},"b":{"1":[0,0],"2":[0,0]},"f":{"1":0,"2":0,"3":0,"4":0},"fnMap":{"1":{"name":"createToken","line":14,"loc":{"start":{"line":14,"column":0},"end":{"line":14,"column":24}}},"2":{"name":"existeUsuario","line":29,"loc":{"start":{"line":29,"column":0},"end":{"line":29,"column":30}}},"3":{"name":"(anonymous_3)","line":30,"loc":{"start":{"line":30,"column":21},"end":{"line":30,"column":45}}},"4":{"name":"(anonymous_4)","line":60,"loc":{"start":{"line":60,"column":19},"end":{"line":60,"column":36}}}},"statementMap":{"1":{"start":{"line":2,"column":0},"end":{"line":2,"column":32}},"2":{"start":{"line":3,"column":0},"end":{"line":3,"column":31}},"3":{"start":{"line":4,"column":0},"end":{"line":4,"column":33}},"4":{"start":{"line":6,"column":0},"end":{"line":6,"column":42}},"5":{"start":{"line":7,"column":0},"end":{"line":7,"column":54}},"6":{"start":{"line":9,"column":0},"end":{"line":9,"column":57}},"7":{"start":{"line":14,"column":0},"end":{"line":22,"column":1}},"8":{"start":{"line":15,"column":2},"end":{"line":19,"column":4}},"9":{"start":{"line":21,"column":2},"end":{"line":21,"column":75}},"10":{"start":{"line":29,"column":0},"end":{"line":58,"column":1}},"11":{"start":{"line":30,"column":2},"end":{"line":55,"column":5}},"12":{"start":{"line":31,"column":4},"end":{"line":54,"column":7}},"13":{"start":{"line":32,"column":6},"end":{"line":53,"column":7}},"14":{"start":{"line":35,"column":8},"end":{"line":35,"column":29}},"15":{"start":{"line":37,"column":8},"end":{"line":49,"column":9}},"16":{"start":{"line":38,"column":10},"end":{"line":44,"column":13}},"17":{"start":{"line":39,"column":12},"end":{"line":39,"column":35}},"18":{"start":{"line":40,"column":12},"end":{"line":40,"column":40}},"19":{"start":{"line":43,"column":12},"end":{"line":43,"column":24}},"20":{"start":{"line":48,"column":10},"end":{"line":48,"column":38}},"21":{"start":{"line":60,"column":0},"end":{"line":77,"column":2}},"22":{"start":{"line":62,"column":2},"end":{"line":75,"column":5}},"23":{"start":{"line":65,"column":4},"end":{"line":65,"column":42}},"24":{"start":{"line":66,"column":4},"end":{"line":68,"column":16}},"25":{"start":{"line":73,"column":4},"end":{"line":74,"column":38}}},"branchMap":{"1":{"line":32,"type":"if","locations":[{"start":{"line":32,"column":6},"end":{"line":32,"column":6}},{"start":{"line":32,"column":6},"end":{"line":32,"column":6}}]},"2":{"line":37,"type":"if","locations":[{"start":{"line":37,"column":8},"end":{"line":37,"column":8}},{"start":{"line":37,"column":8},"end":{"line":37,"column":8}}]}}},"/Users/je10617/Desktop/express-authenticate/authentication/config.js":{"path":"/Users/je10617/Desktop/express-authenticate/authentication/config.js","s":{"1":1},"b":{"1":[1,1]},"f":{},"fnMap":{},"statementMap":{"1":{"start":{"line":2,"column":0},"end":{"line":5,"column":2}}},"branchMap":{"1":{"line":3,"type":"binary-expr","locations":[{"start":{"line":3,"column":16},"end":{"line":3,"column":40}},{"start":{"line":3,"column":44},"end":{"line":3,"column":63}}]}}},"/Users/je10617/Desktop/express-authenticate/db/coreFunctions.js":{"path":"/Users/je10617/Desktop/express-authenticate/db/coreFunctions.js","s":{"1":1,"2":1,"3":1,"4":1,"5":1,"6":0,"7":0,"8":0,"9":0,"10":0,"11":1,"12":0,"13":0,"14":0,"15":0,"16":1,"17":0,"18":0,"19":0,"20":0,"21":0,"22":0,"23":1,"24":0,"25":0,"26":0,"27":0,"28":0,"29":0,"30":0,"31":0,"32":0,"33":0,"34":1,"35":1,"36":1,"37":1,"38":0,"39":1,"40":0,"41":0,"42":0,"43":0,"44":0,"45":0,"46":0,"47":0,"48":0,"49":0,"50":0,"51":0,"52":0,"53":1},"b":{"1":[0,0],"2":[0,0],"3":[0,0],"4":[0,0],"5":[0,0],"6":[1,0],"7":[0,0],"8":[0,0],"9":[0,0],"10":[0,0],"11":[0,0]},"f":{"1":0,"2":0,"3":0,"4":0,"5":1,"6":0,"7":0,"8":0,"9":0,"10":0},"fnMap":{"1":{"name":"logActions","line":15,"loc":{"start":{"line":15,"column":0},"end":{"line":15,"column":31}}},"2":{"name":"(anonymous_2)","line":26,"loc":{"start":{"line":26,"column":30},"end":{"line":26,"column":50}}},"3":{"name":"createCompatibilityTableForInsertCourseQuery","line":38,"loc":{"start":{"line":38,"column":0},"end":{"line":38,"column":64}}},"4":{"name":"(anonymous_4)","line":51,"loc":{"start":{"line":51,"column":24},"end":{"line":51,"column":43}}},"5":{"name":"startConnection","line":70,"loc":{"start":{"line":70,"column":0},"end":{"line":70,"column":26}}},"6":{"name":"finishConnection","line":81,"loc":{"start":{"line":81,"column":0},"end":{"line":81,"column":27}}},"7":{"name":"sendQuery","line":90,"loc":{"start":{"line":90,"column":0},"end":{"line":90,"column":52}}},"8":{"name":"(anonymous_8)","line":91,"loc":{"start":{"line":91,"column":21},"end":{"line":91,"column":45}}},"9":{"name":"(anonymous_9)","line":94,"loc":{"start":{"line":94,"column":29},"end":{"line":94,"column":57}}},"10":{"name":"(anonymous_10)","line":107,"loc":{"start":{"line":107,"column":32},"end":{"line":107,"column":52}}}},"statementMap":{"1":{"start":{"line":8,"column":0},"end":{"line":8,"column":31}},"2":{"start":{"line":9,"column":0},"end":{"line":9,"column":51}},"3":{"start":{"line":10,"column":0},"end":{"line":10,"column":48}},"4":{"start":{"line":12,"column":0},"end":{"line":12,"column":22}},"5":{"start":{"line":15,"column":0},"end":{"line":24,"column":1}},"6":{"start":{"line":16,"column":2},"end":{"line":16,"column":40}},"7":{"start":{"line":17,"column":2},"end":{"line":17,"column":71}},"8":{"start":{"line":18,"column":2},"end":{"line":23,"column":5}},"9":{"start":{"line":19,"column":4},"end":{"line":19,"column":51}},"10":{"start":{"line":22,"column":4},"end":{"line":22,"column":84}},"11":{"start":{"line":26,"column":0},"end":{"line":34,"column":2}},"12":{"start":{"line":27,"column":2},"end":{"line":32,"column":3}},"13":{"start":{"line":28,"column":4},"end":{"line":30,"column":5}},"14":{"start":{"line":29,"column":6},"end":{"line":29,"column":113}},"15":{"start":{"line":33,"column":2},"end":{"line":33,"column":15}},"16":{"start":{"line":38,"column":0},"end":{"line":47,"column":1}},"17":{"start":{"line":39,"column":2},"end":{"line":39,"column":20}},"18":{"start":{"line":40,"column":2},"end":{"line":45,"column":3}},"19":{"start":{"line":42,"column":4},"end":{"line":42,"column":29}},"20":{"start":{"line":42,"column":12},"end":{"line":42,"column":29}},"21":{"start":{"line":44,"column":6},"end":{"line":44,"column":172}},"22":{"start":{"line":46,"column":2},"end":{"line":46,"column":44}},"23":{"start":{"line":51,"column":0},"end":{"line":66,"column":2}},"24":{"start":{"line":52,"column":2},"end":{"line":52,"column":14}},"25":{"start":{"line":53,"column":2},"end":{"line":53,"column":21}},"26":{"start":{"line":54,"column":2},"end":{"line":60,"column":3}},"27":{"start":{"line":55,"column":4},"end":{"line":55,"column":12}},"28":{"start":{"line":56,"column":4},"end":{"line":58,"column":5}},"29":{"start":{"line":57,"column":8},"end":{"line":57,"column":29}},"30":{"start":{"line":59,"column":4},"end":{"line":59,"column":49}},"31":{"start":{"line":61,"column":2},"end":{"line":61,"column":19}},"32":{"start":{"line":62,"column":2},"end":{"line":62,"column":62}},"33":{"start":{"line":64,"column":2},"end":{"line":64,"column":21}},"34":{"start":{"line":70,"column":0},"end":{"line":74,"column":1}},"35":{"start":{"line":71,"column":2},"end":{"line":73,"column":3}},"36":{"start":{"line":72,"column":4},"end":{"line":72,"column":52}},"37":{"start":{"line":81,"column":0},"end":{"line":83,"column":1}},"38":{"start":{"line":82,"column":2},"end":{"line":82,"column":19}},"39":{"start":{"line":90,"column":0},"end":{"line":123,"column":1}},"40":{"start":{"line":91,"column":2},"end":{"line":121,"column":5}},"41":{"start":{"line":94,"column":4},"end":{"line":120,"column":7}},"42":{"start":{"line":97,"column":6},"end":{"line":99,"column":7}},"43":{"start":{"line":98,"column":8},"end":{"line":98,"column":81}},"44":{"start":{"line":101,"column":6},"end":{"line":106,"column":7}},"45":{"start":{"line":102,"column":8},"end":{"line":102,"column":52}},"46":{"start":{"line":103,"column":8},"end":{"line":103,"column":46}},"47":{"start":{"line":105,"column":8},"end":{"line":105,"column":52}},"48":{"start":{"line":107,"column":6},"end":{"line":119,"column":9}},"49":{"start":{"line":110,"column":8},"end":{"line":112,"column":9}},"50":{"start":{"line":111,"column":10},"end":{"line":111,"column":22}},"51":{"start":{"line":115,"column":8},"end":{"line":115,"column":31}},"52":{"start":{"line":118,"column":8},"end":{"line":118,"column":22}},"53":{"start":{"line":127,"column":0},"end":{"line":133,"column":2}}},"branchMap":{"1":{"line":28,"type":"if","locations":[{"start":{"line":28,"column":4},"end":{"line":28,"column":4}},{"start":{"line":28,"column":4},"end":{"line":28,"column":4}}]},"2":{"line":29,"type":"cond-expr","locations":[{"start":{"line":29,"column":25},"end":{"line":29,"column":30}},{"start":{"line":29,"column":31},"end":{"line":29,"column":112}}]},"3":{"line":29,"type":"cond-expr","locations":[{"start":{"line":29,"column":80},"end":{"line":29,"column":96}},{"start":{"line":29,"column":97},"end":{"line":29,"column":111}}]},"4":{"line":42,"type":"if","locations":[{"start":{"line":42,"column":4},"end":{"line":42,"column":4}},{"start":{"line":42,"column":4},"end":{"line":42,"column":4}}]},"5":{"line":56,"type":"if","locations":[{"start":{"line":56,"column":4},"end":{"line":56,"column":4}},{"start":{"line":56,"column":4},"end":{"line":56,"column":4}}]},"6":{"line":71,"type":"if","locations":[{"start":{"line":71,"column":2},"end":{"line":71,"column":2}},{"start":{"line":71,"column":2},"end":{"line":71,"column":2}}]},"7":{"line":97,"type":"if","locations":[{"start":{"line":97,"column":6},"end":{"line":97,"column":6}},{"start":{"line":97,"column":6},"end":{"line":97,"column":6}}]},"8":{"line":97,"type":"binary-expr","locations":[{"start":{"line":97,"column":9},"end":{"line":97,"column":12}},{"start":{"line":97,"column":16},"end":{"line":97,"column":29}}]},"9":{"line":98,"type":"binary-expr","locations":[{"start":{"line":98,"column":15},"end":{"line":98,"column":18}},{"start":{"line":98,"column":22},"end":{"line":98,"column":79}}]},"10":{"line":101,"type":"if","locations":[{"start":{"line":101,"column":6},"end":{"line":101,"column":6}},{"start":{"line":101,"column":6},"end":{"line":101,"column":6}}]},"11":{"line":110,"type":"if","locations":[{"start":{"line":110,"column":8},"end":{"line":110,"column":8}},{"start":{"line":110,"column":8},"end":{"line":110,"column":8}}]}}},"/Users/je10617/Desktop/express-authenticate/files/fileFunctions.js":{"path":"/Users/je10617/Desktop/express-authenticate/files/fileFunctions.js","s":{"1":1,"2":1,"3":1,"4":1,"5":1,"6":0,"7":1,"8":0,"9":0,"10":0,"11":0,"12":0,"13":0,"14":1,"15":0,"16":0,"17":0,"18":0,"19":1,"20":0,"21":0,"22":0,"23":1,"24":0,"25":0,"26":0,"27":1,"28":0,"29":0,"30":0,"31":0,"32":0,"33":0,"34":0,"35":0,"36":0,"37":0,"38":0,"39":0,"40":0,"41":0,"42":0,"43":0,"44":0,"45":0,"46":0,"47":0,"48":0,"49":1,"50":0,"51":0,"52":0,"53":0,"54":0,"55":0,"56":0,"57":0,"58":1,"59":0,"60":0,"61":0,"62":0,"63":0,"64":1},"b":{"1":[0,0],"2":[0,0],"3":[0,0],"4":[0,0],"5":[0,0],"6":[0,0],"7":[0,0],"8":[0,0]},"f":{"1":0},"fnMap":{"1":{"name":"removeVariables","line":56,"loc":{"start":{"line":56,"column":2},"end":{"line":56,"column":28}}}},"statementMap":{"1":{"start":{"line":3,"column":0},"end":{"line":3,"column":27}},"2":{"start":{"line":6,"column":0},"end":{"line":6,"column":27}},"3":{"start":{"line":7,"column":0},"end":{"line":7,"column":23}},"4":{"start":{"line":8,"column":0},"end":{"line":8,"column":49}},"5":{"start":{"line":11,"column":0},"end":{"line":13,"column":2}},"6":{"start":{"line":12,"column":2},"end":{"line":12,"column":65}},"7":{"start":{"line":17,"column":0},"end":{"line":24,"column":2}},"8":{"start":{"line":18,"column":2},"end":{"line":18,"column":25}},"9":{"start":{"line":19,"column":2},"end":{"line":19,"column":82}},"10":{"start":{"line":20,"column":2},"end":{"line":20,"column":77}},"11":{"start":{"line":21,"column":2},"end":{"line":21,"column":82}},"12":{"start":{"line":22,"column":2},"end":{"line":22,"column":88}},"13":{"start":{"line":23,"column":2},"end":{"line":23,"column":70}},"14":{"start":{"line":29,"column":0},"end":{"line":36,"column":2}},"15":{"start":{"line":30,"column":2},"end":{"line":34,"column":3}},"16":{"start":{"line":31,"column":4},"end":{"line":33,"column":5}},"17":{"start":{"line":32,"column":6},"end":{"line":32,"column":18}},"18":{"start":{"line":35,"column":2},"end":{"line":35,"column":15}},"19":{"start":{"line":39,"column":0},"end":{"line":47,"column":2}},"20":{"start":{"line":41,"column":2},"end":{"line":46,"column":3}},"21":{"start":{"line":43,"column":6},"end":{"line":43,"column":81}},"22":{"start":{"line":45,"column":6},"end":{"line":45,"column":121}},"23":{"start":{"line":51,"column":0},"end":{"line":104,"column":2}},"24":{"start":{"line":52,"column":2},"end":{"line":52,"column":18}},"25":{"start":{"line":53,"column":2},"end":{"line":53,"column":19}},"26":{"start":{"line":54,"column":2},"end":{"line":54,"column":21}},"27":{"start":{"line":56,"column":2},"end":{"line":60,"column":3}},"28":{"start":{"line":57,"column":4},"end":{"line":57,"column":21}},"29":{"start":{"line":58,"column":4},"end":{"line":58,"column":19}},"30":{"start":{"line":59,"column":4},"end":{"line":59,"column":24}},"31":{"start":{"line":62,"column":2},"end":{"line":98,"column":5}},"32":{"start":{"line":63,"column":4},"end":{"line":97,"column":5}},"33":{"start":{"line":65,"column":6},"end":{"line":65,"column":52}},"34":{"start":{"line":66,"column":6},"end":{"line":66,"column":67}},"35":{"start":{"line":71,"column":6},"end":{"line":81,"column":7}},"36":{"start":{"line":73,"column":8},"end":{"line":73,"column":52}},"37":{"start":{"line":74,"column":8},"end":{"line":74,"column":87}},"38":{"start":{"line":75,"column":8},"end":{"line":75,"column":41}},"39":{"start":{"line":79,"column":8},"end":{"line":79,"column":91}},"40":{"start":{"line":80,"column":8},"end":{"line":80,"column":42}},"41":{"start":{"line":85,"column":6},"end":{"line":85,"column":54}},"42":{"start":{"line":86,"column":6},"end":{"line":93,"column":9}},"43":{"start":{"line":87,"column":8},"end":{"line":87,"column":26}},"44":{"start":{"line":88,"column":8},"end":{"line":88,"column":22}},"45":{"start":{"line":91,"column":8},"end":{"line":91,"column":26}},"46":{"start":{"line":92,"column":8},"end":{"line":92,"column":20}},"47":{"start":{"line":95,"column":6},"end":{"line":95,"column":24}},"48":{"start":{"line":96,"column":6},"end":{"line":96,"column":50}},"49":{"start":{"line":109,"column":0},"end":{"line":132,"column":2}},"50":{"start":{"line":111,"column":2},"end":{"line":130,"column":5}},"51":{"start":{"line":112,"column":4},"end":{"line":129,"column":7}},"52":{"start":{"line":114,"column":8},"end":{"line":114,"column":80}},"53":{"start":{"line":116,"column":8},"end":{"line":124,"column":11}},"54":{"start":{"line":117,"column":10},"end":{"line":117,"column":25}},"55":{"start":{"line":120,"column":10},"end":{"line":120,"column":22}},"56":{"start":{"line":123,"column":10},"end":{"line":123,"column":29}},"57":{"start":{"line":128,"column":6},"end":{"line":128,"column":18}},"58":{"start":{"line":137,"column":0},"end":{"line":154,"column":2}},"59":{"start":{"line":139,"column":2},"end":{"line":152,"column":5}},"60":{"start":{"line":143,"column":6},"end":{"line":143,"column":82}},"61":{"start":{"line":145,"column":6},"end":{"line":145,"column":36}},"62":{"start":{"line":148,"column":6},"end":{"line":148,"column":26}},"63":{"start":{"line":151,"column":4},"end":{"line":151,"column":31}},"64":{"start":{"line":159,"column":0},"end":{"line":166,"column":2}}},"branchMap":{"1":{"line":19,"type":"cond-expr","locations":[{"start":{"line":19,"column":38},"end":{"line":19,"column":62}},{"start":{"line":19,"column":63},"end":{"line":19,"column":81}}]},"2":{"line":20,"type":"cond-expr","locations":[{"start":{"line":20,"column":35},"end":{"line":20,"column":58}},{"start":{"line":20,"column":59},"end":{"line":20,"column":76}}]},"3":{"line":21,"type":"cond-expr","locations":[{"start":{"line":21,"column":38},"end":{"line":21,"column":62}},{"start":{"line":21,"column":63},"end":{"line":21,"column":81}}]},"4":{"line":22,"type":"cond-expr","locations":[{"start":{"line":22,"column":40},"end":{"line":22,"column":66}},{"start":{"line":22,"column":67},"end":{"line":22,"column":87}}]},"5":{"line":31,"type":"if","locations":[{"start":{"line":31,"column":4},"end":{"line":31,"column":4}},{"start":{"line":31,"column":4},"end":{"line":31,"column":4}}]},"6":{"line":41,"type":"switch","locations":[{"start":{"line":42,"column":4},"end":{"line":43,"column":81}},{"start":{"line":44,"column":4},"end":{"line":45,"column":121}}]},"7":{"line":63,"type":"if","locations":[{"start":{"line":63,"column":4},"end":{"line":63,"column":4}},{"start":{"line":63,"column":4},"end":{"line":63,"column":4}}]},"8":{"line":71,"type":"if","locations":[{"start":{"line":71,"column":6},"end":{"line":71,"column":6}},{"start":{"line":71,"column":6},"end":{"line":71,"column":6}}]}}},"/Users/je10617/Desktop/express-authenticate/files/FTP.js":{"path":"/Users/je10617/Desktop/express-authenticate/files/FTP.js","s":{"1":1,"2":1,"3":1,"4":1,"5":1,"6":0,"7":0,"8":0,"9":0,"10":1,"11":0,"12":0,"13":0,"14":0,"15":0,"16":1,"17":0,"18":0,"19":0,"20":0,"21":0,"22":0,"23":1,"24":0,"25":0,"26":1,"27":0,"28":0,"29":0,"30":0,"31":0,"32":0,"33":0,"34":0,"35":0,"36":0,"37":0,"38":0,"39":0,"40":0,"41":0,"42":0,"43":0,"44":0,"45":0,"46":0,"47":0,"48":1,"49":0,"50":0,"51":0,"52":0,"53":0,"54":0,"55":0,"56":0,"57":0,"58":0,"59":0,"60":0,"61":0,"62":0,"63":0,"64":0,"65":0,"66":0,"67":0,"68":0,"69":0,"70":0,"71":0},"b":{"1":[0,0],"2":[0,0],"3":[0,0],"4":[0,0],"5":[0,0],"6":[0,0],"7":[0,0],"8":[0,0]},"f":{"1":0,"2":0,"3":0,"4":0,"5":0,"6":0,"7":0,"8":0,"9":0,"10":0,"11":0,"12":0},"fnMap":{"1":{"name":"checkIfDirExists","line":13,"loc":{"start":{"line":13,"column":0},"end":{"line":13,"column":38}}},"2":{"name":"createDir","line":23,"loc":{"start":{"line":23,"column":0},"end":{"line":23,"column":24}}},"3":{"name":"createFile","line":36,"loc":{"start":{"line":36,"column":0},"end":{"line":36,"column":36}}},"4":{"name":"(anonymous_4)","line":38,"loc":{"start":{"line":38,"column":30},"end":{"line":38,"column":44}}},"5":{"name":"FTPDisconnect","line":50,"loc":{"start":{"line":50,"column":0},"end":{"line":50,"column":24}}},"6":{"name":"(anonymous_6)","line":58,"loc":{"start":{"line":58,"column":21},"end":{"line":58,"column":39}}},"7":{"name":"(anonymous_7)","line":68,"loc":{"start":{"line":68,"column":25},"end":{"line":68,"column":36}}},"8":{"name":"(anonymous_8)","line":71,"loc":{"start":{"line":71,"column":38},"end":{"line":71,"column":58}}},"9":{"name":"(anonymous_9)","line":119,"loc":{"start":{"line":119,"column":19},"end":{"line":119,"column":41}}},"10":{"name":"(anonymous_10)","line":124,"loc":{"start":{"line":124,"column":21},"end":{"line":124,"column":45}}},"11":{"name":"(anonymous_11)","line":129,"loc":{"start":{"line":129,"column":22},"end":{"line":129,"column":33}}},"12":{"name":"(anonymous_12)","line":131,"loc":{"start":{"line":131,"column":15},"end":{"line":131,"column":35}}}},"statementMap":{"1":{"start":{"line":6,"column":0},"end":{"line":6,"column":33}},"2":{"start":{"line":7,"column":0},"end":{"line":7,"column":27}},"3":{"start":{"line":8,"column":0},"end":{"line":8,"column":33}},"4":{"start":{"line":9,"column":0},"end":{"line":9,"column":28}},"5":{"start":{"line":13,"column":0},"end":{"line":20,"column":1}},"6":{"start":{"line":14,"column":2},"end":{"line":18,"column":3}},"7":{"start":{"line":15,"column":4},"end":{"line":17,"column":5}},"8":{"start":{"line":16,"column":6},"end":{"line":16,"column":18}},"9":{"start":{"line":19,"column":2},"end":{"line":19,"column":15}},"10":{"start":{"line":23,"column":0},"end":{"line":32,"column":1}},"11":{"start":{"line":24,"column":2},"end":{"line":31,"column":5}},"12":{"start":{"line":25,"column":4},"end":{"line":30,"column":7}},"13":{"start":{"line":26,"column":6},"end":{"line":28,"column":7}},"14":{"start":{"line":27,"column":8},"end":{"line":27,"column":20}},"15":{"start":{"line":29,"column":6},"end":{"line":29,"column":20}},"16":{"start":{"line":36,"column":0},"end":{"line":47,"column":1}},"17":{"start":{"line":37,"column":2},"end":{"line":46,"column":5}},"18":{"start":{"line":38,"column":4},"end":{"line":45,"column":7}},"19":{"start":{"line":39,"column":6},"end":{"line":44,"column":7}},"20":{"start":{"line":40,"column":8},"end":{"line":40,"column":25}},"21":{"start":{"line":41,"column":8},"end":{"line":41,"column":20}},"22":{"start":{"line":43,"column":8},"end":{"line":43,"column":22}},"23":{"start":{"line":50,"column":0},"end":{"line":53,"column":1}},"24":{"start":{"line":51,"column":2},"end":{"line":51,"column":12}},"25":{"start":{"line":52,"column":2},"end":{"line":52,"column":27}},"26":{"start":{"line":58,"column":0},"end":{"line":113,"column":2}},"27":{"start":{"line":60,"column":2},"end":{"line":60,"column":26}},"28":{"start":{"line":63,"column":2},"end":{"line":63,"column":36}},"29":{"start":{"line":65,"column":2},"end":{"line":112,"column":5}},"30":{"start":{"line":68,"column":4},"end":{"line":110,"column":7}},"31":{"start":{"line":71,"column":6},"end":{"line":107,"column":9}},"32":{"start":{"line":74,"column":8},"end":{"line":77,"column":9}},"33":{"start":{"line":75,"column":10},"end":{"line":75,"column":26}},"34":{"start":{"line":76,"column":10},"end":{"line":76,"column":22}},"35":{"start":{"line":80,"column":8},"end":{"line":106,"column":9}},"36":{"start":{"line":83,"column":10},"end":{"line":103,"column":13}},"37":{"start":{"line":84,"column":12},"end":{"line":87,"column":13}},"38":{"start":{"line":85,"column":14},"end":{"line":85,"column":30}},"39":{"start":{"line":86,"column":14},"end":{"line":86,"column":26}},"40":{"start":{"line":90,"column":12},"end":{"line":93,"column":15}},"41":{"start":{"line":91,"column":14},"end":{"line":91,"column":30}},"42":{"start":{"line":92,"column":14},"end":{"line":92,"column":74}},"43":{"start":{"line":95,"column":12},"end":{"line":98,"column":15}},"44":{"start":{"line":96,"column":14},"end":{"line":96,"column":30}},"45":{"start":{"line":97,"column":14},"end":{"line":97,"column":55}},"46":{"start":{"line":101,"column":12},"end":{"line":101,"column":32}},"47":{"start":{"line":105,"column":10},"end":{"line":105,"column":61}},"48":{"start":{"line":119,"column":0},"end":{"line":175,"column":2}},"49":{"start":{"line":122,"column":2},"end":{"line":122,"column":36}},"50":{"start":{"line":124,"column":2},"end":{"line":174,"column":5}},"51":{"start":{"line":129,"column":4},"end":{"line":169,"column":7}},"52":{"start":{"line":131,"column":6},"end":{"line":166,"column":9}},"53":{"start":{"line":133,"column":8},"end":{"line":135,"column":9}},"54":{"start":{"line":134,"column":10},"end":{"line":134,"column":22}},"55":{"start":{"line":137,"column":8},"end":{"line":164,"column":9}},"56":{"start":{"line":139,"column":10},"end":{"line":146,"column":13}},"57":{"start":{"line":140,"column":12},"end":{"line":140,"column":28}},"58":{"start":{"line":141,"column":12},"end":{"line":141,"column":26}},"59":{"start":{"line":144,"column":12},"end":{"line":144,"column":28}},"60":{"start":{"line":145,"column":12},"end":{"line":145,"column":24}},"61":{"start":{"line":149,"column":10},"end":{"line":163,"column":13}},"62":{"start":{"line":150,"column":12},"end":{"line":158,"column":15}},"63":{"start":{"line":151,"column":14},"end":{"line":151,"column":30}},"64":{"start":{"line":152,"column":14},"end":{"line":152,"column":28}},"65":{"start":{"line":155,"column":14},"end":{"line":155,"column":56}},"66":{"start":{"line":156,"column":14},"end":{"line":156,"column":30}},"67":{"start":{"line":157,"column":14},"end":{"line":157,"column":26}},"68":{"start":{"line":161,"column":12},"end":{"line":161,"column":28}},"69":{"start":{"line":162,"column":12},"end":{"line":162,"column":24}},"70":{"start":{"line":170,"column":4},"end":{"line":172,"column":7}},"71":{"start":{"line":171,"column":6},"end":{"line":171,"column":18}}},"branchMap":{"1":{"line":15,"type":"if","locations":[{"start":{"line":15,"column":4},"end":{"line":15,"column":4}},{"start":{"line":15,"column":4},"end":{"line":15,"column":4}}]},"2":{"line":26,"type":"if","locations":[{"start":{"line":26,"column":6},"end":{"line":26,"column":6}},{"start":{"line":26,"column":6},"end":{"line":26,"column":6}}]},"3":{"line":39,"type":"if","locations":[{"start":{"line":39,"column":6},"end":{"line":39,"column":6}},{"start":{"line":39,"column":6},"end":{"line":39,"column":6}}]},"4":{"line":74,"type":"if","locations":[{"start":{"line":74,"column":8},"end":{"line":74,"column":8}},{"start":{"line":74,"column":8},"end":{"line":74,"column":8}}]},"5":{"line":80,"type":"if","locations":[{"start":{"line":80,"column":8},"end":{"line":80,"column":8}},{"start":{"line":80,"column":8},"end":{"line":80,"column":8}}]},"6":{"line":84,"type":"if","locations":[{"start":{"line":84,"column":12},"end":{"line":84,"column":12}},{"start":{"line":84,"column":12},"end":{"line":84,"column":12}}]},"7":{"line":133,"type":"if","locations":[{"start":{"line":133,"column":8},"end":{"line":133,"column":8}},{"start":{"line":133,"column":8},"end":{"line":133,"column":8}}]},"8":{"line":137,"type":"if","locations":[{"start":{"line":137,"column":8},"end":{"line":137,"column":8}},{"start":{"line":137,"column":8},"end":{"line":137,"column":8}}]}}},"/Users/je10617/Desktop/express-authenticate/db/index.js":{"path":"/Users/je10617/Desktop/express-authenticate/db/index.js","s":{"1":1,"2":1,"3":1,"4":1,"5":1,"6":1,"7":1},"b":{},"f":{},"fnMap":{},"statementMap":{"1":{"start":{"line":2,"column":0},"end":{"line":2,"column":42}},"2":{"start":{"line":5,"column":0},"end":{"line":5,"column":33}},"3":{"start":{"line":7,"column":0},"end":{"line":7,"column":32}},"4":{"start":{"line":10,"column":0},"end":{"line":10,"column":52}},"5":{"start":{"line":11,"column":0},"end":{"line":11,"column":26}},"6":{"start":{"line":15,"column":0},"end":{"line":15,"column":37}},"7":{"start":{"line":24,"column":0},"end":{"line":24,"column":24}}},"branchMap":{}},"/Users/je10617/Desktop/express-authenticate/db/routes/courseRouter.js":{"path":"/Users/je10617/Desktop/express-authenticate/db/routes/courseRouter.js","s":{"1":1,"2":1,"3":1,"4":1,"5":1,"6":0,"7":0,"8":0,"9":1,"10":0,"11":0,"12":0,"13":1,"14":0,"15":0,"16":0,"17":0,"18":1,"19":0,"20":0,"21":0,"22":1,"23":0,"24":0,"25":0,"26":1},"b":{},"f":{},"fnMap":{},"statementMap":{"1":{"start":{"line":12,"column":0},"end":{"line":12,"column":56}},"2":{"start":{"line":13,"column":0},"end":{"line":13,"column":39}},"3":{"start":{"line":15,"column":0},"end":{"line":15,"column":33}},"4":{"start":{"line":16,"column":0},"end":{"line":16,"column":36}},"5":{"start":{"line":19,"column":0},"end":{"line":26,"column":3}},"6":{"start":{"line":20,"column":2},"end":{"line":25,"column":5}},"7":{"start":{"line":21,"column":4},"end":{"line":21,"column":26}},"8":{"start":{"line":24,"column":4},"end":{"line":24,"column":25}},"9":{"start":{"line":29,"column":0},"end":{"line":36,"column":3}},"10":{"start":{"line":30,"column":2},"end":{"line":35,"column":5}},"11":{"start":{"line":31,"column":4},"end":{"line":31,"column":26}},"12":{"start":{"line":34,"column":4},"end":{"line":34,"column":25}},"13":{"start":{"line":39,"column":0},"end":{"line":60,"column":3}},"14":{"start":{"line":40,"column":2},"end":{"line":59,"column":5}},"15":{"start":{"line":42,"column":4},"end":{"line":53,"column":6}},"16":{"start":{"line":55,"column":4},"end":{"line":55,"column":33}},"17":{"start":{"line":58,"column":4},"end":{"line":58,"column":25}},"18":{"start":{"line":64,"column":0},"end":{"line":71,"column":3}},"19":{"start":{"line":65,"column":2},"end":{"line":70,"column":5}},"20":{"start":{"line":66,"column":4},"end":{"line":66,"column":26}},"21":{"start":{"line":69,"column":4},"end":{"line":69,"column":25}},"22":{"start":{"line":75,"column":0},"end":{"line":86,"column":3}},"23":{"start":{"line":78,"column":2},"end":{"line":85,"column":5}},"24":{"start":{"line":81,"column":4},"end":{"line":81,"column":26}},"25":{"start":{"line":84,"column":4},"end":{"line":84,"column":25}},"26":{"start":{"line":91,"column":0},"end":{"line":91,"column":28}}},"branchMap":{}},"/Users/je10617/Desktop/express-authenticate/files/index.js":{"path":"/Users/je10617/Desktop/express-authenticate/files/index.js","s":{"1":1,"2":1,"3":1,"4":1,"5":1,"6":1,"7":1,"8":1,"9":1,"10":1,"11":1,"12":1,"13":0,"14":0,"15":0,"16":0,"17":0,"18":0,"19":0,"20":1,"21":1,"22":0,"23":0,"24":0,"25":0,"26":0,"27":0,"28":0,"29":0,"30":0,"31":0,"32":0,"33":0,"34":1,"35":0,"36":1,"37":0,"38":0,"39":0,"40":0,"41":0,"42":0,"43":0,"44":0,"45":0,"46":0,"47":0,"48":0,"49":0,"50":0,"51":0,"52":0,"53":0,"54":0,"55":1,"56":0,"57":0,"58":0,"59":0,"60":0,"61":0,"62":0,"63":0,"64":0,"65":0,"66":0,"67":0,"68":0,"69":0,"70":0,"71":0,"72":0,"73":0,"74":0,"75":0,"76":0,"77":0,"78":0,"79":0,"80":0,"81":1,"82":1,"83":1},"b":{"1":[0,0],"2":[0,0],"3":[0,0]},"f":{"1":0,"2":0,"3":0},"fnMap":{"1":{"name":"removeVariables","line":26,"loc":{"start":{"line":26,"column":2},"end":{"line":26,"column":28}}},"2":{"name":"removeVariables","line":48,"loc":{"start":{"line":48,"column":2},"end":{"line":48,"column":28}}},"3":{"name":"(anonymous_3)","line":52,"loc":{"start":{"line":52,"column":21},"end":{"line":52,"column":47}}}},"statementMap":{"1":{"start":{"line":2,"column":0},"end":{"line":2,"column":39}},"2":{"start":{"line":3,"column":0},"end":{"line":3,"column":40}},"3":{"start":{"line":4,"column":0},"end":{"line":4,"column":59}},"4":{"start":{"line":5,"column":0},"end":{"line":5,"column":38}},"5":{"start":{"line":6,"column":0},"end":{"line":6,"column":38}},"6":{"start":{"line":7,"column":0},"end":{"line":7,"column":48}},"7":{"start":{"line":8,"column":0},"end":{"line":8,"column":42}},"8":{"start":{"line":12,"column":0},"end":{"line":12,"column":18}},"9":{"start":{"line":16,"column":0},"end":{"line":16,"column":33}},"10":{"start":{"line":18,"column":0},"end":{"line":18,"column":30}},"11":{"start":{"line":23,"column":0},"end":{"line":43,"column":2}},"12":{"start":{"line":26,"column":2},"end":{"line":28,"column":3}},"13":{"start":{"line":27,"column":4},"end":{"line":27,"column":26}},"14":{"start":{"line":30,"column":2},"end":{"line":39,"column":5}},"15":{"start":{"line":31,"column":4},"end":{"line":38,"column":7}},"16":{"start":{"line":32,"column":6},"end":{"line":32,"column":24}},"17":{"start":{"line":34,"column":6},"end":{"line":34,"column":20}},"18":{"start":{"line":36,"column":6},"end":{"line":36,"column":24}},"19":{"start":{"line":37,"column":6},"end":{"line":37,"column":18}},"20":{"start":{"line":46,"column":0},"end":{"line":73,"column":2}},"21":{"start":{"line":48,"column":2},"end":{"line":51,"column":3}},"22":{"start":{"line":49,"column":4},"end":{"line":49,"column":14}},"23":{"start":{"line":50,"column":4},"end":{"line":50,"column":26}},"24":{"start":{"line":52,"column":2},"end":{"line":71,"column":5}},"25":{"start":{"line":53,"column":4},"end":{"line":70,"column":7}},"26":{"start":{"line":56,"column":6},"end":{"line":56,"column":52}},"27":{"start":{"line":59,"column":6},"end":{"line":65,"column":9}},"28":{"start":{"line":60,"column":8},"end":{"line":60,"column":26}},"29":{"start":{"line":61,"column":8},"end":{"line":61,"column":31}},"30":{"start":{"line":63,"column":8},"end":{"line":63,"column":26}},"31":{"start":{"line":64,"column":8},"end":{"line":64,"column":28}},"32":{"start":{"line":68,"column":6},"end":{"line":68,"column":24}},"33":{"start":{"line":69,"column":6},"end":{"line":69,"column":26}},"34":{"start":{"line":78,"column":0},"end":{"line":81,"column":3}},"35":{"start":{"line":80,"column":2},"end":{"line":80,"column":45}},"36":{"start":{"line":89,"column":0},"end":{"line":130,"column":3}},"37":{"start":{"line":91,"column":2},"end":{"line":91,"column":35}},"38":{"start":{"line":92,"column":2},"end":{"line":92,"column":16}},"39":{"start":{"line":94,"column":2},"end":{"line":99,"column":5}},"40":{"start":{"line":95,"column":4},"end":{"line":95,"column":42}},"41":{"start":{"line":96,"column":4},"end":{"line":96,"column":14}},"42":{"start":{"line":97,"column":4},"end":{"line":97,"column":20}},"43":{"start":{"line":98,"column":4},"end":{"line":98,"column":48}},"44":{"start":{"line":102,"column":2},"end":{"line":115,"column":5}},"45":{"start":{"line":103,"column":4},"end":{"line":113,"column":7}},"46":{"start":{"line":104,"column":6},"end":{"line":109,"column":9}},"47":{"start":{"line":105,"column":8},"end":{"line":105,"column":39}},"48":{"start":{"line":108,"column":8},"end":{"line":108,"column":37}},"49":{"start":{"line":112,"column":6},"end":{"line":112,"column":47}},"50":{"start":{"line":117,"column":2},"end":{"line":119,"column":5}},"51":{"start":{"line":118,"column":4},"end":{"line":118,"column":38}},"52":{"start":{"line":121,"column":2},"end":{"line":123,"column":5}},"53":{"start":{"line":122,"column":4},"end":{"line":122,"column":27}},"54":{"start":{"line":126,"column":2},"end":{"line":126,"column":18}},"55":{"start":{"line":133,"column":0},"end":{"line":193,"column":3}},"56":{"start":{"line":135,"column":2},"end":{"line":135,"column":35}},"57":{"start":{"line":136,"column":2},"end":{"line":136,"column":16}},"58":{"start":{"line":138,"column":2},"end":{"line":143,"column":5}},"59":{"start":{"line":139,"column":4},"end":{"line":139,"column":42}},"60":{"start":{"line":140,"column":4},"end":{"line":140,"column":14}},"61":{"start":{"line":141,"column":4},"end":{"line":141,"column":20}},"62":{"start":{"line":142,"column":4},"end":{"line":142,"column":48}},"63":{"start":{"line":147,"column":2},"end":{"line":174,"column":5}},"64":{"start":{"line":149,"column":4},"end":{"line":149,"column":53}},"65":{"start":{"line":151,"column":4},"end":{"line":173,"column":5}},"66":{"start":{"line":152,"column":6},"end":{"line":163,"column":9}},"67":{"start":{"line":153,"column":8},"end":{"line":159,"column":11}},"68":{"start":{"line":154,"column":10},"end":{"line":154,"column":85}},"69":{"start":{"line":155,"column":10},"end":{"line":155,"column":53}},"70":{"start":{"line":158,"column":10},"end":{"line":158,"column":51}},"71":{"start":{"line":162,"column":8},"end":{"line":162,"column":49}},"72":{"start":{"line":167,"column":6},"end":{"line":172,"column":9}},"73":{"start":{"line":168,"column":8},"end":{"line":168,"column":51}},"74":{"start":{"line":171,"column":8},"end":{"line":171,"column":49}},"75":{"start":{"line":177,"column":2},"end":{"line":182,"column":5}},"76":{"start":{"line":178,"column":4},"end":{"line":180,"column":5}},"77":{"start":{"line":179,"column":4},"end":{"line":179,"column":38}},"78":{"start":{"line":184,"column":2},"end":{"line":186,"column":5}},"79":{"start":{"line":185,"column":4},"end":{"line":185,"column":27}},"80":{"start":{"line":189,"column":2},"end":{"line":189,"column":18}},"81":{"start":{"line":198,"column":0},"end":{"line":198,"column":37}},"82":{"start":{"line":199,"column":0},"end":{"line":199,"column":31}},"83":{"start":{"line":203,"column":0},"end":{"line":203,"column":22}}},"branchMap":{"1":{"line":31,"type":"cond-expr","locations":[{"start":{"line":31,"column":30},"end":{"line":31,"column":60}},{"start":{"line":31,"column":61},"end":{"line":31,"column":97}}]},"2":{"line":151,"type":"if","locations":[{"start":{"line":151,"column":4},"end":{"line":151,"column":4}},{"start":{"line":151,"column":4},"end":{"line":151,"column":4}}]},"3":{"line":178,"type":"if","locations":[{"start":{"line":178,"column":4},"end":{"line":178,"column":4}},{"start":{"line":178,"column":4},"end":{"line":178,"column":4}}]}}},"/Users/je10617/Desktop/express-authenticate/users/modify.js":{"path":"/Users/je10617/Desktop/express-authenticate/users/modify.js","s":{"1":1,"2":1,"3":1,"4":1,"5":1,"6":1,"7":1,"8":1,"9":0,"10":0,"11":0,"12":1,"13":0,"14":0,"15":0,"16":0,"17":1,"18":0,"19":0,"20":0,"21":1,"22":0,"23":0,"24":0,"25":0,"26":0,"27":0,"28":0,"29":0,"30":0,"31":0,"32":0,"33":0,"34":0,"35":0,"36":0,"37":0,"38":0,"39":0,"40":0,"41":0,"42":1},"b":{},"f":{"1":0},"fnMap":{"1":{"name":"deleteReferences","line":50,"loc":{"start":{"line":50,"column":2},"end":{"line":50,"column":29}}}},"statementMap":{"1":{"start":{"line":2,"column":0},"end":{"line":2,"column":33}},"2":{"start":{"line":4,"column":0},"end":{"line":4,"column":30}},"3":{"start":{"line":5,"column":0},"end":{"line":5,"column":39}},"4":{"start":{"line":8,"column":0},"end":{"line":8,"column":57}},"5":{"start":{"line":10,"column":0},"end":{"line":10,"column":51}},"6":{"start":{"line":11,"column":0},"end":{"line":11,"column":40}},"7":{"start":{"line":12,"column":0},"end":{"line":12,"column":55}},"8":{"start":{"line":16,"column":0},"end":{"line":26,"column":3}},"9":{"start":{"line":20,"column":2},"end":{"line":25,"column":5}},"10":{"start":{"line":21,"column":4},"end":{"line":21,"column":28}},"11":{"start":{"line":24,"column":4},"end":{"line":24,"column":26}},"12":{"start":{"line":30,"column":0},"end":{"line":41,"column":3}},"13":{"start":{"line":31,"column":2},"end":{"line":31,"column":24}},"14":{"start":{"line":35,"column":2},"end":{"line":40,"column":5}},"15":{"start":{"line":36,"column":4},"end":{"line":36,"column":28}},"16":{"start":{"line":39,"column":4},"end":{"line":39,"column":26}},"17":{"start":{"line":44,"column":0},"end":{"line":91,"column":3}},"18":{"start":{"line":45,"column":2},"end":{"line":45,"column":18}},"19":{"start":{"line":46,"column":2},"end":{"line":46,"column":35}},"20":{"start":{"line":47,"column":2},"end":{"line":47,"column":19}},"21":{"start":{"line":50,"column":2},"end":{"line":56,"column":3}},"22":{"start":{"line":51,"column":4},"end":{"line":51,"column":18}},"23":{"start":{"line":52,"column":4},"end":{"line":52,"column":19}},"24":{"start":{"line":53,"column":4},"end":{"line":53,"column":30}},"25":{"start":{"line":54,"column":4},"end":{"line":54,"column":14}},"26":{"start":{"line":62,"column":2},"end":{"line":65,"column":5}},"27":{"start":{"line":63,"column":4},"end":{"line":63,"column":23}},"28":{"start":{"line":64,"column":4},"end":{"line":64,"column":26}},"29":{"start":{"line":69,"column":2},"end":{"line":79,"column":5}},"30":{"start":{"line":70,"column":4},"end":{"line":70,"column":154}},"31":{"start":{"line":71,"column":4},"end":{"line":78,"column":7}},"32":{"start":{"line":72,"column":6},"end":{"line":72,"column":25}},"33":{"start":{"line":73,"column":6},"end":{"line":73,"column":30}},"34":{"start":{"line":76,"column":6},"end":{"line":76,"column":25}},"35":{"start":{"line":77,"column":6},"end":{"line":77,"column":28}},"36":{"start":{"line":81,"column":2},"end":{"line":83,"column":5}},"37":{"start":{"line":82,"column":4},"end":{"line":82,"column":25}},"38":{"start":{"line":85,"column":2},"end":{"line":88,"column":5}},"39":{"start":{"line":86,"column":4},"end":{"line":86,"column":19}},"40":{"start":{"line":87,"column":4},"end":{"line":87,"column":29}},"41":{"start":{"line":90,"column":2},"end":{"line":90,"column":18}},"42":{"start":{"line":97,"column":0},"end":{"line":97,"column":22}}},"branchMap":{}},"/Users/je10617/Desktop/express-authenticate/users/get.js":{"path":"/Users/je10617/Desktop/express-authenticate/users/get.js","s":{"1":1,"2":1,"3":1,"4":1,"5":0,"6":0,"7":0,"8":1},"b":{},"f":{},"fnMap":{},"statementMap":{"1":{"start":{"line":2,"column":0},"end":{"line":2,"column":33}},"2":{"start":{"line":4,"column":0},"end":{"line":4,"column":30}},"3":{"start":{"line":6,"column":0},"end":{"line":6,"column":57}},"4":{"start":{"line":9,"column":0},"end":{"line":16,"column":3}},"5":{"start":{"line":10,"column":2},"end":{"line":15,"column":5}},"6":{"start":{"line":11,"column":4},"end":{"line":11,"column":19}},"7":{"start":{"line":14,"column":4},"end":{"line":14,"column":26}},"8":{"start":{"line":22,"column":0},"end":{"line":22,"column":22}}},"branchMap":{}},"/Users/je10617/Desktop/express-authenticate/authentication/middleware.js":{"path":"/Users/je10617/Desktop/express-authenticate/authentication/middleware.js","s":{"1":1,"2":1,"3":1,"4":1,"5":0,"6":0,"7":0,"8":0,"9":0,"10":0,"11":0,"12":0},"b":{"1":[0,0],"2":[0,0]},"f":{"1":0},"fnMap":{"1":{"name":"(anonymous_1)","line":19,"loc":{"start":{"line":19,"column":28},"end":{"line":19,"column":50}}}},"statementMap":{"1":{"start":{"line":3,"column":0},"end":{"line":3,"column":30}},"2":{"start":{"line":4,"column":0},"end":{"line":4,"column":29}},"3":{"start":{"line":5,"column":0},"end":{"line":5,"column":31}},"4":{"start":{"line":19,"column":0},"end":{"line":53,"column":2}},"5":{"start":{"line":21,"column":2},"end":{"line":31,"column":3}},"6":{"start":{"line":23,"column":4},"end":{"line":30,"column":8}},"7":{"start":{"line":34,"column":2},"end":{"line":34,"column":54}},"8":{"start":{"line":35,"column":2},"end":{"line":35,"column":78}},"9":{"start":{"line":37,"column":2},"end":{"line":46,"column":3}},"10":{"start":{"line":38,"column":4},"end":{"line":45,"column":8}},"11":{"start":{"line":48,"column":2},"end":{"line":48,"column":23}},"12":{"start":{"line":52,"column":2},"end":{"line":52,"column":9}}},"branchMap":{"1":{"line":21,"type":"if","locations":[{"start":{"line":21,"column":2},"end":{"line":21,"column":2}},{"start":{"line":21,"column":2},"end":{"line":21,"column":2}}]},"2":{"line":37,"type":"if","locations":[{"start":{"line":37,"column":2},"end":{"line":37,"column":2}},{"start":{"line":37,"column":2},"end":{"line":37,"column":2}}]}}}}