TN:
SF:/Users/je10617/Desktop/express-authenticate/server.js
FN:30,(anonymous_1)
FNF:1
FNH:1
FNDA:9,(anonymous_1)
DA:6,1
DA:7,1
DA:8,1
DA:10,1
DA:16,1
DA:19,1
DA:22,1
DA:26,1
DA:30,1
DA:31,9
DA:32,9
DA:33,9
DA:37,1
DA:44,1
DA:53,1
DA:54,1
DA:55,1
DA:60,1
DA:61,1
DA:62,1
DA:71,1
LF:21
LH:21
BRDA:8,1,0,1
BRDA:8,1,1,0
BRF:2
BRH:1
end_of_record
TN:
SF:/Users/je10617/Desktop/express-authenticate/authentication/index.js
FNF:0
FNH:0
DA:1,1
DA:4,1
DA:7,1
DA:14,1
DA:21,1
LF:5
LH:5
BRF:0
BRH:0
end_of_record
TN:
SF:/Users/je10617/Desktop/express-authenticate/authentication/coreFunctions.js
FN:14,createToken
FN:29,existeUsuario
FN:30,(anonymous_3)
FN:60,(anonymous_4)
FNF:4
FNH:4
FNDA:1,createToken
FNDA:2,existeUsuario
FNDA:2,(anonymous_3)
FNDA:2,(anonymous_4)
DA:2,1
DA:3,1
DA:4,1
DA:6,1
DA:7,1
DA:9,1
DA:14,1
DA:15,1
DA:21,1
DA:29,1
DA:30,2
DA:31,2
DA:32,2
DA:35,1
DA:37,1
DA:38,1
DA:39,1
DA:40,1
DA:43,0
DA:48,0
DA:60,1
DA:62,2
DA:65,1
DA:66,1
DA:73,1
LF:25
LH:23
BRDA:32,1,0,1
BRDA:32,1,1,1
BRDA:37,2,0,1
BRDA:37,2,1,0
BRF:4
BRH:3
end_of_record
TN:
SF:/Users/je10617/Desktop/express-authenticate/authentication/config.js
FNF:0
FNH:0
DA:2,1
LF:1
LH:1
BRDA:3,1,0,1
BRDA:3,1,1,1
BRF:2
BRH:2
end_of_record
TN:
SF:/Users/je10617/Desktop/express-authenticate/db/coreFunctions.js
FN:15,(anonymous_1)
FN:25,(anonymous_2)
FN:65,(anonymous_3)
FN:68,(anonymous_4)
FN:81,(anonymous_5)
FNF:5
FNH:4
FNDA:9,(anonymous_1)
FNDA:0,(anonymous_2)
FNDA:9,(anonymous_3)
FNDA:9,(anonymous_4)
FNDA:9,(anonymous_5)
DA:8,1
DA:9,1
DA:12,1
DA:15,1
DA:16,9
DA:17,54
DA:18,54
DA:22,9
DA:25,1
DA:26,0
DA:27,0
DA:28,0
DA:29,0
DA:30,0
DA:31,0
DA:33,0
DA:35,0
DA:36,0
DA:38,0
DA:44,1
DA:45,1
DA:46,1
DA:55,1
DA:56,0
DA:64,1
DA:65,9
DA:68,9
DA:71,9
DA:72,0
DA:75,9
DA:76,0
DA:77,0
DA:79,9
DA:81,9
DA:84,9
DA:85,0
DA:89,9
DA:92,9
LF:38
LH:23
BRDA:17,1,0,54
BRDA:17,1,1,0
BRDA:18,2,0,0
BRDA:18,2,1,54
BRDA:18,3,0,24
BRDA:18,3,1,30
BRDA:30,4,0,0
BRDA:30,4,1,0
BRDA:45,5,0,1
BRDA:45,5,1,0
BRDA:71,6,0,0
BRDA:71,6,1,9
BRDA:71,7,0,9
BRDA:71,7,1,9
BRDA:72,8,0,0
BRDA:72,8,1,0
BRDA:75,9,0,0
BRDA:75,9,1,9
BRDA:84,10,0,0
BRDA:84,10,1,9
BRF:20
BRH:10
end_of_record
TN:
SF:/Users/je10617/Desktop/express-authenticate/files/fileFunctions.js
FN:56,removeVariables
FNF:1
FNH:1
FNDA:2,removeVariables
DA:3,1
DA:6,1
DA:7,1
DA:8,1
DA:11,1
DA:12,4
DA:17,1
DA:18,2
DA:19,2
DA:20,2
DA:21,2
DA:22,2
DA:23,2
DA:29,1
DA:30,2
DA:31,2
DA:32,2
DA:35,0
DA:39,1
DA:41,2
DA:43,0
DA:45,2
DA:51,1
DA:52,2
DA:53,2
DA:54,2
DA:56,1
DA:57,2
DA:58,2
DA:59,2
DA:62,2
DA:63,2
DA:65,2
DA:66,2
DA:71,2
DA:73,2
DA:74,2
DA:75,2
DA:79,0
DA:80,0
DA:85,2
DA:86,2
DA:87,2
DA:88,2
DA:91,0
DA:92,0
DA:95,0
DA:96,0
DA:109,1
DA:111,1
DA:112,1
DA:114,1
DA:116,1
DA:117,1
DA:120,0
DA:123,1
DA:128,0
DA:137,1
DA:139,0
DA:143,0
DA:145,0
DA:148,0
DA:151,0
DA:159,1
LF:64
LH:49
BRDA:19,1,0,2
BRDA:19,1,1,0
BRDA:20,2,0,0
BRDA:20,2,1,2
BRDA:21,3,0,0
BRDA:21,3,1,2
BRDA:22,4,0,0
BRDA:22,4,1,2
BRDA:31,5,0,2
BRDA:31,5,1,0
BRDA:41,6,0,0
BRDA:41,6,1,2
BRDA:63,7,0,2
BRDA:63,7,1,0
BRDA:71,8,0,2
BRDA:71,8,1,0
BRF:16
BRH:8
end_of_record
TN:
SF:/Users/je10617/Desktop/express-authenticate/files/FTP.js
FN:13,checkIfDirExists
FN:23,createDir
FN:36,createFile
FN:38,(anonymous_4)
FN:50,FTPDisconnect
FN:58,(anonymous_6)
FN:68,(anonymous_7)
FN:71,(anonymous_8)
FN:119,(anonymous_9)
FN:124,(anonymous_10)
FN:129,(anonymous_11)
FN:131,(anonymous_12)
FNF:12
FNH:12
FNDA:3,checkIfDirExists
FNDA:2,createDir
FNDA:2,createFile
FNDA:2,(anonymous_4)
FNDA:3,FTPDisconnect
FNDA:1,(anonymous_6)
FNDA:1,(anonymous_7)
FNDA:1,(anonymous_8)
FNDA:2,(anonymous_9)
FNDA:2,(anonymous_10)
FNDA:2,(anonymous_11)
FNDA:2,(anonymous_12)
DA:6,1
DA:7,1
DA:8,1
DA:9,1
DA:13,1
DA:14,3
DA:15,6
DA:16,1
DA:19,2
DA:23,1
DA:24,2
DA:25,2
DA:26,2
DA:27,0
DA:29,2
DA:36,1
DA:37,2
DA:38,2
DA:39,2
DA:40,0
DA:41,0
DA:43,2
DA:50,1
DA:51,3
DA:52,3
DA:58,1
DA:60,1
DA:63,1
DA:65,1
DA:68,1
DA:71,1
DA:74,1
DA:75,0
DA:76,0
DA:80,1
DA:83,1
DA:84,1
DA:85,0
DA:86,0
DA:90,1
DA:91,1
DA:92,1
DA:95,1
DA:96,0
DA:97,0
DA:101,1
DA:105,0
DA:119,1
DA:122,2
DA:124,2
DA:129,2
DA:131,2
DA:133,2
DA:134,0
DA:137,2
DA:139,0
DA:140,0
DA:141,0
DA:144,0
DA:145,0
DA:149,2
DA:150,2
DA:151,2
DA:152,2
DA:155,0
DA:156,0
DA:157,0
DA:161,0
DA:162,0
DA:170,2
DA:171,0
LF:71
LH:49
BRDA:15,1,0,1
BRDA:15,1,1,5
BRDA:26,2,0,0
BRDA:26,2,1,2
BRDA:39,3,0,0
BRDA:39,3,1,2
BRDA:74,4,0,0
BRDA:74,4,1,1
BRDA:80,5,0,1
BRDA:80,5,1,0
BRDA:84,6,0,0
BRDA:84,6,1,1
BRDA:133,7,0,0
BRDA:133,7,1,2
BRDA:137,8,0,0
BRDA:137,8,1,2
BRF:16
BRH:9
end_of_record
TN:
SF:/Users/je10617/Desktop/express-authenticate/db/index.js
FNF:0
FNH:0
DA:2,1
DA:5,1
DA:7,1
DA:10,1
DA:11,1
DA:15,1
DA:24,1
LF:7
LH:7
BRF:0
BRH:0
end_of_record
TN:
SF:/Users/je10617/Desktop/express-authenticate/db/routes/courseRouter.js
FNF:0
FNH:0
DA:12,1
DA:13,1
DA:15,1
DA:16,1
DA:19,1
DA:20,1
DA:21,1
DA:24,0
DA:29,1
DA:30,1
DA:31,1
DA:34,0
DA:39,1
DA:40,1
DA:42,1
DA:55,1
DA:58,0
DA:64,1
DA:65,0
DA:66,0
DA:69,0
DA:76,1
LF:22
LH:16
BRF:0
BRH:0
end_of_record
TN:
SF:/Users/je10617/Desktop/express-authenticate/files/index.js
FN:26,removeVariables
FN:48,removeVariables
FN:52,(anonymous_3)
FNF:3
FNH:3
FNDA:2,removeVariables
FNDA:1,removeVariables
FNDA:1,(anonymous_3)
DA:2,1
DA:3,1
DA:4,1
DA:5,1
DA:6,1
DA:7,1
DA:8,1
DA:12,1
DA:16,1
DA:18,1
DA:23,1
DA:26,1
DA:27,2
DA:30,2
DA:31,2
DA:32,2
DA:34,2
DA:36,0
DA:37,0
DA:46,1
DA:48,1
DA:49,1
DA:50,1
DA:52,1
DA:53,1
DA:56,1
DA:59,1
DA:60,1
DA:61,1
DA:63,0
DA:64,0
DA:68,0
DA:69,0
DA:78,1
DA:80,0
DA:89,1
DA:91,1
DA:92,1
DA:94,1
DA:95,0
DA:96,0
DA:97,0
DA:98,0
DA:102,1
DA:103,1
DA:104,1
DA:105,1
DA:108,0
DA:112,0
DA:117,1
DA:118,1
DA:121,1
DA:122,9
DA:126,1
DA:133,1
DA:135,2
DA:136,2
DA:138,2
DA:139,0
DA:140,0
DA:141,0
DA:142,0
DA:147,2
DA:149,2
DA:151,2
DA:152,1
DA:153,1
DA:154,1
DA:155,1
DA:158,0
DA:162,0
DA:167,1
DA:168,1
DA:171,0
DA:177,2
DA:178,1
DA:179,1
DA:184,2
DA:185,20
DA:189,2
DA:198,1
DA:199,1
DA:203,1
LF:83
LH:63
BRDA:31,1,0,1
BRDA:31,1,1,1
BRDA:151,2,0,1
BRDA:151,2,1,1
BRDA:178,3,0,1
BRDA:178,3,1,0
BRF:6
BRH:5
end_of_record
TN:
SF:/Users/je10617/Desktop/express-authenticate/users/modify.js
FN:50,deleteReferences
FNF:1
FNH:0
FNDA:0,deleteReferences
DA:2,1
DA:4,1
DA:5,1
DA:8,1
DA:10,1
DA:11,1
DA:12,1
DA:16,1
DA:20,0
DA:21,0
DA:24,0
DA:30,1
DA:31,0
DA:35,0
DA:36,0
DA:39,0
DA:44,1
DA:45,0
DA:46,0
DA:47,0
DA:50,1
DA:51,0
DA:52,0
DA:53,0
DA:54,0
DA:62,0
DA:63,0
DA:64,0
DA:69,0
DA:70,0
DA:71,0
DA:72,0
DA:73,0
DA:76,0
DA:77,0
DA:81,0
DA:82,0
DA:85,0
DA:86,0
DA:87,0
DA:90,0
DA:97,1
LF:42
LH:12
BRF:0
BRH:0
end_of_record
TN:
SF:/Users/je10617/Desktop/express-authenticate/users/get.js
FNF:0
FNH:0
DA:2,1
DA:4,1
DA:6,1
DA:9,1
DA:10,0
DA:11,0
DA:14,0
DA:22,1
LF:8
LH:5
BRF:0
BRH:0
end_of_record
TN:
SF:/Users/je10617/Desktop/express-authenticate/authentication/middleware.js
FN:19,(anonymous_1)
FNF:1
FNH:1
FNDA:6,(anonymous_1)
DA:3,1
DA:4,1
DA:5,1
DA:19,1
DA:21,6
DA:23,0
DA:34,6
DA:35,6
DA:37,6
DA:38,0
DA:48,6
DA:52,6
LF:12
LH:10
BRDA:21,1,0,0
BRDA:21,1,1,6
BRDA:37,2,0,0
BRDA:37,2,1,6
BRF:4
BRH:2
end_of_record
