TN:
SF:/Users/je10617/Desktop/express-authenticate/server.js
FN:33,(anonymous_1)
FNF:1
FNH:1
FNDA:12,(anonymous_1)
DA:6,1
DA:7,1
DA:8,1
DA:9,1
DA:11,1
DA:12,1
DA:17,1
DA:20,1
DA:23,1
DA:27,1
DA:33,1
DA:34,12
DA:35,12
DA:36,12
DA:40,1
DA:47,1
DA:51,1
DA:52,7
DA:57,1
DA:58,1
DA:59,1
DA:64,1
DA:65,1
DA:74,1
LF:24
LH:24
BRDA:9,1,0,1
BRDA:9,1,1,0
BRF:2
BRH:1
end_of_record
TN:
SF:/Users/je10617/Desktop/express-authenticate/authentication/index.js
FNF:0
FNH:0
DA:1,1
DA:4,1
DA:7,1
DA:14,1
DA:21,1
LF:5
LH:5
BRF:0
BRH:0
end_of_record
TN:
SF:/Users/je10617/Desktop/express-authenticate/authentication/coreFunctions.js
FN:14,createToken
FN:29,existeUsuario
FN:30,(anonymous_3)
FN:61,(anonymous_4)
FNF:4
FNH:3
FNDA:0,createToken
FNDA:2,existeUsuario
FNDA:2,(anonymous_3)
FNDA:2,(anonymous_4)
DA:2,1
DA:3,1
DA:4,1
DA:6,1
DA:7,1
DA:9,1
DA:14,1
DA:15,0
DA:21,0
DA:29,1
DA:30,2
DA:31,2
DA:32,2
DA:35,2
DA:37,0
DA:38,0
DA:39,0
DA:40,0
DA:44,0
DA:49,0
DA:61,1
DA:63,2
DA:66,0
DA:70,0
DA:79,0
DA:86,2
LF:26
LH:15
BRDA:32,1,0,2
BRDA:32,1,1,0
BRDA:37,2,0,0
BRDA:37,2,1,0
BRF:4
BRH:1
end_of_record
TN:
SF:/Users/je10617/Desktop/express-authenticate/authentication/config.js
FNF:0
FNH:0
DA:2,1
LF:1
LH:1
BRDA:3,1,0,1
BRDA:3,1,1,1
BRF:2
BRH:2
end_of_record
TN:
SF:/Users/je10617/Desktop/express-authenticate/db/coreFunctions.js
FN:15,(anonymous_1)
FN:25,(anonymous_2)
FN:43,(anonymous_3)
FN:54,logActions
FN:67,createCompatibilityTableForInsertCourseQuery
FN:82,startConnection
FN:93,finishConnection
FN:102,sendQuery
FN:103,(anonymous_9)
FN:106,(anonymous_10)
FN:119,(anonymous_11)
FNF:11
FNH:8
FNDA:0,(anonymous_1)
FNDA:1,(anonymous_2)
FNDA:41,(anonymous_3)
FNDA:2,logActions
FNDA:0,createCompatibilityTableForInsertCourseQuery
FNDA:1,startConnection
FNDA:0,finishConnection
FNDA:40,sendQuery
FNDA:40,(anonymous_9)
FNDA:39,(anonymous_10)
FNDA:39,(anonymous_11)
DA:8,1
DA:9,1
DA:10,1
DA:12,1
DA:15,1
DA:17,0
DA:25,1
DA:26,1
DA:27,1
DA:28,1
DA:29,3
DA:30,3
DA:31,2
DA:33,3
DA:35,1
DA:36,1
DA:38,1
DA:43,1
DA:44,41
DA:45,566
DA:46,566
DA:50,41
DA:54,1
DA:55,2
DA:56,2
DA:57,2
DA:58,2
DA:59,1
DA:62,0
DA:67,1
DA:68,0
DA:69,0
DA:71,0
DA:73,0
DA:75,0
DA:82,1
DA:83,1
DA:84,1
DA:93,1
DA:94,0
DA:102,1
DA:103,40
DA:106,40
DA:109,39
DA:110,0
DA:113,39
DA:114,1
DA:115,1
DA:117,38
DA:119,39
DA:122,39
DA:123,0
DA:127,39
DA:130,39
DA:139,1
LF:55
LH:45
BRDA:30,1,0,2
BRDA:30,1,1,1
BRDA:45,2,0,566
BRDA:45,2,1,0
BRDA:46,3,0,156
BRDA:46,3,1,410
BRDA:46,4,0,161
BRDA:46,4,1,249
BRDA:71,5,0,0
BRDA:71,5,1,0
BRDA:83,6,0,1
BRDA:83,6,1,0
BRDA:109,7,0,0
BRDA:109,7,1,39
BRDA:109,8,0,39
BRDA:109,8,1,39
BRDA:110,9,0,0
BRDA:110,9,1,0
BRDA:113,10,0,1
BRDA:113,10,1,38
BRDA:122,11,0,0
BRDA:122,11,1,39
BRF:22
BRH:14
end_of_record
TN:
SF:/Users/je10617/Desktop/express-authenticate/files/fileFunctions.js
FN:56,removeVariables
FNF:1
FNH:1
FNDA:2,removeVariables
DA:3,1
DA:6,1
DA:7,1
DA:8,1
DA:11,1
DA:12,4
DA:17,1
DA:18,2
DA:19,2
DA:20,2
DA:21,2
DA:22,2
DA:23,2
DA:29,1
DA:30,2
DA:31,2
DA:32,2
DA:35,0
DA:39,1
DA:41,2
DA:43,0
DA:45,2
DA:51,1
DA:52,2
DA:53,2
DA:54,2
DA:56,1
DA:57,2
DA:58,2
DA:59,2
DA:62,2
DA:63,2
DA:65,2
DA:66,2
DA:71,2
DA:73,2
DA:74,2
DA:75,2
DA:79,0
DA:80,0
DA:81,0
DA:86,2
DA:87,2
DA:88,2
DA:89,2
DA:92,0
DA:93,0
DA:96,0
DA:97,0
DA:105,1
DA:107,0
DA:108,0
DA:110,0
DA:112,0
DA:113,0
DA:116,0
DA:119,0
DA:124,0
DA:133,1
DA:135,0
DA:139,0
DA:141,0
DA:144,0
DA:147,0
DA:155,1
LF:65
LH:43
BRDA:19,1,0,2
BRDA:19,1,1,0
BRDA:20,2,0,2
BRDA:20,2,1,0
BRDA:21,3,0,0
BRDA:21,3,1,2
BRDA:22,4,0,0
BRDA:22,4,1,2
BRDA:31,5,0,2
BRDA:31,5,1,0
BRDA:41,6,0,0
BRDA:41,6,1,2
BRDA:63,7,0,2
BRDA:63,7,1,0
BRDA:71,8,0,2
BRDA:71,8,1,0
BRF:16
BRH:8
end_of_record
TN:
SF:/Users/je10617/Desktop/express-authenticate/files/FTP.js
FN:14,checkIfDirExists
FN:24,createDir
FN:37,createFile
FN:40,(anonymous_4)
FN:52,FTPDisconnect
FN:60,(anonymous_6)
FN:70,(anonymous_7)
FN:73,(anonymous_8)
FN:121,(anonymous_9)
FN:126,(anonymous_10)
FN:131,(anonymous_11)
FN:133,(anonymous_12)
FNF:12
FNH:9
FNDA:2,checkIfDirExists
FNDA:2,createDir
FNDA:2,createFile
FNDA:2,(anonymous_4)
FNDA:2,FTPDisconnect
FNDA:0,(anonymous_6)
FNDA:0,(anonymous_7)
FNDA:0,(anonymous_8)
FNDA:2,(anonymous_9)
FNDA:2,(anonymous_10)
FNDA:2,(anonymous_11)
FNDA:2,(anonymous_12)
DA:6,1
DA:7,1
DA:8,1
DA:9,1
DA:10,1
DA:11,1
DA:14,1
DA:15,2
DA:16,4
DA:17,0
DA:20,2
DA:24,1
DA:25,2
DA:26,2
DA:27,2
DA:28,0
DA:30,2
DA:37,1
DA:38,2
DA:40,2
DA:41,2
DA:42,0
DA:43,0
DA:45,2
DA:52,1
DA:53,2
DA:54,2
DA:60,1
DA:62,0
DA:65,0
DA:67,0
DA:70,0
DA:73,0
DA:76,0
DA:77,0
DA:78,0
DA:82,0
DA:85,0
DA:86,0
DA:87,0
DA:88,0
DA:92,0
DA:93,0
DA:94,0
DA:97,0
DA:98,0
DA:99,0
DA:103,0
DA:107,0
DA:121,1
DA:124,2
DA:126,2
DA:131,2
DA:133,2
DA:135,2
DA:136,0
DA:139,2
DA:141,0
DA:142,0
DA:143,0
DA:146,0
DA:147,0
DA:151,2
DA:152,2
DA:153,2
DA:154,2
DA:157,0
DA:158,0
DA:159,0
DA:163,0
DA:164,0
DA:172,2
DA:173,0
LF:73
LH:36
BRDA:16,1,0,0
BRDA:16,1,1,4
BRDA:27,2,0,0
BRDA:27,2,1,2
BRDA:41,3,0,0
BRDA:41,3,1,2
BRDA:76,4,0,0
BRDA:76,4,1,0
BRDA:82,5,0,0
BRDA:82,5,1,0
BRDA:86,6,0,0
BRDA:86,6,1,0
BRDA:135,7,0,0
BRDA:135,7,1,2
BRDA:139,8,0,0
BRDA:139,8,1,2
BRF:16
BRH:5
end_of_record
TN:
SF:/Users/je10617/Desktop/express-authenticate/db/index.js
FNF:0
FNH:0
DA:2,1
DA:5,1
DA:7,1
DA:10,1
DA:11,1
DA:15,1
DA:24,1
LF:7
LH:7
BRF:0
BRH:0
end_of_record
TN:
SF:/Users/je10617/Desktop/express-authenticate/db/routes/courseRouter.js
FNF:0
FNH:0
DA:12,1
DA:13,1
DA:15,1
DA:16,1
DA:19,1
DA:20,1
DA:22,1
DA:23,1
DA:24,26
DA:27,1
DA:28,1
DA:29,26
DA:31,1
DA:35,0
DA:39,0
DA:44,1
DA:45,1
DA:46,1
DA:49,0
DA:54,1
DA:55,1
DA:57,1
DA:72,1
DA:75,0
DA:81,1
DA:82,1
DA:83,1
DA:86,0
DA:92,1
DA:95,0
DA:98,0
DA:101,0
DA:108,1
LF:33
LH:25
BRF:0
BRH:0
end_of_record
TN:
SF:/Users/je10617/Desktop/express-authenticate/files/index.js
FN:26,removeVariables
FN:48,removeVariables
FN:52,(anonymous_3)
FNF:3
FNH:3
FNDA:2,removeVariables
FNDA:1,removeVariables
FNDA:1,(anonymous_3)
DA:2,1
DA:3,1
DA:4,1
DA:5,1
DA:6,1
DA:7,1
DA:8,1
DA:12,1
DA:16,1
DA:18,1
DA:23,1
DA:26,1
DA:27,2
DA:30,2
DA:31,2
DA:32,2
DA:34,2
DA:36,0
DA:37,0
DA:46,1
DA:48,1
DA:49,1
DA:50,1
DA:52,1
DA:53,1
DA:56,1
DA:59,1
DA:60,1
DA:61,1
DA:63,0
DA:64,0
DA:68,0
DA:69,0
DA:78,1
DA:80,0
DA:89,1
DA:90,1
DA:91,1
DA:93,1
DA:94,0
DA:95,0
DA:96,0
DA:97,0
DA:101,1
DA:102,1
DA:103,1
DA:105,1
DA:108,0
DA:112,0
DA:117,1
DA:118,1
DA:121,1
DA:122,9
DA:126,1
DA:133,1
DA:135,2
DA:136,2
DA:138,2
DA:139,0
DA:140,0
DA:141,0
DA:142,0
DA:147,2
DA:149,2
DA:151,2
DA:152,1
DA:153,1
DA:154,1
DA:157,0
DA:161,0
DA:166,1
DA:167,1
DA:170,0
DA:176,2
DA:177,1
DA:178,1
DA:183,2
DA:184,20
DA:188,2
DA:197,1
DA:198,1
DA:202,1
LF:82
LH:62
BRDA:31,1,0,1
BRDA:31,1,1,1
BRDA:151,2,0,1
BRDA:151,2,1,1
BRDA:177,3,0,1
BRDA:177,3,1,0
BRF:6
BRH:5
end_of_record
TN:
SF:/Users/je10617/Desktop/express-authenticate/users/modify.js
FN:14,(anonymous_1)
FN:63,deleteReferences
FNF:2
FNH:1
FNDA:2,(anonymous_1)
FNDA:0,deleteReferences
DA:2,1
DA:4,1
DA:5,1
DA:8,1
DA:10,1
DA:11,1
DA:12,1
DA:14,1
DA:16,2
DA:24,1
DA:28,1
DA:30,1
DA:32,1
DA:35,0
DA:41,1
DA:45,1
DA:47,1
DA:49,1
DA:52,0
DA:57,1
DA:58,0
DA:59,0
DA:60,0
DA:63,1
DA:64,0
DA:65,0
DA:66,0
DA:67,0
DA:75,0
DA:76,0
DA:77,0
DA:82,0
DA:83,0
DA:84,0
DA:85,0
DA:87,0
DA:89,0
DA:92,0
DA:93,0
DA:97,0
DA:98,0
DA:101,0
DA:102,0
DA:103,0
DA:106,0
DA:113,1
LF:46
LH:20
BRF:0
BRH:0
end_of_record
TN:
SF:/Users/je10617/Desktop/express-authenticate/users/get.js
FNF:0
FNH:0
DA:2,1
DA:4,1
DA:6,1
DA:9,1
DA:10,0
DA:11,0
DA:14,0
DA:22,1
LF:8
LH:5
BRF:0
BRH:0
end_of_record
TN:
SF:/Users/je10617/Desktop/express-authenticate/authentication/middleware.js
FN:19,(anonymous_1)
FNF:1
FNH:1
FNDA:9,(anonymous_1)
DA:3,1
DA:4,1
DA:5,1
DA:19,1
DA:21,9
DA:23,0
DA:34,9
DA:35,9
DA:37,9
DA:38,0
DA:48,9
DA:52,9
LF:12
LH:10
BRDA:21,1,0,0
BRDA:21,1,1,9
BRDA:37,2,0,0
BRDA:37,2,1,9
BRF:4
BRH:2
end_of_record
